[2023-11-06 12:28:32] local.ERROR: Unable to resolve dependency [Parameter #1 [ <required> $title ]] in class App\Http\Controllers\FirebaseController {"exception":"[object] (Illuminate\\Contracts\\Container\\BindingResolutionException(code: 0): Unable to resolve dependency [Parameter #1 [ <required> $title ]] in class App\\Http\\Controllers\\FirebaseController at D:\\ThucTap\\Lumen\\DuAnThucTap_TP-CDS\\OrderEats\\vendor\\illuminate\\container\\BoundMethod.php:190)
[stacktrace]
#0 D:\\ThucTap\\Lumen\\DuAnThucTap_TP-CDS\\OrderEats\\vendor\\illuminate\\container\\BoundMethod.php(124): Illuminate\\Container\\BoundMethod::addDependencyForCallParameter(Object(Laravel\\Lumen\\Application), Object(ReflectionParameter), Array, Array)
#1 D:\\ThucTap\\Lumen\\DuAnThucTap_TP-CDS\\OrderEats\\vendor\\illuminate\\container\\BoundMethod.php(36): Illuminate\\Container\\BoundMethod::getMethodDependencies(Object(Laravel\\Lumen\\Application), Array, Array)
#2 D:\\ThucTap\\Lumen\\DuAnThucTap_TP-CDS\\OrderEats\\vendor\\illuminate\\container\\Util.php(40): Illuminate\\Container\\BoundMethod::Illuminate\\Container\\{closure}()
#3 D:\\ThucTap\\Lumen\\DuAnThucTap_TP-CDS\\OrderEats\\vendor\\illuminate\\container\\BoundMethod.php(93): Illuminate\\Container\\Util::unwrapIfClosure(Object(Closure))
#4 D:\\ThucTap\\Lumen\\DuAnThucTap_TP-CDS\\OrderEats\\vendor\\illuminate\\container\\BoundMethod.php(37): Illuminate\\Container\\BoundMethod::callBoundMethod(Object(Laravel\\Lumen\\Application), Array, Object(Closure))
#5 D:\\ThucTap\\Lumen\\DuAnThucTap_TP-CDS\\OrderEats\\vendor\\illuminate\\container\\Container.php(653): Illuminate\\Container\\BoundMethod::call(Object(Laravel\\Lumen\\Application), Array, Array, NULL)
#6 D:\\ThucTap\\Lumen\\DuAnThucTap_TP-CDS\\OrderEats\\vendor\\laravel\\lumen-framework\\src\\Concerns\\RoutesRequests.php(389): Illuminate\\Container\\Container->call(Array, Array)
#7 D:\\ThucTap\\Lumen\\DuAnThucTap_TP-CDS\\OrderEats\\vendor\\laravel\\lumen-framework\\src\\Concerns\\RoutesRequests.php(355): Laravel\\Lumen\\Application->callControllerCallable(Array, Array)
#8 D:\\ThucTap\\Lumen\\DuAnThucTap_TP-CDS\\OrderEats\\vendor\\laravel\\lumen-framework\\src\\Concerns\\RoutesRequests.php(329): Laravel\\Lumen\\Application->callLumenController(Object(App\\Http\\Controllers\\FirebaseController), 'sendNotificatio...', Array)
#9 D:\\ThucTap\\Lumen\\DuAnThucTap_TP-CDS\\OrderEats\\vendor\\laravel\\lumen-framework\\src\\Concerns\\RoutesRequests.php(282): Laravel\\Lumen\\Application->callControllerAction(Array)
#10 D:\\ThucTap\\Lumen\\DuAnThucTap_TP-CDS\\OrderEats\\vendor\\laravel\\lumen-framework\\src\\Concerns\\RoutesRequests.php(267): Laravel\\Lumen\\Application->callActionOnArrayBasedRoute(Array)
#11 D:\\ThucTap\\Lumen\\DuAnThucTap_TP-CDS\\OrderEats\\vendor\\laravel\\lumen-framework\\src\\Concerns\\RoutesRequests.php(237): Laravel\\Lumen\\Application->handleFoundRoute(Array)
#12 D:\\ThucTap\\Lumen\\DuAnThucTap_TP-CDS\\OrderEats\\vendor\\laravel\\lumen-framework\\src\\Concerns\\RoutesRequests.php(173): Laravel\\Lumen\\Application->handleDispatcherResponse(Array)
#13 D:\\ThucTap\\Lumen\\DuAnThucTap_TP-CDS\\OrderEats\\vendor\\laravel\\lumen-framework\\src\\Routing\\Pipeline.php(48): Laravel\\Lumen\\Application->Laravel\\Lumen\\Concerns\\{closure}(Object(Laravel\\Lumen\\Http\\Request))
#14 D:\\ThucTap\\Lumen\\DuAnThucTap_TP-CDS\\OrderEats\\app\\Http\\Middleware\\ExampleMiddleware.php(18): Laravel\\Lumen\\Routing\\Pipeline->Laravel\\Lumen\\Routing\\{closure}(Object(Laravel\\Lumen\\Http\\Request))
#15 D:\\ThucTap\\Lumen\\DuAnThucTap_TP-CDS\\OrderEats\\vendor\\illuminate\\pipeline\\Pipeline.php(167): App\\Http\\Middleware\\ExampleMiddleware->handle(Object(Laravel\\Lumen\\Http\\Request), Object(Closure))
#16 D:\\ThucTap\\Lumen\\DuAnThucTap_TP-CDS\\OrderEats\\vendor\\laravel\\lumen-framework\\src\\Routing\\Pipeline.php(30): Illuminate\\Pipeline\\Pipeline->Illuminate\\Pipeline\\{closure}(Object(Laravel\\Lumen\\Http\\Request))
#17 D:\\ThucTap\\Lumen\\DuAnThucTap_TP-CDS\\OrderEats\\vendor\\illuminate\\pipeline\\Pipeline.php(103): Laravel\\Lumen\\Routing\\Pipeline->Laravel\\Lumen\\Routing\\{closure}(Object(Laravel\\Lumen\\Http\\Request))
#18 D:\\ThucTap\\Lumen\\DuAnThucTap_TP-CDS\\OrderEats\\vendor\\laravel\\lumen-framework\\src\\Concerns\\RoutesRequests.php(426): Illuminate\\Pipeline\\Pipeline->then(Object(Closure))
#19 D:\\ThucTap\\Lumen\\DuAnThucTap_TP-CDS\\OrderEats\\vendor\\laravel\\lumen-framework\\src\\Concerns\\RoutesRequests.php(175): Laravel\\Lumen\\Application->sendThroughPipeline(Array, Object(Closure))
#20 D:\\ThucTap\\Lumen\\DuAnThucTap_TP-CDS\\OrderEats\\vendor\\laravel\\lumen-framework\\src\\Concerns\\RoutesRequests.php(112): Laravel\\Lumen\\Application->dispatch(NULL)
#21 D:\\ThucTap\\Lumen\\DuAnThucTap_TP-CDS\\OrderEats\\public\\index.php(28): Laravel\\Lumen\\Application->run()
#22 {main}
"} 
