[2023-11-01 07:21:10] local.ERROR: syntax error, unexpected token "<<", expecting end of file {"exception":"[object] (ParseError(code: 0): syntax error, unexpected token \"<<\", expecting end of file at C:\\xampp\\htdocs\\DuAnThucTap_TP-CDS\\OrderEats\\routes\\web.php:56)
[stacktrace]
#0 C:\\xampp\\htdocs\\DuAnThucTap_TP-CDS\\OrderEats\\vendor\\laravel\\lumen-framework\\src\\Routing\\Router.php(62): {closure}(Object(Laravel\\Lumen\\Routing\\Router))
#1 C:\\xampp\\htdocs\\DuAnThucTap_TP-CDS\\OrderEats\\bootstrap\\app.php(117): Laravel\\Lumen\\Routing\\Router->group(Array, Object(Closure))
#2 C:\\xampp\\htdocs\\DuAnThucTap_TP-CDS\\OrderEats\\artisan(18): require('C:\\\\xampp\\\\htdocs...')
#3 {main}
"} 
[2023-11-01 07:22:52] local.ERROR: Class "App\Http\Controllers\DB" not found {"exception":"[object] (Error(code: 0): Class \"App\\Http\\Controllers\\DB\" not found at C:\\xampp\\htdocs\\DuAnThucTap_TP-CDS\\OrderEats\\app\\Http\\Controllers\\ShipperCheckOrderController.php:163)
[stacktrace]
#0 C:\\xampp\\htdocs\\DuAnThucTap_TP-CDS\\OrderEats\\app\\Http\\Controllers\\ShipperCheckOrderController.php(156): App\\Http\\Controllers\\ShipperCheckOrderController->createActivityLog(5, 'Nh\\xE1\\xBA\\xADn \\xC4\\x91\\xC6\\xA1n h\\xC3...')
#1 C:\\xampp\\htdocs\\DuAnThucTap_TP-CDS\\OrderEats\\vendor\\illuminate\\container\\BoundMethod.php(36): App\\Http\\Controllers\\ShipperCheckOrderController->update(Object(Laravel\\Lumen\\Http\\Request), '14')
#2 C:\\xampp\\htdocs\\DuAnThucTap_TP-CDS\\OrderEats\\vendor\\illuminate\\container\\Util.php(40): Illuminate\\Container\\BoundMethod::Illuminate\\Container\\{closure}()
#3 C:\\xampp\\htdocs\\DuAnThucTap_TP-CDS\\OrderEats\\vendor\\illuminate\\container\\BoundMethod.php(93): Illuminate\\Container\\Util::unwrapIfClosure(Object(Closure))
#4 C:\\xampp\\htdocs\\DuAnThucTap_TP-CDS\\OrderEats\\vendor\\illuminate\\container\\BoundMethod.php(37): Illuminate\\Container\\BoundMethod::callBoundMethod(Object(Laravel\\Lumen\\Application), Array, Object(Closure))
#5 C:\\xampp\\htdocs\\DuAnThucTap_TP-CDS\\OrderEats\\vendor\\illuminate\\container\\Container.php(653): Illuminate\\Container\\BoundMethod::call(Object(Laravel\\Lumen\\Application), Array, Array, NULL)
#6 C:\\xampp\\htdocs\\DuAnThucTap_TP-CDS\\OrderEats\\vendor\\laravel\\lumen-framework\\src\\Concerns\\RoutesRequests.php(389): Illuminate\\Container\\Container->call(Array, Array)
#7 C:\\xampp\\htdocs\\DuAnThucTap_TP-CDS\\OrderEats\\vendor\\laravel\\lumen-framework\\src\\Concerns\\RoutesRequests.php(355): Laravel\\Lumen\\Application->callControllerCallable(Array, Array)
#8 C:\\xampp\\htdocs\\DuAnThucTap_TP-CDS\\OrderEats\\vendor\\laravel\\lumen-framework\\src\\Concerns\\RoutesRequests.php(329): Laravel\\Lumen\\Application->callLumenController(Object(App\\Http\\Controllers\\ShipperCheckOrderController), 'update', Array)
#9 C:\\xampp\\htdocs\\DuAnThucTap_TP-CDS\\OrderEats\\vendor\\laravel\\lumen-framework\\src\\Concerns\\RoutesRequests.php(282): Laravel\\Lumen\\Application->callControllerAction(Array)
#10 C:\\xampp\\htdocs\\DuAnThucTap_TP-CDS\\OrderEats\\vendor\\laravel\\lumen-framework\\src\\Concerns\\RoutesRequests.php(267): Laravel\\Lumen\\Application->callActionOnArrayBasedRoute(Array)
#11 C:\\xampp\\htdocs\\DuAnThucTap_TP-CDS\\OrderEats\\vendor\\laravel\\lumen-framework\\src\\Concerns\\RoutesRequests.php(237): Laravel\\Lumen\\Application->handleFoundRoute(Array)
#12 C:\\xampp\\htdocs\\DuAnThucTap_TP-CDS\\OrderEats\\vendor\\laravel\\lumen-framework\\src\\Concerns\\RoutesRequests.php(173): Laravel\\Lumen\\Application->handleDispatcherResponse(Array)
#13 C:\\xampp\\htdocs\\DuAnThucTap_TP-CDS\\OrderEats\\vendor\\laravel\\lumen-framework\\src\\Routing\\Pipeline.php(48): Laravel\\Lumen\\Application->Laravel\\Lumen\\Concerns\\{closure}(Object(Laravel\\Lumen\\Http\\Request))
#14 C:\\xampp\\htdocs\\DuAnThucTap_TP-CDS\\OrderEats\\app\\Http\\Middleware\\ExampleMiddleware.php(18): Laravel\\Lumen\\Routing\\Pipeline->Laravel\\Lumen\\Routing\\{closure}(Object(Laravel\\Lumen\\Http\\Request))
#15 C:\\xampp\\htdocs\\DuAnThucTap_TP-CDS\\OrderEats\\vendor\\illuminate\\pipeline\\Pipeline.php(167): App\\Http\\Middleware\\ExampleMiddleware->handle(Object(Laravel\\Lumen\\Http\\Request), Object(Closure))
#16 C:\\xampp\\htdocs\\DuAnThucTap_TP-CDS\\OrderEats\\vendor\\laravel\\lumen-framework\\src\\Routing\\Pipeline.php(30): Illuminate\\Pipeline\\Pipeline->Illuminate\\Pipeline\\{closure}(Object(Laravel\\Lumen\\Http\\Request))
#17 C:\\xampp\\htdocs\\DuAnThucTap_TP-CDS\\OrderEats\\vendor\\illuminate\\pipeline\\Pipeline.php(103): Laravel\\Lumen\\Routing\\Pipeline->Laravel\\Lumen\\Routing\\{closure}(Object(Laravel\\Lumen\\Http\\Request))
#18 C:\\xampp\\htdocs\\DuAnThucTap_TP-CDS\\OrderEats\\vendor\\laravel\\lumen-framework\\src\\Concerns\\RoutesRequests.php(426): Illuminate\\Pipeline\\Pipeline->then(Object(Closure))
#19 C:\\xampp\\htdocs\\DuAnThucTap_TP-CDS\\OrderEats\\vendor\\laravel\\lumen-framework\\src\\Concerns\\RoutesRequests.php(175): Laravel\\Lumen\\Application->sendThroughPipeline(Array, Object(Closure))
#20 C:\\xampp\\htdocs\\DuAnThucTap_TP-CDS\\OrderEats\\vendor\\laravel\\lumen-framework\\src\\Concerns\\RoutesRequests.php(112): Laravel\\Lumen\\Application->dispatch(NULL)
#21 C:\\xampp\\htdocs\\DuAnThucTap_TP-CDS\\OrderEats\\public\\index.php(28): Laravel\\Lumen\\Application->run()
#22 {main}
"} 
[2023-11-01 07:23:45] local.ERROR: Symfony\Component\HttpFoundation\JsonResponse::__construct(): Argument #2 ($status) must be of type int, array given, called in C:\xampp\htdocs\DuAnThucTap_TP-CDS\OrderEats\vendor\illuminate\http\JsonResponse.php on line 32 {"exception":"[object] (TypeError(code: 0): Symfony\\Component\\HttpFoundation\\JsonResponse::__construct(): Argument #2 ($status) must be of type int, array given, called in C:\\xampp\\htdocs\\DuAnThucTap_TP-CDS\\OrderEats\\vendor\\illuminate\\http\\JsonResponse.php on line 32 at C:\\xampp\\htdocs\\DuAnThucTap_TP-CDS\\OrderEats\\vendor\\symfony\\http-foundation\\JsonResponse.php:42)
[stacktrace]
#0 C:\\xampp\\htdocs\\DuAnThucTap_TP-CDS\\OrderEats\\vendor\\illuminate\\http\\JsonResponse.php(32): Symfony\\Component\\HttpFoundation\\JsonResponse->__construct(Object(App\\Models\\Orders), Array, Array, false)
#1 C:\\xampp\\htdocs\\DuAnThucTap_TP-CDS\\OrderEats\\vendor\\laravel\\lumen-framework\\src\\Http\\ResponseFactory.php(40): Illuminate\\Http\\JsonResponse->__construct(Object(App\\Models\\Orders), Array, Array, 0)
#2 C:\\xampp\\htdocs\\DuAnThucTap_TP-CDS\\OrderEats\\app\\Http\\Controllers\\ShipperCheckOrderController.php(159): Laravel\\Lumen\\Http\\ResponseFactory->json(Object(App\\Models\\Orders), Array)
#3 C:\\xampp\\htdocs\\DuAnThucTap_TP-CDS\\OrderEats\\vendor\\illuminate\\container\\BoundMethod.php(36): App\\Http\\Controllers\\ShipperCheckOrderController->update(Object(Laravel\\Lumen\\Http\\Request), '14')
#4 C:\\xampp\\htdocs\\DuAnThucTap_TP-CDS\\OrderEats\\vendor\\illuminate\\container\\Util.php(40): Illuminate\\Container\\BoundMethod::Illuminate\\Container\\{closure}()
#5 C:\\xampp\\htdocs\\DuAnThucTap_TP-CDS\\OrderEats\\vendor\\illuminate\\container\\BoundMethod.php(93): Illuminate\\Container\\Util::unwrapIfClosure(Object(Closure))
#6 C:\\xampp\\htdocs\\DuAnThucTap_TP-CDS\\OrderEats\\vendor\\illuminate\\container\\BoundMethod.php(37): Illuminate\\Container\\BoundMethod::callBoundMethod(Object(Laravel\\Lumen\\Application), Array, Object(Closure))
#7 C:\\xampp\\htdocs\\DuAnThucTap_TP-CDS\\OrderEats\\vendor\\illuminate\\container\\Container.php(653): Illuminate\\Container\\BoundMethod::call(Object(Laravel\\Lumen\\Application), Array, Array, NULL)
#8 C:\\xampp\\htdocs\\DuAnThucTap_TP-CDS\\OrderEats\\vendor\\laravel\\lumen-framework\\src\\Concerns\\RoutesRequests.php(389): Illuminate\\Container\\Container->call(Array, Array)
#9 C:\\xampp\\htdocs\\DuAnThucTap_TP-CDS\\OrderEats\\vendor\\laravel\\lumen-framework\\src\\Concerns\\RoutesRequests.php(355): Laravel\\Lumen\\Application->callControllerCallable(Array, Array)
#10 C:\\xampp\\htdocs\\DuAnThucTap_TP-CDS\\OrderEats\\vendor\\laravel\\lumen-framework\\src\\Concerns\\RoutesRequests.php(329): Laravel\\Lumen\\Application->callLumenController(Object(App\\Http\\Controllers\\ShipperCheckOrderController), 'update', Array)
#11 C:\\xampp\\htdocs\\DuAnThucTap_TP-CDS\\OrderEats\\vendor\\laravel\\lumen-framework\\src\\Concerns\\RoutesRequests.php(282): Laravel\\Lumen\\Application->callControllerAction(Array)
#12 C:\\xampp\\htdocs\\DuAnThucTap_TP-CDS\\OrderEats\\vendor\\laravel\\lumen-framework\\src\\Concerns\\RoutesRequests.php(267): Laravel\\Lumen\\Application->callActionOnArrayBasedRoute(Array)
#13 C:\\xampp\\htdocs\\DuAnThucTap_TP-CDS\\OrderEats\\vendor\\laravel\\lumen-framework\\src\\Concerns\\RoutesRequests.php(237): Laravel\\Lumen\\Application->handleFoundRoute(Array)
#14 C:\\xampp\\htdocs\\DuAnThucTap_TP-CDS\\OrderEats\\vendor\\laravel\\lumen-framework\\src\\Concerns\\RoutesRequests.php(173): Laravel\\Lumen\\Application->handleDispatcherResponse(Array)
#15 C:\\xampp\\htdocs\\DuAnThucTap_TP-CDS\\OrderEats\\vendor\\laravel\\lumen-framework\\src\\Routing\\Pipeline.php(48): Laravel\\Lumen\\Application->Laravel\\Lumen\\Concerns\\{closure}(Object(Laravel\\Lumen\\Http\\Request))
#16 C:\\xampp\\htdocs\\DuAnThucTap_TP-CDS\\OrderEats\\app\\Http\\Middleware\\ExampleMiddleware.php(18): Laravel\\Lumen\\Routing\\Pipeline->Laravel\\Lumen\\Routing\\{closure}(Object(Laravel\\Lumen\\Http\\Request))
#17 C:\\xampp\\htdocs\\DuAnThucTap_TP-CDS\\OrderEats\\vendor\\illuminate\\pipeline\\Pipeline.php(167): App\\Http\\Middleware\\ExampleMiddleware->handle(Object(Laravel\\Lumen\\Http\\Request), Object(Closure))
#18 C:\\xampp\\htdocs\\DuAnThucTap_TP-CDS\\OrderEats\\vendor\\laravel\\lumen-framework\\src\\Routing\\Pipeline.php(30): Illuminate\\Pipeline\\Pipeline->Illuminate\\Pipeline\\{closure}(Object(Laravel\\Lumen\\Http\\Request))
#19 C:\\xampp\\htdocs\\DuAnThucTap_TP-CDS\\OrderEats\\vendor\\illuminate\\pipeline\\Pipeline.php(103): Laravel\\Lumen\\Routing\\Pipeline->Laravel\\Lumen\\Routing\\{closure}(Object(Laravel\\Lumen\\Http\\Request))
#20 C:\\xampp\\htdocs\\DuAnThucTap_TP-CDS\\OrderEats\\vendor\\laravel\\lumen-framework\\src\\Concerns\\RoutesRequests.php(426): Illuminate\\Pipeline\\Pipeline->then(Object(Closure))
#21 C:\\xampp\\htdocs\\DuAnThucTap_TP-CDS\\OrderEats\\vendor\\laravel\\lumen-framework\\src\\Concerns\\RoutesRequests.php(175): Laravel\\Lumen\\Application->sendThroughPipeline(Array, Object(Closure))
#22 C:\\xampp\\htdocs\\DuAnThucTap_TP-CDS\\OrderEats\\vendor\\laravel\\lumen-framework\\src\\Concerns\\RoutesRequests.php(112): Laravel\\Lumen\\Application->dispatch(NULL)
#23 C:\\xampp\\htdocs\\DuAnThucTap_TP-CDS\\OrderEats\\public\\index.php(28): Laravel\\Lumen\\Application->run()
#24 {main}
"} 
[2023-11-01 07:28:07] local.ERROR: Class "App\Http\Controllers\JsonResponse" not found {"exception":"[object] (Error(code: 0): Class \"App\\Http\\Controllers\\JsonResponse\" not found at C:\\xampp\\htdocs\\DuAnThucTap_TP-CDS\\OrderEats\\app\\Http\\Controllers\\ShipperCheckOrderController.php:160)
[stacktrace]
#0 C:\\xampp\\htdocs\\DuAnThucTap_TP-CDS\\OrderEats\\vendor\\illuminate\\container\\BoundMethod.php(36): App\\Http\\Controllers\\ShipperCheckOrderController->update(Object(Laravel\\Lumen\\Http\\Request), '13')
#1 C:\\xampp\\htdocs\\DuAnThucTap_TP-CDS\\OrderEats\\vendor\\illuminate\\container\\Util.php(40): Illuminate\\Container\\BoundMethod::Illuminate\\Container\\{closure}()
#2 C:\\xampp\\htdocs\\DuAnThucTap_TP-CDS\\OrderEats\\vendor\\illuminate\\container\\BoundMethod.php(93): Illuminate\\Container\\Util::unwrapIfClosure(Object(Closure))
#3 C:\\xampp\\htdocs\\DuAnThucTap_TP-CDS\\OrderEats\\vendor\\illuminate\\container\\BoundMethod.php(37): Illuminate\\Container\\BoundMethod::callBoundMethod(Object(Laravel\\Lumen\\Application), Array, Object(Closure))
#4 C:\\xampp\\htdocs\\DuAnThucTap_TP-CDS\\OrderEats\\vendor\\illuminate\\container\\Container.php(653): Illuminate\\Container\\BoundMethod::call(Object(Laravel\\Lumen\\Application), Array, Array, NULL)
#5 C:\\xampp\\htdocs\\DuAnThucTap_TP-CDS\\OrderEats\\vendor\\laravel\\lumen-framework\\src\\Concerns\\RoutesRequests.php(389): Illuminate\\Container\\Container->call(Array, Array)
#6 C:\\xampp\\htdocs\\DuAnThucTap_TP-CDS\\OrderEats\\vendor\\laravel\\lumen-framework\\src\\Concerns\\RoutesRequests.php(355): Laravel\\Lumen\\Application->callControllerCallable(Array, Array)
#7 C:\\xampp\\htdocs\\DuAnThucTap_TP-CDS\\OrderEats\\vendor\\laravel\\lumen-framework\\src\\Concerns\\RoutesRequests.php(329): Laravel\\Lumen\\Application->callLumenController(Object(App\\Http\\Controllers\\ShipperCheckOrderController), 'update', Array)
#8 C:\\xampp\\htdocs\\DuAnThucTap_TP-CDS\\OrderEats\\vendor\\laravel\\lumen-framework\\src\\Concerns\\RoutesRequests.php(282): Laravel\\Lumen\\Application->callControllerAction(Array)
#9 C:\\xampp\\htdocs\\DuAnThucTap_TP-CDS\\OrderEats\\vendor\\laravel\\lumen-framework\\src\\Concerns\\RoutesRequests.php(267): Laravel\\Lumen\\Application->callActionOnArrayBasedRoute(Array)
#10 C:\\xampp\\htdocs\\DuAnThucTap_TP-CDS\\OrderEats\\vendor\\laravel\\lumen-framework\\src\\Concerns\\RoutesRequests.php(237): Laravel\\Lumen\\Application->handleFoundRoute(Array)
#11 C:\\xampp\\htdocs\\DuAnThucTap_TP-CDS\\OrderEats\\vendor\\laravel\\lumen-framework\\src\\Concerns\\RoutesRequests.php(173): Laravel\\Lumen\\Application->handleDispatcherResponse(Array)
#12 C:\\xampp\\htdocs\\DuAnThucTap_TP-CDS\\OrderEats\\vendor\\laravel\\lumen-framework\\src\\Routing\\Pipeline.php(48): Laravel\\Lumen\\Application->Laravel\\Lumen\\Concerns\\{closure}(Object(Laravel\\Lumen\\Http\\Request))
#13 C:\\xampp\\htdocs\\DuAnThucTap_TP-CDS\\OrderEats\\app\\Http\\Middleware\\ExampleMiddleware.php(18): Laravel\\Lumen\\Routing\\Pipeline->Laravel\\Lumen\\Routing\\{closure}(Object(Laravel\\Lumen\\Http\\Request))
#14 C:\\xampp\\htdocs\\DuAnThucTap_TP-CDS\\OrderEats\\vendor\\illuminate\\pipeline\\Pipeline.php(167): App\\Http\\Middleware\\ExampleMiddleware->handle(Object(Laravel\\Lumen\\Http\\Request), Object(Closure))
#15 C:\\xampp\\htdocs\\DuAnThucTap_TP-CDS\\OrderEats\\vendor\\laravel\\lumen-framework\\src\\Routing\\Pipeline.php(30): Illuminate\\Pipeline\\Pipeline->Illuminate\\Pipeline\\{closure}(Object(Laravel\\Lumen\\Http\\Request))
#16 C:\\xampp\\htdocs\\DuAnThucTap_TP-CDS\\OrderEats\\vendor\\illuminate\\pipeline\\Pipeline.php(103): Laravel\\Lumen\\Routing\\Pipeline->Laravel\\Lumen\\Routing\\{closure}(Object(Laravel\\Lumen\\Http\\Request))
#17 C:\\xampp\\htdocs\\DuAnThucTap_TP-CDS\\OrderEats\\vendor\\laravel\\lumen-framework\\src\\Concerns\\RoutesRequests.php(426): Illuminate\\Pipeline\\Pipeline->then(Object(Closure))
#18 C:\\xampp\\htdocs\\DuAnThucTap_TP-CDS\\OrderEats\\vendor\\laravel\\lumen-framework\\src\\Concerns\\RoutesRequests.php(175): Laravel\\Lumen\\Application->sendThroughPipeline(Array, Object(Closure))
#19 C:\\xampp\\htdocs\\DuAnThucTap_TP-CDS\\OrderEats\\vendor\\laravel\\lumen-framework\\src\\Concerns\\RoutesRequests.php(112): Laravel\\Lumen\\Application->dispatch(NULL)
#20 C:\\xampp\\htdocs\\DuAnThucTap_TP-CDS\\OrderEats\\public\\index.php(28): Laravel\\Lumen\\Application->run()
#21 {main}
"} 
[2023-11-01 07:29:34] local.ERROR: Symfony\Component\HttpFoundation\JsonResponse::__construct(): Argument #2 ($status) must be of type int, array given, called in C:\xampp\htdocs\DuAnThucTap_TP-CDS\OrderEats\vendor\illuminate\http\JsonResponse.php on line 32 {"exception":"[object] (TypeError(code: 0): Symfony\\Component\\HttpFoundation\\JsonResponse::__construct(): Argument #2 ($status) must be of type int, array given, called in C:\\xampp\\htdocs\\DuAnThucTap_TP-CDS\\OrderEats\\vendor\\illuminate\\http\\JsonResponse.php on line 32 at C:\\xampp\\htdocs\\DuAnThucTap_TP-CDS\\OrderEats\\vendor\\symfony\\http-foundation\\JsonResponse.php:42)
[stacktrace]
#0 C:\\xampp\\htdocs\\DuAnThucTap_TP-CDS\\OrderEats\\vendor\\illuminate\\http\\JsonResponse.php(32): Symfony\\Component\\HttpFoundation\\JsonResponse->__construct(Object(App\\Models\\Orders), Array, Array, false)
#1 C:\\xampp\\htdocs\\DuAnThucTap_TP-CDS\\OrderEats\\vendor\\laravel\\lumen-framework\\src\\Http\\ResponseFactory.php(40): Illuminate\\Http\\JsonResponse->__construct(Object(App\\Models\\Orders), Array, Array, 0)
#2 C:\\xampp\\htdocs\\DuAnThucTap_TP-CDS\\OrderEats\\app\\Http\\Controllers\\ShipperCheckOrderController.php(164): Laravel\\Lumen\\Http\\ResponseFactory->json(Object(App\\Models\\Orders), Array)
#3 C:\\xampp\\htdocs\\DuAnThucTap_TP-CDS\\OrderEats\\vendor\\illuminate\\container\\BoundMethod.php(36): App\\Http\\Controllers\\ShipperCheckOrderController->update(Object(Laravel\\Lumen\\Http\\Request), '13')
#4 C:\\xampp\\htdocs\\DuAnThucTap_TP-CDS\\OrderEats\\vendor\\illuminate\\container\\Util.php(40): Illuminate\\Container\\BoundMethod::Illuminate\\Container\\{closure}()
#5 C:\\xampp\\htdocs\\DuAnThucTap_TP-CDS\\OrderEats\\vendor\\illuminate\\container\\BoundMethod.php(93): Illuminate\\Container\\Util::unwrapIfClosure(Object(Closure))
#6 C:\\xampp\\htdocs\\DuAnThucTap_TP-CDS\\OrderEats\\vendor\\illuminate\\container\\BoundMethod.php(37): Illuminate\\Container\\BoundMethod::callBoundMethod(Object(Laravel\\Lumen\\Application), Array, Object(Closure))
#7 C:\\xampp\\htdocs\\DuAnThucTap_TP-CDS\\OrderEats\\vendor\\illuminate\\container\\Container.php(653): Illuminate\\Container\\BoundMethod::call(Object(Laravel\\Lumen\\Application), Array, Array, NULL)
#8 C:\\xampp\\htdocs\\DuAnThucTap_TP-CDS\\OrderEats\\vendor\\laravel\\lumen-framework\\src\\Concerns\\RoutesRequests.php(389): Illuminate\\Container\\Container->call(Array, Array)
#9 C:\\xampp\\htdocs\\DuAnThucTap_TP-CDS\\OrderEats\\vendor\\laravel\\lumen-framework\\src\\Concerns\\RoutesRequests.php(355): Laravel\\Lumen\\Application->callControllerCallable(Array, Array)
#10 C:\\xampp\\htdocs\\DuAnThucTap_TP-CDS\\OrderEats\\vendor\\laravel\\lumen-framework\\src\\Concerns\\RoutesRequests.php(329): Laravel\\Lumen\\Application->callLumenController(Object(App\\Http\\Controllers\\ShipperCheckOrderController), 'update', Array)
#11 C:\\xampp\\htdocs\\DuAnThucTap_TP-CDS\\OrderEats\\vendor\\laravel\\lumen-framework\\src\\Concerns\\RoutesRequests.php(282): Laravel\\Lumen\\Application->callControllerAction(Array)
#12 C:\\xampp\\htdocs\\DuAnThucTap_TP-CDS\\OrderEats\\vendor\\laravel\\lumen-framework\\src\\Concerns\\RoutesRequests.php(267): Laravel\\Lumen\\Application->callActionOnArrayBasedRoute(Array)
#13 C:\\xampp\\htdocs\\DuAnThucTap_TP-CDS\\OrderEats\\vendor\\laravel\\lumen-framework\\src\\Concerns\\RoutesRequests.php(237): Laravel\\Lumen\\Application->handleFoundRoute(Array)
#14 C:\\xampp\\htdocs\\DuAnThucTap_TP-CDS\\OrderEats\\vendor\\laravel\\lumen-framework\\src\\Concerns\\RoutesRequests.php(173): Laravel\\Lumen\\Application->handleDispatcherResponse(Array)
#15 C:\\xampp\\htdocs\\DuAnThucTap_TP-CDS\\OrderEats\\vendor\\laravel\\lumen-framework\\src\\Routing\\Pipeline.php(48): Laravel\\Lumen\\Application->Laravel\\Lumen\\Concerns\\{closure}(Object(Laravel\\Lumen\\Http\\Request))
#16 C:\\xampp\\htdocs\\DuAnThucTap_TP-CDS\\OrderEats\\app\\Http\\Middleware\\ExampleMiddleware.php(18): Laravel\\Lumen\\Routing\\Pipeline->Laravel\\Lumen\\Routing\\{closure}(Object(Laravel\\Lumen\\Http\\Request))
#17 C:\\xampp\\htdocs\\DuAnThucTap_TP-CDS\\OrderEats\\vendor\\illuminate\\pipeline\\Pipeline.php(167): App\\Http\\Middleware\\ExampleMiddleware->handle(Object(Laravel\\Lumen\\Http\\Request), Object(Closure))
#18 C:\\xampp\\htdocs\\DuAnThucTap_TP-CDS\\OrderEats\\vendor\\laravel\\lumen-framework\\src\\Routing\\Pipeline.php(30): Illuminate\\Pipeline\\Pipeline->Illuminate\\Pipeline\\{closure}(Object(Laravel\\Lumen\\Http\\Request))
#19 C:\\xampp\\htdocs\\DuAnThucTap_TP-CDS\\OrderEats\\vendor\\illuminate\\pipeline\\Pipeline.php(103): Laravel\\Lumen\\Routing\\Pipeline->Laravel\\Lumen\\Routing\\{closure}(Object(Laravel\\Lumen\\Http\\Request))
#20 C:\\xampp\\htdocs\\DuAnThucTap_TP-CDS\\OrderEats\\vendor\\laravel\\lumen-framework\\src\\Concerns\\RoutesRequests.php(426): Illuminate\\Pipeline\\Pipeline->then(Object(Closure))
#21 C:\\xampp\\htdocs\\DuAnThucTap_TP-CDS\\OrderEats\\vendor\\laravel\\lumen-framework\\src\\Concerns\\RoutesRequests.php(175): Laravel\\Lumen\\Application->sendThroughPipeline(Array, Object(Closure))
#22 C:\\xampp\\htdocs\\DuAnThucTap_TP-CDS\\OrderEats\\vendor\\laravel\\lumen-framework\\src\\Concerns\\RoutesRequests.php(112): Laravel\\Lumen\\Application->dispatch(NULL)
#23 C:\\xampp\\htdocs\\DuAnThucTap_TP-CDS\\OrderEats\\public\\index.php(28): Laravel\\Lumen\\Application->run()
#24 {main}
"} 
[2023-11-01 07:31:38] local.ERROR: Laravel\Lumen\Http\ResponseFactory::json(): Argument #3 ($headers) must be of type array, int given, called in C:\xampp\htdocs\DuAnThucTap_TP-CDS\OrderEats\app\Http\Controllers\ShipperCheckOrderController.php on line 161 {"exception":"[object] (TypeError(code: 0): Laravel\\Lumen\\Http\\ResponseFactory::json(): Argument #3 ($headers) must be of type array, int given, called in C:\\xampp\\htdocs\\DuAnThucTap_TP-CDS\\OrderEats\\app\\Http\\Controllers\\ShipperCheckOrderController.php on line 161 at C:\\xampp\\htdocs\\DuAnThucTap_TP-CDS\\OrderEats\\vendor\\laravel\\lumen-framework\\src\\Http\\ResponseFactory.php:38)
[stacktrace]
#0 C:\\xampp\\htdocs\\DuAnThucTap_TP-CDS\\OrderEats\\app\\Http\\Controllers\\ShipperCheckOrderController.php(161): Laravel\\Lumen\\Http\\ResponseFactory->json(Object(App\\Models\\Orders), Array, 200)
#1 C:\\xampp\\htdocs\\DuAnThucTap_TP-CDS\\OrderEats\\vendor\\illuminate\\container\\BoundMethod.php(36): App\\Http\\Controllers\\ShipperCheckOrderController->update(Object(Laravel\\Lumen\\Http\\Request), '13')
#2 C:\\xampp\\htdocs\\DuAnThucTap_TP-CDS\\OrderEats\\vendor\\illuminate\\container\\Util.php(40): Illuminate\\Container\\BoundMethod::Illuminate\\Container\\{closure}()
#3 C:\\xampp\\htdocs\\DuAnThucTap_TP-CDS\\OrderEats\\vendor\\illuminate\\container\\BoundMethod.php(93): Illuminate\\Container\\Util::unwrapIfClosure(Object(Closure))
#4 C:\\xampp\\htdocs\\DuAnThucTap_TP-CDS\\OrderEats\\vendor\\illuminate\\container\\BoundMethod.php(37): Illuminate\\Container\\BoundMethod::callBoundMethod(Object(Laravel\\Lumen\\Application), Array, Object(Closure))
#5 C:\\xampp\\htdocs\\DuAnThucTap_TP-CDS\\OrderEats\\vendor\\illuminate\\container\\Container.php(653): Illuminate\\Container\\BoundMethod::call(Object(Laravel\\Lumen\\Application), Array, Array, NULL)
#6 C:\\xampp\\htdocs\\DuAnThucTap_TP-CDS\\OrderEats\\vendor\\laravel\\lumen-framework\\src\\Concerns\\RoutesRequests.php(389): Illuminate\\Container\\Container->call(Array, Array)
#7 C:\\xampp\\htdocs\\DuAnThucTap_TP-CDS\\OrderEats\\vendor\\laravel\\lumen-framework\\src\\Concerns\\RoutesRequests.php(355): Laravel\\Lumen\\Application->callControllerCallable(Array, Array)
#8 C:\\xampp\\htdocs\\DuAnThucTap_TP-CDS\\OrderEats\\vendor\\laravel\\lumen-framework\\src\\Concerns\\RoutesRequests.php(329): Laravel\\Lumen\\Application->callLumenController(Object(App\\Http\\Controllers\\ShipperCheckOrderController), 'update', Array)
#9 C:\\xampp\\htdocs\\DuAnThucTap_TP-CDS\\OrderEats\\vendor\\laravel\\lumen-framework\\src\\Concerns\\RoutesRequests.php(282): Laravel\\Lumen\\Application->callControllerAction(Array)
#10 C:\\xampp\\htdocs\\DuAnThucTap_TP-CDS\\OrderEats\\vendor\\laravel\\lumen-framework\\src\\Concerns\\RoutesRequests.php(267): Laravel\\Lumen\\Application->callActionOnArrayBasedRoute(Array)
#11 C:\\xampp\\htdocs\\DuAnThucTap_TP-CDS\\OrderEats\\vendor\\laravel\\lumen-framework\\src\\Concerns\\RoutesRequests.php(237): Laravel\\Lumen\\Application->handleFoundRoute(Array)
#12 C:\\xampp\\htdocs\\DuAnThucTap_TP-CDS\\OrderEats\\vendor\\laravel\\lumen-framework\\src\\Concerns\\RoutesRequests.php(173): Laravel\\Lumen\\Application->handleDispatcherResponse(Array)
#13 C:\\xampp\\htdocs\\DuAnThucTap_TP-CDS\\OrderEats\\vendor\\laravel\\lumen-framework\\src\\Routing\\Pipeline.php(48): Laravel\\Lumen\\Application->Laravel\\Lumen\\Concerns\\{closure}(Object(Laravel\\Lumen\\Http\\Request))
#14 C:\\xampp\\htdocs\\DuAnThucTap_TP-CDS\\OrderEats\\app\\Http\\Middleware\\ExampleMiddleware.php(18): Laravel\\Lumen\\Routing\\Pipeline->Laravel\\Lumen\\Routing\\{closure}(Object(Laravel\\Lumen\\Http\\Request))
#15 C:\\xampp\\htdocs\\DuAnThucTap_TP-CDS\\OrderEats\\vendor\\illuminate\\pipeline\\Pipeline.php(167): App\\Http\\Middleware\\ExampleMiddleware->handle(Object(Laravel\\Lumen\\Http\\Request), Object(Closure))
#16 C:\\xampp\\htdocs\\DuAnThucTap_TP-CDS\\OrderEats\\vendor\\laravel\\lumen-framework\\src\\Routing\\Pipeline.php(30): Illuminate\\Pipeline\\Pipeline->Illuminate\\Pipeline\\{closure}(Object(Laravel\\Lumen\\Http\\Request))
#17 C:\\xampp\\htdocs\\DuAnThucTap_TP-CDS\\OrderEats\\vendor\\illuminate\\pipeline\\Pipeline.php(103): Laravel\\Lumen\\Routing\\Pipeline->Laravel\\Lumen\\Routing\\{closure}(Object(Laravel\\Lumen\\Http\\Request))
#18 C:\\xampp\\htdocs\\DuAnThucTap_TP-CDS\\OrderEats\\vendor\\laravel\\lumen-framework\\src\\Concerns\\RoutesRequests.php(426): Illuminate\\Pipeline\\Pipeline->then(Object(Closure))
#19 C:\\xampp\\htdocs\\DuAnThucTap_TP-CDS\\OrderEats\\vendor\\laravel\\lumen-framework\\src\\Concerns\\RoutesRequests.php(175): Laravel\\Lumen\\Application->sendThroughPipeline(Array, Object(Closure))
#20 C:\\xampp\\htdocs\\DuAnThucTap_TP-CDS\\OrderEats\\vendor\\laravel\\lumen-framework\\src\\Concerns\\RoutesRequests.php(112): Laravel\\Lumen\\Application->dispatch(NULL)
#21 C:\\xampp\\htdocs\\DuAnThucTap_TP-CDS\\OrderEats\\public\\index.php(28): Laravel\\Lumen\\Application->run()
#22 {main}
"} 
[2023-11-01 07:34:15] local.ERROR: Symfony\Component\HttpFoundation\JsonResponse::__construct(): Argument #2 ($status) must be of type int, array given, called in C:\xampp\htdocs\DuAnThucTap_TP-CDS\OrderEats\vendor\illuminate\http\JsonResponse.php on line 32 {"exception":"[object] (TypeError(code: 0): Symfony\\Component\\HttpFoundation\\JsonResponse::__construct(): Argument #2 ($status) must be of type int, array given, called in C:\\xampp\\htdocs\\DuAnThucTap_TP-CDS\\OrderEats\\vendor\\illuminate\\http\\JsonResponse.php on line 32 at C:\\xampp\\htdocs\\DuAnThucTap_TP-CDS\\OrderEats\\vendor\\symfony\\http-foundation\\JsonResponse.php:42)
[stacktrace]
#0 C:\\xampp\\htdocs\\DuAnThucTap_TP-CDS\\OrderEats\\vendor\\illuminate\\http\\JsonResponse.php(32): Symfony\\Component\\HttpFoundation\\JsonResponse->__construct(Object(App\\Models\\Orders), Array, Array, false)
#1 C:\\xampp\\htdocs\\DuAnThucTap_TP-CDS\\OrderEats\\vendor\\laravel\\lumen-framework\\src\\Http\\ResponseFactory.php(40): Illuminate\\Http\\JsonResponse->__construct(Object(App\\Models\\Orders), Array, Array, 0)
#2 C:\\xampp\\htdocs\\DuAnThucTap_TP-CDS\\OrderEats\\app\\Http\\Controllers\\ShipperCheckOrderController.php(161): Laravel\\Lumen\\Http\\ResponseFactory->json(Object(App\\Models\\Orders), Array)
#3 C:\\xampp\\htdocs\\DuAnThucTap_TP-CDS\\OrderEats\\vendor\\illuminate\\container\\BoundMethod.php(36): App\\Http\\Controllers\\ShipperCheckOrderController->update(Object(Laravel\\Lumen\\Http\\Request), '13')
#4 C:\\xampp\\htdocs\\DuAnThucTap_TP-CDS\\OrderEats\\vendor\\illuminate\\container\\Util.php(40): Illuminate\\Container\\BoundMethod::Illuminate\\Container\\{closure}()
#5 C:\\xampp\\htdocs\\DuAnThucTap_TP-CDS\\OrderEats\\vendor\\illuminate\\container\\BoundMethod.php(93): Illuminate\\Container\\Util::unwrapIfClosure(Object(Closure))
#6 C:\\xampp\\htdocs\\DuAnThucTap_TP-CDS\\OrderEats\\vendor\\illuminate\\container\\BoundMethod.php(37): Illuminate\\Container\\BoundMethod::callBoundMethod(Object(Laravel\\Lumen\\Application), Array, Object(Closure))
#7 C:\\xampp\\htdocs\\DuAnThucTap_TP-CDS\\OrderEats\\vendor\\illuminate\\container\\Container.php(653): Illuminate\\Container\\BoundMethod::call(Object(Laravel\\Lumen\\Application), Array, Array, NULL)
#8 C:\\xampp\\htdocs\\DuAnThucTap_TP-CDS\\OrderEats\\vendor\\laravel\\lumen-framework\\src\\Concerns\\RoutesRequests.php(389): Illuminate\\Container\\Container->call(Array, Array)
#9 C:\\xampp\\htdocs\\DuAnThucTap_TP-CDS\\OrderEats\\vendor\\laravel\\lumen-framework\\src\\Concerns\\RoutesRequests.php(355): Laravel\\Lumen\\Application->callControllerCallable(Array, Array)
#10 C:\\xampp\\htdocs\\DuAnThucTap_TP-CDS\\OrderEats\\vendor\\laravel\\lumen-framework\\src\\Concerns\\RoutesRequests.php(329): Laravel\\Lumen\\Application->callLumenController(Object(App\\Http\\Controllers\\ShipperCheckOrderController), 'update', Array)
#11 C:\\xampp\\htdocs\\DuAnThucTap_TP-CDS\\OrderEats\\vendor\\laravel\\lumen-framework\\src\\Concerns\\RoutesRequests.php(282): Laravel\\Lumen\\Application->callControllerAction(Array)
#12 C:\\xampp\\htdocs\\DuAnThucTap_TP-CDS\\OrderEats\\vendor\\laravel\\lumen-framework\\src\\Concerns\\RoutesRequests.php(267): Laravel\\Lumen\\Application->callActionOnArrayBasedRoute(Array)
#13 C:\\xampp\\htdocs\\DuAnThucTap_TP-CDS\\OrderEats\\vendor\\laravel\\lumen-framework\\src\\Concerns\\RoutesRequests.php(237): Laravel\\Lumen\\Application->handleFoundRoute(Array)
#14 C:\\xampp\\htdocs\\DuAnThucTap_TP-CDS\\OrderEats\\vendor\\laravel\\lumen-framework\\src\\Concerns\\RoutesRequests.php(173): Laravel\\Lumen\\Application->handleDispatcherResponse(Array)
#15 C:\\xampp\\htdocs\\DuAnThucTap_TP-CDS\\OrderEats\\vendor\\laravel\\lumen-framework\\src\\Routing\\Pipeline.php(48): Laravel\\Lumen\\Application->Laravel\\Lumen\\Concerns\\{closure}(Object(Laravel\\Lumen\\Http\\Request))
#16 C:\\xampp\\htdocs\\DuAnThucTap_TP-CDS\\OrderEats\\app\\Http\\Middleware\\ExampleMiddleware.php(18): Laravel\\Lumen\\Routing\\Pipeline->Laravel\\Lumen\\Routing\\{closure}(Object(Laravel\\Lumen\\Http\\Request))
#17 C:\\xampp\\htdocs\\DuAnThucTap_TP-CDS\\OrderEats\\vendor\\illuminate\\pipeline\\Pipeline.php(167): App\\Http\\Middleware\\ExampleMiddleware->handle(Object(Laravel\\Lumen\\Http\\Request), Object(Closure))
#18 C:\\xampp\\htdocs\\DuAnThucTap_TP-CDS\\OrderEats\\vendor\\laravel\\lumen-framework\\src\\Routing\\Pipeline.php(30): Illuminate\\Pipeline\\Pipeline->Illuminate\\Pipeline\\{closure}(Object(Laravel\\Lumen\\Http\\Request))
#19 C:\\xampp\\htdocs\\DuAnThucTap_TP-CDS\\OrderEats\\vendor\\illuminate\\pipeline\\Pipeline.php(103): Laravel\\Lumen\\Routing\\Pipeline->Laravel\\Lumen\\Routing\\{closure}(Object(Laravel\\Lumen\\Http\\Request))
#20 C:\\xampp\\htdocs\\DuAnThucTap_TP-CDS\\OrderEats\\vendor\\laravel\\lumen-framework\\src\\Concerns\\RoutesRequests.php(426): Illuminate\\Pipeline\\Pipeline->then(Object(Closure))
#21 C:\\xampp\\htdocs\\DuAnThucTap_TP-CDS\\OrderEats\\vendor\\laravel\\lumen-framework\\src\\Concerns\\RoutesRequests.php(175): Laravel\\Lumen\\Application->sendThroughPipeline(Array, Object(Closure))
#22 C:\\xampp\\htdocs\\DuAnThucTap_TP-CDS\\OrderEats\\vendor\\laravel\\lumen-framework\\src\\Concerns\\RoutesRequests.php(112): Laravel\\Lumen\\Application->dispatch(NULL)
#23 C:\\xampp\\htdocs\\DuAnThucTap_TP-CDS\\OrderEats\\public\\index.php(28): Laravel\\Lumen\\Application->run()
#24 {main}
"} 
[2023-11-01 07:43:38] local.ERROR: Attempt to read property "id" on null {"exception":"[object] (ErrorException(code: 0): Attempt to read property \"id\" on null at C:\\xampp\\htdocs\\DuAnThucTap_TP-CDS\\OrderEats\\app\\Http\\Controllers\\Auth\\LoginController.php:74)
[stacktrace]
#0 C:\\xampp\\htdocs\\DuAnThucTap_TP-CDS\\OrderEats\\vendor\\laravel\\lumen-framework\\src\\Concerns\\RegistersExceptionHandlers.php(47): Laravel\\Lumen\\Application->handleError(2, 'Attempt to read...', 'C:\\\\xampp\\\\htdocs...', 74)
#1 C:\\xampp\\htdocs\\DuAnThucTap_TP-CDS\\OrderEats\\app\\Http\\Controllers\\Auth\\LoginController.php(74): Laravel\\Lumen\\Application->Laravel\\Lumen\\Concerns\\{closure}(2, 'Attempt to read...', 'C:\\\\xampp\\\\htdocs...', 74)
#2 C:\\xampp\\htdocs\\DuAnThucTap_TP-CDS\\OrderEats\\vendor\\illuminate\\container\\BoundMethod.php(36): App\\Http\\Controllers\\Auth\\LoginController->logout()
#3 C:\\xampp\\htdocs\\DuAnThucTap_TP-CDS\\OrderEats\\vendor\\illuminate\\container\\Util.php(40): Illuminate\\Container\\BoundMethod::Illuminate\\Container\\{closure}()
#4 C:\\xampp\\htdocs\\DuAnThucTap_TP-CDS\\OrderEats\\vendor\\illuminate\\container\\BoundMethod.php(93): Illuminate\\Container\\Util::unwrapIfClosure(Object(Closure))
#5 C:\\xampp\\htdocs\\DuAnThucTap_TP-CDS\\OrderEats\\vendor\\illuminate\\container\\BoundMethod.php(37): Illuminate\\Container\\BoundMethod::callBoundMethod(Object(Laravel\\Lumen\\Application), Array, Object(Closure))
#6 C:\\xampp\\htdocs\\DuAnThucTap_TP-CDS\\OrderEats\\vendor\\illuminate\\container\\Container.php(653): Illuminate\\Container\\BoundMethod::call(Object(Laravel\\Lumen\\Application), Array, Array, NULL)
#7 C:\\xampp\\htdocs\\DuAnThucTap_TP-CDS\\OrderEats\\vendor\\laravel\\lumen-framework\\src\\Concerns\\RoutesRequests.php(389): Illuminate\\Container\\Container->call(Array, Array)
#8 C:\\xampp\\htdocs\\DuAnThucTap_TP-CDS\\OrderEats\\vendor\\laravel\\lumen-framework\\src\\Concerns\\RoutesRequests.php(355): Laravel\\Lumen\\Application->callControllerCallable(Array, Array)
#9 C:\\xampp\\htdocs\\DuAnThucTap_TP-CDS\\OrderEats\\vendor\\laravel\\lumen-framework\\src\\Concerns\\RoutesRequests.php(329): Laravel\\Lumen\\Application->callLumenController(Object(App\\Http\\Controllers\\Auth\\LoginController), 'logout', Array)
#10 C:\\xampp\\htdocs\\DuAnThucTap_TP-CDS\\OrderEats\\vendor\\laravel\\lumen-framework\\src\\Concerns\\RoutesRequests.php(282): Laravel\\Lumen\\Application->callControllerAction(Array)
#11 C:\\xampp\\htdocs\\DuAnThucTap_TP-CDS\\OrderEats\\vendor\\laravel\\lumen-framework\\src\\Concerns\\RoutesRequests.php(267): Laravel\\Lumen\\Application->callActionOnArrayBasedRoute(Array)
#12 C:\\xampp\\htdocs\\DuAnThucTap_TP-CDS\\OrderEats\\vendor\\laravel\\lumen-framework\\src\\Concerns\\RoutesRequests.php(169): Laravel\\Lumen\\Application->handleFoundRoute(Array)
#13 C:\\xampp\\htdocs\\DuAnThucTap_TP-CDS\\OrderEats\\vendor\\laravel\\lumen-framework\\src\\Routing\\Pipeline.php(48): Laravel\\Lumen\\Application->Laravel\\Lumen\\Concerns\\{closure}(Object(Laravel\\Lumen\\Http\\Request))
#14 C:\\xampp\\htdocs\\DuAnThucTap_TP-CDS\\OrderEats\\app\\Http\\Middleware\\ExampleMiddleware.php(18): Laravel\\Lumen\\Routing\\Pipeline->Laravel\\Lumen\\Routing\\{closure}(Object(Laravel\\Lumen\\Http\\Request))
#15 C:\\xampp\\htdocs\\DuAnThucTap_TP-CDS\\OrderEats\\vendor\\illuminate\\pipeline\\Pipeline.php(167): App\\Http\\Middleware\\ExampleMiddleware->handle(Object(Laravel\\Lumen\\Http\\Request), Object(Closure))
#16 C:\\xampp\\htdocs\\DuAnThucTap_TP-CDS\\OrderEats\\vendor\\laravel\\lumen-framework\\src\\Routing\\Pipeline.php(30): Illuminate\\Pipeline\\Pipeline->Illuminate\\Pipeline\\{closure}(Object(Laravel\\Lumen\\Http\\Request))
#17 C:\\xampp\\htdocs\\DuAnThucTap_TP-CDS\\OrderEats\\vendor\\illuminate\\pipeline\\Pipeline.php(103): Laravel\\Lumen\\Routing\\Pipeline->Laravel\\Lumen\\Routing\\{closure}(Object(Laravel\\Lumen\\Http\\Request))
#18 C:\\xampp\\htdocs\\DuAnThucTap_TP-CDS\\OrderEats\\vendor\\laravel\\lumen-framework\\src\\Concerns\\RoutesRequests.php(426): Illuminate\\Pipeline\\Pipeline->then(Object(Closure))
#19 C:\\xampp\\htdocs\\DuAnThucTap_TP-CDS\\OrderEats\\vendor\\laravel\\lumen-framework\\src\\Concerns\\RoutesRequests.php(175): Laravel\\Lumen\\Application->sendThroughPipeline(Array, Object(Closure))
#20 C:\\xampp\\htdocs\\DuAnThucTap_TP-CDS\\OrderEats\\vendor\\laravel\\lumen-framework\\src\\Concerns\\RoutesRequests.php(112): Laravel\\Lumen\\Application->dispatch(NULL)
#21 C:\\xampp\\htdocs\\DuAnThucTap_TP-CDS\\OrderEats\\public\\index.php(28): Laravel\\Lumen\\Application->run()
#22 {main}
"} 
[2023-11-01 07:44:53] local.ERROR: Class "App\Http\Controllers\DB" not found {"exception":"[object] (Error(code: 0): Class \"App\\Http\\Controllers\\DB\" not found at C:\\xampp\\htdocs\\DuAnThucTap_TP-CDS\\OrderEats\\app\\Http\\Controllers\\OrdersController.php:162)
[stacktrace]
#0 C:\\xampp\\htdocs\\DuAnThucTap_TP-CDS\\OrderEats\\app\\Http\\Controllers\\OrdersController.php(152): App\\Http\\Controllers\\OrdersController->createActivityLog(6, 'Mua h\\xC3\\xA0ng')
#1 C:\\xampp\\htdocs\\DuAnThucTap_TP-CDS\\OrderEats\\vendor\\illuminate\\container\\BoundMethod.php(36): App\\Http\\Controllers\\OrdersController->create(Object(Laravel\\Lumen\\Http\\Request))
#2 C:\\xampp\\htdocs\\DuAnThucTap_TP-CDS\\OrderEats\\vendor\\illuminate\\container\\Util.php(40): Illuminate\\Container\\BoundMethod::Illuminate\\Container\\{closure}()
#3 C:\\xampp\\htdocs\\DuAnThucTap_TP-CDS\\OrderEats\\vendor\\illuminate\\container\\BoundMethod.php(93): Illuminate\\Container\\Util::unwrapIfClosure(Object(Closure))
#4 C:\\xampp\\htdocs\\DuAnThucTap_TP-CDS\\OrderEats\\vendor\\illuminate\\container\\BoundMethod.php(37): Illuminate\\Container\\BoundMethod::callBoundMethod(Object(Laravel\\Lumen\\Application), Array, Object(Closure))
#5 C:\\xampp\\htdocs\\DuAnThucTap_TP-CDS\\OrderEats\\vendor\\illuminate\\container\\Container.php(653): Illuminate\\Container\\BoundMethod::call(Object(Laravel\\Lumen\\Application), Array, Array, NULL)
#6 C:\\xampp\\htdocs\\DuAnThucTap_TP-CDS\\OrderEats\\vendor\\laravel\\lumen-framework\\src\\Concerns\\RoutesRequests.php(389): Illuminate\\Container\\Container->call(Array, Array)
#7 C:\\xampp\\htdocs\\DuAnThucTap_TP-CDS\\OrderEats\\vendor\\laravel\\lumen-framework\\src\\Concerns\\RoutesRequests.php(355): Laravel\\Lumen\\Application->callControllerCallable(Array, Array)
#8 C:\\xampp\\htdocs\\DuAnThucTap_TP-CDS\\OrderEats\\vendor\\laravel\\lumen-framework\\src\\Concerns\\RoutesRequests.php(329): Laravel\\Lumen\\Application->callLumenController(Object(App\\Http\\Controllers\\OrdersController), 'create', Array)
#9 C:\\xampp\\htdocs\\DuAnThucTap_TP-CDS\\OrderEats\\vendor\\laravel\\lumen-framework\\src\\Concerns\\RoutesRequests.php(282): Laravel\\Lumen\\Application->callControllerAction(Array)
#10 C:\\xampp\\htdocs\\DuAnThucTap_TP-CDS\\OrderEats\\vendor\\laravel\\lumen-framework\\src\\Concerns\\RoutesRequests.php(267): Laravel\\Lumen\\Application->callActionOnArrayBasedRoute(Array)
#11 C:\\xampp\\htdocs\\DuAnThucTap_TP-CDS\\OrderEats\\vendor\\laravel\\lumen-framework\\src\\Concerns\\RoutesRequests.php(169): Laravel\\Lumen\\Application->handleFoundRoute(Array)
#12 C:\\xampp\\htdocs\\DuAnThucTap_TP-CDS\\OrderEats\\vendor\\laravel\\lumen-framework\\src\\Routing\\Pipeline.php(48): Laravel\\Lumen\\Application->Laravel\\Lumen\\Concerns\\{closure}(Object(Laravel\\Lumen\\Http\\Request))
#13 C:\\xampp\\htdocs\\DuAnThucTap_TP-CDS\\OrderEats\\app\\Http\\Middleware\\ExampleMiddleware.php(18): Laravel\\Lumen\\Routing\\Pipeline->Laravel\\Lumen\\Routing\\{closure}(Object(Laravel\\Lumen\\Http\\Request))
#14 C:\\xampp\\htdocs\\DuAnThucTap_TP-CDS\\OrderEats\\vendor\\illuminate\\pipeline\\Pipeline.php(167): App\\Http\\Middleware\\ExampleMiddleware->handle(Object(Laravel\\Lumen\\Http\\Request), Object(Closure))
#15 C:\\xampp\\htdocs\\DuAnThucTap_TP-CDS\\OrderEats\\vendor\\laravel\\lumen-framework\\src\\Routing\\Pipeline.php(30): Illuminate\\Pipeline\\Pipeline->Illuminate\\Pipeline\\{closure}(Object(Laravel\\Lumen\\Http\\Request))
#16 C:\\xampp\\htdocs\\DuAnThucTap_TP-CDS\\OrderEats\\vendor\\illuminate\\pipeline\\Pipeline.php(103): Laravel\\Lumen\\Routing\\Pipeline->Laravel\\Lumen\\Routing\\{closure}(Object(Laravel\\Lumen\\Http\\Request))
#17 C:\\xampp\\htdocs\\DuAnThucTap_TP-CDS\\OrderEats\\vendor\\laravel\\lumen-framework\\src\\Concerns\\RoutesRequests.php(426): Illuminate\\Pipeline\\Pipeline->then(Object(Closure))
#18 C:\\xampp\\htdocs\\DuAnThucTap_TP-CDS\\OrderEats\\vendor\\laravel\\lumen-framework\\src\\Concerns\\RoutesRequests.php(175): Laravel\\Lumen\\Application->sendThroughPipeline(Array, Object(Closure))
#19 C:\\xampp\\htdocs\\DuAnThucTap_TP-CDS\\OrderEats\\vendor\\laravel\\lumen-framework\\src\\Concerns\\RoutesRequests.php(112): Laravel\\Lumen\\Application->dispatch(NULL)
#20 C:\\xampp\\htdocs\\DuAnThucTap_TP-CDS\\OrderEats\\public\\index.php(28): Laravel\\Lumen\\Application->run()
#21 {main}
"} 
