[2023-10-18 07:47:48] local.ERROR: SQLSTATE[22003]: Numeric value out of range: 1264 Out of range value for column 'total_price' at row 1 (SQL: insert into `orders` (`user_id`, `shipper_id`, `menu_id`, `quantity`, `total_price`, `order_status`, `updated_at`, `created_at`) values (1, 3, 4, 30, 1200000, đang xử lý, 2023-10-18 07:47:48, 2023-10-18 07:47:48)) {"exception":"[object] (Illuminate\\Database\\QueryException(code: 22003): SQLSTATE[22003]: Numeric value out of range: 1264 Out of range value for column 'total_price' at row 1 (SQL: insert into `orders` (`user_id`, `shipper_id`, `menu_id`, `quantity`, `total_price`, `order_status`, `updated_at`, `created_at`) values (1, 3, 4, 30, 1200000, đang xử lý, 2023-10-18 07:47:48, 2023-10-18 07:47:48)) at C:\\xampp\\htdocs\\DuAnThucTap_TP-CDS\\OrderEats\\vendor\\illuminate\\database\\Connection.php:712)
[stacktrace]
#0 C:\\xampp\\htdocs\\DuAnThucTap_TP-CDS\\OrderEats\\vendor\\illuminate\\database\\Connection.php(672): Illuminate\\Database\\Connection->runQueryCallback('insert into `or...', Array, Object(Closure))
#1 C:\\xampp\\htdocs\\DuAnThucTap_TP-CDS\\OrderEats\\vendor\\illuminate\\database\\Connection.php(502): Illuminate\\Database\\Connection->run('insert into `or...', Array, Object(Closure))
#2 C:\\xampp\\htdocs\\DuAnThucTap_TP-CDS\\OrderEats\\vendor\\illuminate\\database\\Connection.php(454): Illuminate\\Database\\Connection->statement('insert into `or...', Array)
#3 C:\\xampp\\htdocs\\DuAnThucTap_TP-CDS\\OrderEats\\vendor\\illuminate\\database\\Query\\Processors\\Processor.php(32): Illuminate\\Database\\Connection->insert('insert into `or...', Array)
#4 C:\\xampp\\htdocs\\DuAnThucTap_TP-CDS\\OrderEats\\vendor\\illuminate\\database\\Query\\Builder.php(3028): Illuminate\\Database\\Query\\Processors\\Processor->processInsertGetId(Object(Illuminate\\Database\\Query\\Builder), 'insert into `or...', Array, 'id')
#5 C:\\xampp\\htdocs\\DuAnThucTap_TP-CDS\\OrderEats\\vendor\\illuminate\\database\\Eloquent\\Builder.php(1657): Illuminate\\Database\\Query\\Builder->insertGetId(Array, 'id')
#6 C:\\xampp\\htdocs\\DuAnThucTap_TP-CDS\\OrderEats\\vendor\\illuminate\\database\\Eloquent\\Model.php(1188): Illuminate\\Database\\Eloquent\\Builder->__call('insertGetId', Array)
#7 C:\\xampp\\htdocs\\DuAnThucTap_TP-CDS\\OrderEats\\vendor\\illuminate\\database\\Eloquent\\Model.php(1153): Illuminate\\Database\\Eloquent\\Model->insertAndSetId(Object(Illuminate\\Database\\Eloquent\\Builder), Array)
#8 C:\\xampp\\htdocs\\DuAnThucTap_TP-CDS\\OrderEats\\vendor\\illuminate\\database\\Eloquent\\Model.php(994): Illuminate\\Database\\Eloquent\\Model->performInsert(Object(Illuminate\\Database\\Eloquent\\Builder))
#9 C:\\xampp\\htdocs\\DuAnThucTap_TP-CDS\\OrderEats\\app\\Http\\Controllers\\OrdersController.php(101): Illuminate\\Database\\Eloquent\\Model->save()
#10 C:\\xampp\\htdocs\\DuAnThucTap_TP-CDS\\OrderEats\\vendor\\illuminate\\container\\BoundMethod.php(36): App\\Http\\Controllers\\OrdersController->create(Object(Laravel\\Lumen\\Http\\Request))
#11 C:\\xampp\\htdocs\\DuAnThucTap_TP-CDS\\OrderEats\\vendor\\illuminate\\container\\Util.php(40): Illuminate\\Container\\BoundMethod::Illuminate\\Container\\{closure}()
#12 C:\\xampp\\htdocs\\DuAnThucTap_TP-CDS\\OrderEats\\vendor\\illuminate\\container\\BoundMethod.php(93): Illuminate\\Container\\Util::unwrapIfClosure(Object(Closure))
#13 C:\\xampp\\htdocs\\DuAnThucTap_TP-CDS\\OrderEats\\vendor\\illuminate\\container\\BoundMethod.php(37): Illuminate\\Container\\BoundMethod::callBoundMethod(Object(Laravel\\Lumen\\Application), Array, Object(Closure))
#14 C:\\xampp\\htdocs\\DuAnThucTap_TP-CDS\\OrderEats\\vendor\\illuminate\\container\\Container.php(653): Illuminate\\Container\\BoundMethod::call(Object(Laravel\\Lumen\\Application), Array, Array, NULL)
#15 C:\\xampp\\htdocs\\DuAnThucTap_TP-CDS\\OrderEats\\vendor\\laravel\\lumen-framework\\src\\Concerns\\RoutesRequests.php(389): Illuminate\\Container\\Container->call(Array, Array)
#16 C:\\xampp\\htdocs\\DuAnThucTap_TP-CDS\\OrderEats\\vendor\\laravel\\lumen-framework\\src\\Concerns\\RoutesRequests.php(355): Laravel\\Lumen\\Application->callControllerCallable(Array, Array)
#17 C:\\xampp\\htdocs\\DuAnThucTap_TP-CDS\\OrderEats\\vendor\\laravel\\lumen-framework\\src\\Concerns\\RoutesRequests.php(329): Laravel\\Lumen\\Application->callLumenController(Object(App\\Http\\Controllers\\OrdersController), 'create', Array)
#18 C:\\xampp\\htdocs\\DuAnThucTap_TP-CDS\\OrderEats\\vendor\\laravel\\lumen-framework\\src\\Concerns\\RoutesRequests.php(282): Laravel\\Lumen\\Application->callControllerAction(Array)
#19 C:\\xampp\\htdocs\\DuAnThucTap_TP-CDS\\OrderEats\\vendor\\laravel\\lumen-framework\\src\\Concerns\\RoutesRequests.php(267): Laravel\\Lumen\\Application->callActionOnArrayBasedRoute(Array)
#20 C:\\xampp\\htdocs\\DuAnThucTap_TP-CDS\\OrderEats\\vendor\\laravel\\lumen-framework\\src\\Concerns\\RoutesRequests.php(169): Laravel\\Lumen\\Application->handleFoundRoute(Array)
#21 C:\\xampp\\htdocs\\DuAnThucTap_TP-CDS\\OrderEats\\vendor\\laravel\\lumen-framework\\src\\Routing\\Pipeline.php(48): Laravel\\Lumen\\Application->Laravel\\Lumen\\Concerns\\{closure}(Object(Laravel\\Lumen\\Http\\Request))
#22 C:\\xampp\\htdocs\\DuAnThucTap_TP-CDS\\OrderEats\\app\\Http\\Middleware\\ExampleMiddleware.php(18): Laravel\\Lumen\\Routing\\Pipeline->Laravel\\Lumen\\Routing\\{closure}(Object(Laravel\\Lumen\\Http\\Request))
#23 C:\\xampp\\htdocs\\DuAnThucTap_TP-CDS\\OrderEats\\vendor\\illuminate\\pipeline\\Pipeline.php(167): App\\Http\\Middleware\\ExampleMiddleware->handle(Object(Laravel\\Lumen\\Http\\Request), Object(Closure))
#24 C:\\xampp\\htdocs\\DuAnThucTap_TP-CDS\\OrderEats\\vendor\\laravel\\lumen-framework\\src\\Routing\\Pipeline.php(30): Illuminate\\Pipeline\\Pipeline->Illuminate\\Pipeline\\{closure}(Object(Laravel\\Lumen\\Http\\Request))
#25 C:\\xampp\\htdocs\\DuAnThucTap_TP-CDS\\OrderEats\\vendor\\illuminate\\pipeline\\Pipeline.php(103): Laravel\\Lumen\\Routing\\Pipeline->Laravel\\Lumen\\Routing\\{closure}(Object(Laravel\\Lumen\\Http\\Request))
#26 C:\\xampp\\htdocs\\DuAnThucTap_TP-CDS\\OrderEats\\vendor\\laravel\\lumen-framework\\src\\Concerns\\RoutesRequests.php(426): Illuminate\\Pipeline\\Pipeline->then(Object(Closure))
#27 C:\\xampp\\htdocs\\DuAnThucTap_TP-CDS\\OrderEats\\vendor\\laravel\\lumen-framework\\src\\Concerns\\RoutesRequests.php(175): Laravel\\Lumen\\Application->sendThroughPipeline(Array, Object(Closure))
#28 C:\\xampp\\htdocs\\DuAnThucTap_TP-CDS\\OrderEats\\vendor\\laravel\\lumen-framework\\src\\Concerns\\RoutesRequests.php(112): Laravel\\Lumen\\Application->dispatch(NULL)
#29 C:\\xampp\\htdocs\\DuAnThucTap_TP-CDS\\OrderEats\\public\\index.php(28): Laravel\\Lumen\\Application->run()
#30 {main}

[previous exception] [object] (PDOException(code: 22003): SQLSTATE[22003]: Numeric value out of range: 1264 Out of range value for column 'total_price' at row 1 at C:\\xampp\\htdocs\\DuAnThucTap_TP-CDS\\OrderEats\\vendor\\illuminate\\database\\Connection.php:501)
[stacktrace]
#0 C:\\xampp\\htdocs\\DuAnThucTap_TP-CDS\\OrderEats\\vendor\\illuminate\\database\\Connection.php(501): PDOStatement->execute()
#1 C:\\xampp\\htdocs\\DuAnThucTap_TP-CDS\\OrderEats\\vendor\\illuminate\\database\\Connection.php(705): Illuminate\\Database\\Connection->Illuminate\\Database\\{closure}('insert into `or...', Array)
#2 C:\\xampp\\htdocs\\DuAnThucTap_TP-CDS\\OrderEats\\vendor\\illuminate\\database\\Connection.php(672): Illuminate\\Database\\Connection->runQueryCallback('insert into `or...', Array, Object(Closure))
#3 C:\\xampp\\htdocs\\DuAnThucTap_TP-CDS\\OrderEats\\vendor\\illuminate\\database\\Connection.php(502): Illuminate\\Database\\Connection->run('insert into `or...', Array, Object(Closure))
#4 C:\\xampp\\htdocs\\DuAnThucTap_TP-CDS\\OrderEats\\vendor\\illuminate\\database\\Connection.php(454): Illuminate\\Database\\Connection->statement('insert into `or...', Array)
#5 C:\\xampp\\htdocs\\DuAnThucTap_TP-CDS\\OrderEats\\vendor\\illuminate\\database\\Query\\Processors\\Processor.php(32): Illuminate\\Database\\Connection->insert('insert into `or...', Array)
#6 C:\\xampp\\htdocs\\DuAnThucTap_TP-CDS\\OrderEats\\vendor\\illuminate\\database\\Query\\Builder.php(3028): Illuminate\\Database\\Query\\Processors\\Processor->processInsertGetId(Object(Illuminate\\Database\\Query\\Builder), 'insert into `or...', Array, 'id')
#7 C:\\xampp\\htdocs\\DuAnThucTap_TP-CDS\\OrderEats\\vendor\\illuminate\\database\\Eloquent\\Builder.php(1657): Illuminate\\Database\\Query\\Builder->insertGetId(Array, 'id')
#8 C:\\xampp\\htdocs\\DuAnThucTap_TP-CDS\\OrderEats\\vendor\\illuminate\\database\\Eloquent\\Model.php(1188): Illuminate\\Database\\Eloquent\\Builder->__call('insertGetId', Array)
#9 C:\\xampp\\htdocs\\DuAnThucTap_TP-CDS\\OrderEats\\vendor\\illuminate\\database\\Eloquent\\Model.php(1153): Illuminate\\Database\\Eloquent\\Model->insertAndSetId(Object(Illuminate\\Database\\Eloquent\\Builder), Array)
#10 C:\\xampp\\htdocs\\DuAnThucTap_TP-CDS\\OrderEats\\vendor\\illuminate\\database\\Eloquent\\Model.php(994): Illuminate\\Database\\Eloquent\\Model->performInsert(Object(Illuminate\\Database\\Eloquent\\Builder))
#11 C:\\xampp\\htdocs\\DuAnThucTap_TP-CDS\\OrderEats\\app\\Http\\Controllers\\OrdersController.php(101): Illuminate\\Database\\Eloquent\\Model->save()
#12 C:\\xampp\\htdocs\\DuAnThucTap_TP-CDS\\OrderEats\\vendor\\illuminate\\container\\BoundMethod.php(36): App\\Http\\Controllers\\OrdersController->create(Object(Laravel\\Lumen\\Http\\Request))
#13 C:\\xampp\\htdocs\\DuAnThucTap_TP-CDS\\OrderEats\\vendor\\illuminate\\container\\Util.php(40): Illuminate\\Container\\BoundMethod::Illuminate\\Container\\{closure}()
#14 C:\\xampp\\htdocs\\DuAnThucTap_TP-CDS\\OrderEats\\vendor\\illuminate\\container\\BoundMethod.php(93): Illuminate\\Container\\Util::unwrapIfClosure(Object(Closure))
#15 C:\\xampp\\htdocs\\DuAnThucTap_TP-CDS\\OrderEats\\vendor\\illuminate\\container\\BoundMethod.php(37): Illuminate\\Container\\BoundMethod::callBoundMethod(Object(Laravel\\Lumen\\Application), Array, Object(Closure))
#16 C:\\xampp\\htdocs\\DuAnThucTap_TP-CDS\\OrderEats\\vendor\\illuminate\\container\\Container.php(653): Illuminate\\Container\\BoundMethod::call(Object(Laravel\\Lumen\\Application), Array, Array, NULL)
#17 C:\\xampp\\htdocs\\DuAnThucTap_TP-CDS\\OrderEats\\vendor\\laravel\\lumen-framework\\src\\Concerns\\RoutesRequests.php(389): Illuminate\\Container\\Container->call(Array, Array)
#18 C:\\xampp\\htdocs\\DuAnThucTap_TP-CDS\\OrderEats\\vendor\\laravel\\lumen-framework\\src\\Concerns\\RoutesRequests.php(355): Laravel\\Lumen\\Application->callControllerCallable(Array, Array)
#19 C:\\xampp\\htdocs\\DuAnThucTap_TP-CDS\\OrderEats\\vendor\\laravel\\lumen-framework\\src\\Concerns\\RoutesRequests.php(329): Laravel\\Lumen\\Application->callLumenController(Object(App\\Http\\Controllers\\OrdersController), 'create', Array)
#20 C:\\xampp\\htdocs\\DuAnThucTap_TP-CDS\\OrderEats\\vendor\\laravel\\lumen-framework\\src\\Concerns\\RoutesRequests.php(282): Laravel\\Lumen\\Application->callControllerAction(Array)
#21 C:\\xampp\\htdocs\\DuAnThucTap_TP-CDS\\OrderEats\\vendor\\laravel\\lumen-framework\\src\\Concerns\\RoutesRequests.php(267): Laravel\\Lumen\\Application->callActionOnArrayBasedRoute(Array)
#22 C:\\xampp\\htdocs\\DuAnThucTap_TP-CDS\\OrderEats\\vendor\\laravel\\lumen-framework\\src\\Concerns\\RoutesRequests.php(169): Laravel\\Lumen\\Application->handleFoundRoute(Array)
#23 C:\\xampp\\htdocs\\DuAnThucTap_TP-CDS\\OrderEats\\vendor\\laravel\\lumen-framework\\src\\Routing\\Pipeline.php(48): Laravel\\Lumen\\Application->Laravel\\Lumen\\Concerns\\{closure}(Object(Laravel\\Lumen\\Http\\Request))
#24 C:\\xampp\\htdocs\\DuAnThucTap_TP-CDS\\OrderEats\\app\\Http\\Middleware\\ExampleMiddleware.php(18): Laravel\\Lumen\\Routing\\Pipeline->Laravel\\Lumen\\Routing\\{closure}(Object(Laravel\\Lumen\\Http\\Request))
#25 C:\\xampp\\htdocs\\DuAnThucTap_TP-CDS\\OrderEats\\vendor\\illuminate\\pipeline\\Pipeline.php(167): App\\Http\\Middleware\\ExampleMiddleware->handle(Object(Laravel\\Lumen\\Http\\Request), Object(Closure))
#26 C:\\xampp\\htdocs\\DuAnThucTap_TP-CDS\\OrderEats\\vendor\\laravel\\lumen-framework\\src\\Routing\\Pipeline.php(30): Illuminate\\Pipeline\\Pipeline->Illuminate\\Pipeline\\{closure}(Object(Laravel\\Lumen\\Http\\Request))
#27 C:\\xampp\\htdocs\\DuAnThucTap_TP-CDS\\OrderEats\\vendor\\illuminate\\pipeline\\Pipeline.php(103): Laravel\\Lumen\\Routing\\Pipeline->Laravel\\Lumen\\Routing\\{closure}(Object(Laravel\\Lumen\\Http\\Request))
#28 C:\\xampp\\htdocs\\DuAnThucTap_TP-CDS\\OrderEats\\vendor\\laravel\\lumen-framework\\src\\Concerns\\RoutesRequests.php(426): Illuminate\\Pipeline\\Pipeline->then(Object(Closure))
#29 C:\\xampp\\htdocs\\DuAnThucTap_TP-CDS\\OrderEats\\vendor\\laravel\\lumen-framework\\src\\Concerns\\RoutesRequests.php(175): Laravel\\Lumen\\Application->sendThroughPipeline(Array, Object(Closure))
#30 C:\\xampp\\htdocs\\DuAnThucTap_TP-CDS\\OrderEats\\vendor\\laravel\\lumen-framework\\src\\Concerns\\RoutesRequests.php(112): Laravel\\Lumen\\Application->dispatch(NULL)
#31 C:\\xampp\\htdocs\\DuAnThucTap_TP-CDS\\OrderEats\\public\\index.php(28): Laravel\\Lumen\\Application->run()
#32 {main}
"} 
[2023-10-18 07:47:58] local.ERROR: SQLSTATE[23000]: Integrity constraint violation: 1452 Cannot add or update a child row: a foreign key constraint fails (`laravel`.`orders`, CONSTRAINT `orders_shipper_id_foreign` FOREIGN KEY (`shipper_id`) REFERENCES `users` (`id`) ON DELETE CASCADE) (SQL: insert into `orders` (`user_id`, `shipper_id`, `menu_id`, `quantity`, `total_price`, `order_status`, `updated_at`, `created_at`) values (1, 3, 4, 3, 120000, đang xử lý, 2023-10-18 07:47:58, 2023-10-18 07:47:58)) {"exception":"[object] (Illuminate\\Database\\QueryException(code: 23000): SQLSTATE[23000]: Integrity constraint violation: 1452 Cannot add or update a child row: a foreign key constraint fails (`laravel`.`orders`, CONSTRAINT `orders_shipper_id_foreign` FOREIGN KEY (`shipper_id`) REFERENCES `users` (`id`) ON DELETE CASCADE) (SQL: insert into `orders` (`user_id`, `shipper_id`, `menu_id`, `quantity`, `total_price`, `order_status`, `updated_at`, `created_at`) values (1, 3, 4, 3, 120000, đang xử lý, 2023-10-18 07:47:58, 2023-10-18 07:47:58)) at C:\\xampp\\htdocs\\DuAnThucTap_TP-CDS\\OrderEats\\vendor\\illuminate\\database\\Connection.php:712)
[stacktrace]
#0 C:\\xampp\\htdocs\\DuAnThucTap_TP-CDS\\OrderEats\\vendor\\illuminate\\database\\Connection.php(672): Illuminate\\Database\\Connection->runQueryCallback('insert into `or...', Array, Object(Closure))
#1 C:\\xampp\\htdocs\\DuAnThucTap_TP-CDS\\OrderEats\\vendor\\illuminate\\database\\Connection.php(502): Illuminate\\Database\\Connection->run('insert into `or...', Array, Object(Closure))
#2 C:\\xampp\\htdocs\\DuAnThucTap_TP-CDS\\OrderEats\\vendor\\illuminate\\database\\Connection.php(454): Illuminate\\Database\\Connection->statement('insert into `or...', Array)
#3 C:\\xampp\\htdocs\\DuAnThucTap_TP-CDS\\OrderEats\\vendor\\illuminate\\database\\Query\\Processors\\Processor.php(32): Illuminate\\Database\\Connection->insert('insert into `or...', Array)
#4 C:\\xampp\\htdocs\\DuAnThucTap_TP-CDS\\OrderEats\\vendor\\illuminate\\database\\Query\\Builder.php(3028): Illuminate\\Database\\Query\\Processors\\Processor->processInsertGetId(Object(Illuminate\\Database\\Query\\Builder), 'insert into `or...', Array, 'id')
#5 C:\\xampp\\htdocs\\DuAnThucTap_TP-CDS\\OrderEats\\vendor\\illuminate\\database\\Eloquent\\Builder.php(1657): Illuminate\\Database\\Query\\Builder->insertGetId(Array, 'id')
#6 C:\\xampp\\htdocs\\DuAnThucTap_TP-CDS\\OrderEats\\vendor\\illuminate\\database\\Eloquent\\Model.php(1188): Illuminate\\Database\\Eloquent\\Builder->__call('insertGetId', Array)
#7 C:\\xampp\\htdocs\\DuAnThucTap_TP-CDS\\OrderEats\\vendor\\illuminate\\database\\Eloquent\\Model.php(1153): Illuminate\\Database\\Eloquent\\Model->insertAndSetId(Object(Illuminate\\Database\\Eloquent\\Builder), Array)
#8 C:\\xampp\\htdocs\\DuAnThucTap_TP-CDS\\OrderEats\\vendor\\illuminate\\database\\Eloquent\\Model.php(994): Illuminate\\Database\\Eloquent\\Model->performInsert(Object(Illuminate\\Database\\Eloquent\\Builder))
#9 C:\\xampp\\htdocs\\DuAnThucTap_TP-CDS\\OrderEats\\app\\Http\\Controllers\\OrdersController.php(101): Illuminate\\Database\\Eloquent\\Model->save()
#10 C:\\xampp\\htdocs\\DuAnThucTap_TP-CDS\\OrderEats\\vendor\\illuminate\\container\\BoundMethod.php(36): App\\Http\\Controllers\\OrdersController->create(Object(Laravel\\Lumen\\Http\\Request))
#11 C:\\xampp\\htdocs\\DuAnThucTap_TP-CDS\\OrderEats\\vendor\\illuminate\\container\\Util.php(40): Illuminate\\Container\\BoundMethod::Illuminate\\Container\\{closure}()
#12 C:\\xampp\\htdocs\\DuAnThucTap_TP-CDS\\OrderEats\\vendor\\illuminate\\container\\BoundMethod.php(93): Illuminate\\Container\\Util::unwrapIfClosure(Object(Closure))
#13 C:\\xampp\\htdocs\\DuAnThucTap_TP-CDS\\OrderEats\\vendor\\illuminate\\container\\BoundMethod.php(37): Illuminate\\Container\\BoundMethod::callBoundMethod(Object(Laravel\\Lumen\\Application), Array, Object(Closure))
#14 C:\\xampp\\htdocs\\DuAnThucTap_TP-CDS\\OrderEats\\vendor\\illuminate\\container\\Container.php(653): Illuminate\\Container\\BoundMethod::call(Object(Laravel\\Lumen\\Application), Array, Array, NULL)
#15 C:\\xampp\\htdocs\\DuAnThucTap_TP-CDS\\OrderEats\\vendor\\laravel\\lumen-framework\\src\\Concerns\\RoutesRequests.php(389): Illuminate\\Container\\Container->call(Array, Array)
#16 C:\\xampp\\htdocs\\DuAnThucTap_TP-CDS\\OrderEats\\vendor\\laravel\\lumen-framework\\src\\Concerns\\RoutesRequests.php(355): Laravel\\Lumen\\Application->callControllerCallable(Array, Array)
#17 C:\\xampp\\htdocs\\DuAnThucTap_TP-CDS\\OrderEats\\vendor\\laravel\\lumen-framework\\src\\Concerns\\RoutesRequests.php(329): Laravel\\Lumen\\Application->callLumenController(Object(App\\Http\\Controllers\\OrdersController), 'create', Array)
#18 C:\\xampp\\htdocs\\DuAnThucTap_TP-CDS\\OrderEats\\vendor\\laravel\\lumen-framework\\src\\Concerns\\RoutesRequests.php(282): Laravel\\Lumen\\Application->callControllerAction(Array)
#19 C:\\xampp\\htdocs\\DuAnThucTap_TP-CDS\\OrderEats\\vendor\\laravel\\lumen-framework\\src\\Concerns\\RoutesRequests.php(267): Laravel\\Lumen\\Application->callActionOnArrayBasedRoute(Array)
#20 C:\\xampp\\htdocs\\DuAnThucTap_TP-CDS\\OrderEats\\vendor\\laravel\\lumen-framework\\src\\Concerns\\RoutesRequests.php(169): Laravel\\Lumen\\Application->handleFoundRoute(Array)
#21 C:\\xampp\\htdocs\\DuAnThucTap_TP-CDS\\OrderEats\\vendor\\laravel\\lumen-framework\\src\\Routing\\Pipeline.php(48): Laravel\\Lumen\\Application->Laravel\\Lumen\\Concerns\\{closure}(Object(Laravel\\Lumen\\Http\\Request))
#22 C:\\xampp\\htdocs\\DuAnThucTap_TP-CDS\\OrderEats\\app\\Http\\Middleware\\ExampleMiddleware.php(18): Laravel\\Lumen\\Routing\\Pipeline->Laravel\\Lumen\\Routing\\{closure}(Object(Laravel\\Lumen\\Http\\Request))
#23 C:\\xampp\\htdocs\\DuAnThucTap_TP-CDS\\OrderEats\\vendor\\illuminate\\pipeline\\Pipeline.php(167): App\\Http\\Middleware\\ExampleMiddleware->handle(Object(Laravel\\Lumen\\Http\\Request), Object(Closure))
#24 C:\\xampp\\htdocs\\DuAnThucTap_TP-CDS\\OrderEats\\vendor\\laravel\\lumen-framework\\src\\Routing\\Pipeline.php(30): Illuminate\\Pipeline\\Pipeline->Illuminate\\Pipeline\\{closure}(Object(Laravel\\Lumen\\Http\\Request))
#25 C:\\xampp\\htdocs\\DuAnThucTap_TP-CDS\\OrderEats\\vendor\\illuminate\\pipeline\\Pipeline.php(103): Laravel\\Lumen\\Routing\\Pipeline->Laravel\\Lumen\\Routing\\{closure}(Object(Laravel\\Lumen\\Http\\Request))
#26 C:\\xampp\\htdocs\\DuAnThucTap_TP-CDS\\OrderEats\\vendor\\laravel\\lumen-framework\\src\\Concerns\\RoutesRequests.php(426): Illuminate\\Pipeline\\Pipeline->then(Object(Closure))
#27 C:\\xampp\\htdocs\\DuAnThucTap_TP-CDS\\OrderEats\\vendor\\laravel\\lumen-framework\\src\\Concerns\\RoutesRequests.php(175): Laravel\\Lumen\\Application->sendThroughPipeline(Array, Object(Closure))
#28 C:\\xampp\\htdocs\\DuAnThucTap_TP-CDS\\OrderEats\\vendor\\laravel\\lumen-framework\\src\\Concerns\\RoutesRequests.php(112): Laravel\\Lumen\\Application->dispatch(NULL)
#29 C:\\xampp\\htdocs\\DuAnThucTap_TP-CDS\\OrderEats\\public\\index.php(28): Laravel\\Lumen\\Application->run()
#30 {main}

[previous exception] [object] (PDOException(code: 23000): SQLSTATE[23000]: Integrity constraint violation: 1452 Cannot add or update a child row: a foreign key constraint fails (`laravel`.`orders`, CONSTRAINT `orders_shipper_id_foreign` FOREIGN KEY (`shipper_id`) REFERENCES `users` (`id`) ON DELETE CASCADE) at C:\\xampp\\htdocs\\DuAnThucTap_TP-CDS\\OrderEats\\vendor\\illuminate\\database\\Connection.php:501)
[stacktrace]
#0 C:\\xampp\\htdocs\\DuAnThucTap_TP-CDS\\OrderEats\\vendor\\illuminate\\database\\Connection.php(501): PDOStatement->execute()
#1 C:\\xampp\\htdocs\\DuAnThucTap_TP-CDS\\OrderEats\\vendor\\illuminate\\database\\Connection.php(705): Illuminate\\Database\\Connection->Illuminate\\Database\\{closure}('insert into `or...', Array)
#2 C:\\xampp\\htdocs\\DuAnThucTap_TP-CDS\\OrderEats\\vendor\\illuminate\\database\\Connection.php(672): Illuminate\\Database\\Connection->runQueryCallback('insert into `or...', Array, Object(Closure))
#3 C:\\xampp\\htdocs\\DuAnThucTap_TP-CDS\\OrderEats\\vendor\\illuminate\\database\\Connection.php(502): Illuminate\\Database\\Connection->run('insert into `or...', Array, Object(Closure))
#4 C:\\xampp\\htdocs\\DuAnThucTap_TP-CDS\\OrderEats\\vendor\\illuminate\\database\\Connection.php(454): Illuminate\\Database\\Connection->statement('insert into `or...', Array)
#5 C:\\xampp\\htdocs\\DuAnThucTap_TP-CDS\\OrderEats\\vendor\\illuminate\\database\\Query\\Processors\\Processor.php(32): Illuminate\\Database\\Connection->insert('insert into `or...', Array)
#6 C:\\xampp\\htdocs\\DuAnThucTap_TP-CDS\\OrderEats\\vendor\\illuminate\\database\\Query\\Builder.php(3028): Illuminate\\Database\\Query\\Processors\\Processor->processInsertGetId(Object(Illuminate\\Database\\Query\\Builder), 'insert into `or...', Array, 'id')
#7 C:\\xampp\\htdocs\\DuAnThucTap_TP-CDS\\OrderEats\\vendor\\illuminate\\database\\Eloquent\\Builder.php(1657): Illuminate\\Database\\Query\\Builder->insertGetId(Array, 'id')
#8 C:\\xampp\\htdocs\\DuAnThucTap_TP-CDS\\OrderEats\\vendor\\illuminate\\database\\Eloquent\\Model.php(1188): Illuminate\\Database\\Eloquent\\Builder->__call('insertGetId', Array)
#9 C:\\xampp\\htdocs\\DuAnThucTap_TP-CDS\\OrderEats\\vendor\\illuminate\\database\\Eloquent\\Model.php(1153): Illuminate\\Database\\Eloquent\\Model->insertAndSetId(Object(Illuminate\\Database\\Eloquent\\Builder), Array)
#10 C:\\xampp\\htdocs\\DuAnThucTap_TP-CDS\\OrderEats\\vendor\\illuminate\\database\\Eloquent\\Model.php(994): Illuminate\\Database\\Eloquent\\Model->performInsert(Object(Illuminate\\Database\\Eloquent\\Builder))
#11 C:\\xampp\\htdocs\\DuAnThucTap_TP-CDS\\OrderEats\\app\\Http\\Controllers\\OrdersController.php(101): Illuminate\\Database\\Eloquent\\Model->save()
#12 C:\\xampp\\htdocs\\DuAnThucTap_TP-CDS\\OrderEats\\vendor\\illuminate\\container\\BoundMethod.php(36): App\\Http\\Controllers\\OrdersController->create(Object(Laravel\\Lumen\\Http\\Request))
#13 C:\\xampp\\htdocs\\DuAnThucTap_TP-CDS\\OrderEats\\vendor\\illuminate\\container\\Util.php(40): Illuminate\\Container\\BoundMethod::Illuminate\\Container\\{closure}()
#14 C:\\xampp\\htdocs\\DuAnThucTap_TP-CDS\\OrderEats\\vendor\\illuminate\\container\\BoundMethod.php(93): Illuminate\\Container\\Util::unwrapIfClosure(Object(Closure))
#15 C:\\xampp\\htdocs\\DuAnThucTap_TP-CDS\\OrderEats\\vendor\\illuminate\\container\\BoundMethod.php(37): Illuminate\\Container\\BoundMethod::callBoundMethod(Object(Laravel\\Lumen\\Application), Array, Object(Closure))
#16 C:\\xampp\\htdocs\\DuAnThucTap_TP-CDS\\OrderEats\\vendor\\illuminate\\container\\Container.php(653): Illuminate\\Container\\BoundMethod::call(Object(Laravel\\Lumen\\Application), Array, Array, NULL)
#17 C:\\xampp\\htdocs\\DuAnThucTap_TP-CDS\\OrderEats\\vendor\\laravel\\lumen-framework\\src\\Concerns\\RoutesRequests.php(389): Illuminate\\Container\\Container->call(Array, Array)
#18 C:\\xampp\\htdocs\\DuAnThucTap_TP-CDS\\OrderEats\\vendor\\laravel\\lumen-framework\\src\\Concerns\\RoutesRequests.php(355): Laravel\\Lumen\\Application->callControllerCallable(Array, Array)
#19 C:\\xampp\\htdocs\\DuAnThucTap_TP-CDS\\OrderEats\\vendor\\laravel\\lumen-framework\\src\\Concerns\\RoutesRequests.php(329): Laravel\\Lumen\\Application->callLumenController(Object(App\\Http\\Controllers\\OrdersController), 'create', Array)
#20 C:\\xampp\\htdocs\\DuAnThucTap_TP-CDS\\OrderEats\\vendor\\laravel\\lumen-framework\\src\\Concerns\\RoutesRequests.php(282): Laravel\\Lumen\\Application->callControllerAction(Array)
#21 C:\\xampp\\htdocs\\DuAnThucTap_TP-CDS\\OrderEats\\vendor\\laravel\\lumen-framework\\src\\Concerns\\RoutesRequests.php(267): Laravel\\Lumen\\Application->callActionOnArrayBasedRoute(Array)
#22 C:\\xampp\\htdocs\\DuAnThucTap_TP-CDS\\OrderEats\\vendor\\laravel\\lumen-framework\\src\\Concerns\\RoutesRequests.php(169): Laravel\\Lumen\\Application->handleFoundRoute(Array)
#23 C:\\xampp\\htdocs\\DuAnThucTap_TP-CDS\\OrderEats\\vendor\\laravel\\lumen-framework\\src\\Routing\\Pipeline.php(48): Laravel\\Lumen\\Application->Laravel\\Lumen\\Concerns\\{closure}(Object(Laravel\\Lumen\\Http\\Request))
#24 C:\\xampp\\htdocs\\DuAnThucTap_TP-CDS\\OrderEats\\app\\Http\\Middleware\\ExampleMiddleware.php(18): Laravel\\Lumen\\Routing\\Pipeline->Laravel\\Lumen\\Routing\\{closure}(Object(Laravel\\Lumen\\Http\\Request))
#25 C:\\xampp\\htdocs\\DuAnThucTap_TP-CDS\\OrderEats\\vendor\\illuminate\\pipeline\\Pipeline.php(167): App\\Http\\Middleware\\ExampleMiddleware->handle(Object(Laravel\\Lumen\\Http\\Request), Object(Closure))
#26 C:\\xampp\\htdocs\\DuAnThucTap_TP-CDS\\OrderEats\\vendor\\laravel\\lumen-framework\\src\\Routing\\Pipeline.php(30): Illuminate\\Pipeline\\Pipeline->Illuminate\\Pipeline\\{closure}(Object(Laravel\\Lumen\\Http\\Request))
#27 C:\\xampp\\htdocs\\DuAnThucTap_TP-CDS\\OrderEats\\vendor\\illuminate\\pipeline\\Pipeline.php(103): Laravel\\Lumen\\Routing\\Pipeline->Laravel\\Lumen\\Routing\\{closure}(Object(Laravel\\Lumen\\Http\\Request))
#28 C:\\xampp\\htdocs\\DuAnThucTap_TP-CDS\\OrderEats\\vendor\\laravel\\lumen-framework\\src\\Concerns\\RoutesRequests.php(426): Illuminate\\Pipeline\\Pipeline->then(Object(Closure))
#29 C:\\xampp\\htdocs\\DuAnThucTap_TP-CDS\\OrderEats\\vendor\\laravel\\lumen-framework\\src\\Concerns\\RoutesRequests.php(175): Laravel\\Lumen\\Application->sendThroughPipeline(Array, Object(Closure))
#30 C:\\xampp\\htdocs\\DuAnThucTap_TP-CDS\\OrderEats\\vendor\\laravel\\lumen-framework\\src\\Concerns\\RoutesRequests.php(112): Laravel\\Lumen\\Application->dispatch(NULL)
#31 C:\\xampp\\htdocs\\DuAnThucTap_TP-CDS\\OrderEats\\public\\index.php(28): Laravel\\Lumen\\Application->run()
#32 {main}
"} 
[2023-10-18 08:33:38] local.ERROR: SQLSTATE[01000]: Warning: 1265 Data truncated for column 'order_status' at row 1 (SQL: update `orders` set `order_status` = Đang giao, `orders`.`updated_at` = 2023-10-18 08:33:38 where `id` = 1) {"exception":"[object] (Illuminate\\Database\\QueryException(code: 01000): SQLSTATE[01000]: Warning: 1265 Data truncated for column 'order_status' at row 1 (SQL: update `orders` set `order_status` = Đang giao, `orders`.`updated_at` = 2023-10-18 08:33:38 where `id` = 1) at C:\\xampp\\htdocs\\DuAnThucTap_TP-CDS\\OrderEats\\vendor\\illuminate\\database\\Connection.php:712)
[stacktrace]
#0 C:\\xampp\\htdocs\\DuAnThucTap_TP-CDS\\OrderEats\\vendor\\illuminate\\database\\Connection.php(672): Illuminate\\Database\\Connection->runQueryCallback('update `orders`...', Array, Object(Closure))
#1 C:\\xampp\\htdocs\\DuAnThucTap_TP-CDS\\OrderEats\\vendor\\illuminate\\database\\Connection.php(533): Illuminate\\Database\\Connection->run('update `orders`...', Array, Object(Closure))
#2 C:\\xampp\\htdocs\\DuAnThucTap_TP-CDS\\OrderEats\\vendor\\illuminate\\database\\Connection.php(466): Illuminate\\Database\\Connection->affectingStatement('update `orders`...', Array)
#3 C:\\xampp\\htdocs\\DuAnThucTap_TP-CDS\\OrderEats\\vendor\\illuminate\\database\\Query\\Builder.php(3063): Illuminate\\Database\\Connection->update('update `orders`...', Array)
#4 C:\\xampp\\htdocs\\DuAnThucTap_TP-CDS\\OrderEats\\vendor\\illuminate\\database\\Eloquent\\Builder.php(921): Illuminate\\Database\\Query\\Builder->update(Array)
#5 C:\\xampp\\htdocs\\DuAnThucTap_TP-CDS\\OrderEats\\vendor\\illuminate\\database\\Eloquent\\Model.php(1072): Illuminate\\Database\\Eloquent\\Builder->update(Array)
#6 C:\\xampp\\htdocs\\DuAnThucTap_TP-CDS\\OrderEats\\vendor\\illuminate\\database\\Eloquent\\Model.php(987): Illuminate\\Database\\Eloquent\\Model->performUpdate(Object(Illuminate\\Database\\Eloquent\\Builder))
#7 C:\\xampp\\htdocs\\DuAnThucTap_TP-CDS\\OrderEats\\app\\Http\\Controllers\\ShipperCheckOrderController.php(120): Illuminate\\Database\\Eloquent\\Model->save()
#8 C:\\xampp\\htdocs\\DuAnThucTap_TP-CDS\\OrderEats\\vendor\\illuminate\\container\\BoundMethod.php(36): App\\Http\\Controllers\\ShipperCheckOrderController->update(Object(Laravel\\Lumen\\Http\\Request), '1')
#9 C:\\xampp\\htdocs\\DuAnThucTap_TP-CDS\\OrderEats\\vendor\\illuminate\\container\\Util.php(40): Illuminate\\Container\\BoundMethod::Illuminate\\Container\\{closure}()
#10 C:\\xampp\\htdocs\\DuAnThucTap_TP-CDS\\OrderEats\\vendor\\illuminate\\container\\BoundMethod.php(93): Illuminate\\Container\\Util::unwrapIfClosure(Object(Closure))
#11 C:\\xampp\\htdocs\\DuAnThucTap_TP-CDS\\OrderEats\\vendor\\illuminate\\container\\BoundMethod.php(37): Illuminate\\Container\\BoundMethod::callBoundMethod(Object(Laravel\\Lumen\\Application), Array, Object(Closure))
#12 C:\\xampp\\htdocs\\DuAnThucTap_TP-CDS\\OrderEats\\vendor\\illuminate\\container\\Container.php(653): Illuminate\\Container\\BoundMethod::call(Object(Laravel\\Lumen\\Application), Array, Array, NULL)
#13 C:\\xampp\\htdocs\\DuAnThucTap_TP-CDS\\OrderEats\\vendor\\laravel\\lumen-framework\\src\\Concerns\\RoutesRequests.php(389): Illuminate\\Container\\Container->call(Array, Array)
#14 C:\\xampp\\htdocs\\DuAnThucTap_TP-CDS\\OrderEats\\vendor\\laravel\\lumen-framework\\src\\Concerns\\RoutesRequests.php(355): Laravel\\Lumen\\Application->callControllerCallable(Array, Array)
#15 C:\\xampp\\htdocs\\DuAnThucTap_TP-CDS\\OrderEats\\vendor\\laravel\\lumen-framework\\src\\Concerns\\RoutesRequests.php(329): Laravel\\Lumen\\Application->callLumenController(Object(App\\Http\\Controllers\\ShipperCheckOrderController), 'update', Array)
#16 C:\\xampp\\htdocs\\DuAnThucTap_TP-CDS\\OrderEats\\vendor\\laravel\\lumen-framework\\src\\Concerns\\RoutesRequests.php(282): Laravel\\Lumen\\Application->callControllerAction(Array)
#17 C:\\xampp\\htdocs\\DuAnThucTap_TP-CDS\\OrderEats\\vendor\\laravel\\lumen-framework\\src\\Concerns\\RoutesRequests.php(267): Laravel\\Lumen\\Application->callActionOnArrayBasedRoute(Array)
#18 C:\\xampp\\htdocs\\DuAnThucTap_TP-CDS\\OrderEats\\vendor\\laravel\\lumen-framework\\src\\Concerns\\RoutesRequests.php(237): Laravel\\Lumen\\Application->handleFoundRoute(Array)
#19 C:\\xampp\\htdocs\\DuAnThucTap_TP-CDS\\OrderEats\\vendor\\laravel\\lumen-framework\\src\\Concerns\\RoutesRequests.php(173): Laravel\\Lumen\\Application->handleDispatcherResponse(Array)
#20 C:\\xampp\\htdocs\\DuAnThucTap_TP-CDS\\OrderEats\\vendor\\laravel\\lumen-framework\\src\\Routing\\Pipeline.php(48): Laravel\\Lumen\\Application->Laravel\\Lumen\\Concerns\\{closure}(Object(Laravel\\Lumen\\Http\\Request))
#21 C:\\xampp\\htdocs\\DuAnThucTap_TP-CDS\\OrderEats\\app\\Http\\Middleware\\ExampleMiddleware.php(18): Laravel\\Lumen\\Routing\\Pipeline->Laravel\\Lumen\\Routing\\{closure}(Object(Laravel\\Lumen\\Http\\Request))
#22 C:\\xampp\\htdocs\\DuAnThucTap_TP-CDS\\OrderEats\\vendor\\illuminate\\pipeline\\Pipeline.php(167): App\\Http\\Middleware\\ExampleMiddleware->handle(Object(Laravel\\Lumen\\Http\\Request), Object(Closure))
#23 C:\\xampp\\htdocs\\DuAnThucTap_TP-CDS\\OrderEats\\vendor\\laravel\\lumen-framework\\src\\Routing\\Pipeline.php(30): Illuminate\\Pipeline\\Pipeline->Illuminate\\Pipeline\\{closure}(Object(Laravel\\Lumen\\Http\\Request))
#24 C:\\xampp\\htdocs\\DuAnThucTap_TP-CDS\\OrderEats\\vendor\\illuminate\\pipeline\\Pipeline.php(103): Laravel\\Lumen\\Routing\\Pipeline->Laravel\\Lumen\\Routing\\{closure}(Object(Laravel\\Lumen\\Http\\Request))
#25 C:\\xampp\\htdocs\\DuAnThucTap_TP-CDS\\OrderEats\\vendor\\laravel\\lumen-framework\\src\\Concerns\\RoutesRequests.php(426): Illuminate\\Pipeline\\Pipeline->then(Object(Closure))
#26 C:\\xampp\\htdocs\\DuAnThucTap_TP-CDS\\OrderEats\\vendor\\laravel\\lumen-framework\\src\\Concerns\\RoutesRequests.php(175): Laravel\\Lumen\\Application->sendThroughPipeline(Array, Object(Closure))
#27 C:\\xampp\\htdocs\\DuAnThucTap_TP-CDS\\OrderEats\\vendor\\laravel\\lumen-framework\\src\\Concerns\\RoutesRequests.php(112): Laravel\\Lumen\\Application->dispatch(NULL)
#28 C:\\xampp\\htdocs\\DuAnThucTap_TP-CDS\\OrderEats\\public\\index.php(28): Laravel\\Lumen\\Application->run()
#29 {main}

[previous exception] [object] (PDOException(code: 01000): SQLSTATE[01000]: Warning: 1265 Data truncated for column 'order_status' at row 1 at C:\\xampp\\htdocs\\DuAnThucTap_TP-CDS\\OrderEats\\vendor\\illuminate\\database\\Connection.php:526)
[stacktrace]
#0 C:\\xampp\\htdocs\\DuAnThucTap_TP-CDS\\OrderEats\\vendor\\illuminate\\database\\Connection.php(526): PDOStatement->execute()
#1 C:\\xampp\\htdocs\\DuAnThucTap_TP-CDS\\OrderEats\\vendor\\illuminate\\database\\Connection.php(705): Illuminate\\Database\\Connection->Illuminate\\Database\\{closure}('update `orders`...', Array)
#2 C:\\xampp\\htdocs\\DuAnThucTap_TP-CDS\\OrderEats\\vendor\\illuminate\\database\\Connection.php(672): Illuminate\\Database\\Connection->runQueryCallback('update `orders`...', Array, Object(Closure))
#3 C:\\xampp\\htdocs\\DuAnThucTap_TP-CDS\\OrderEats\\vendor\\illuminate\\database\\Connection.php(533): Illuminate\\Database\\Connection->run('update `orders`...', Array, Object(Closure))
#4 C:\\xampp\\htdocs\\DuAnThucTap_TP-CDS\\OrderEats\\vendor\\illuminate\\database\\Connection.php(466): Illuminate\\Database\\Connection->affectingStatement('update `orders`...', Array)
#5 C:\\xampp\\htdocs\\DuAnThucTap_TP-CDS\\OrderEats\\vendor\\illuminate\\database\\Query\\Builder.php(3063): Illuminate\\Database\\Connection->update('update `orders`...', Array)
#6 C:\\xampp\\htdocs\\DuAnThucTap_TP-CDS\\OrderEats\\vendor\\illuminate\\database\\Eloquent\\Builder.php(921): Illuminate\\Database\\Query\\Builder->update(Array)
#7 C:\\xampp\\htdocs\\DuAnThucTap_TP-CDS\\OrderEats\\vendor\\illuminate\\database\\Eloquent\\Model.php(1072): Illuminate\\Database\\Eloquent\\Builder->update(Array)
#8 C:\\xampp\\htdocs\\DuAnThucTap_TP-CDS\\OrderEats\\vendor\\illuminate\\database\\Eloquent\\Model.php(987): Illuminate\\Database\\Eloquent\\Model->performUpdate(Object(Illuminate\\Database\\Eloquent\\Builder))
#9 C:\\xampp\\htdocs\\DuAnThucTap_TP-CDS\\OrderEats\\app\\Http\\Controllers\\ShipperCheckOrderController.php(120): Illuminate\\Database\\Eloquent\\Model->save()
#10 C:\\xampp\\htdocs\\DuAnThucTap_TP-CDS\\OrderEats\\vendor\\illuminate\\container\\BoundMethod.php(36): App\\Http\\Controllers\\ShipperCheckOrderController->update(Object(Laravel\\Lumen\\Http\\Request), '1')
#11 C:\\xampp\\htdocs\\DuAnThucTap_TP-CDS\\OrderEats\\vendor\\illuminate\\container\\Util.php(40): Illuminate\\Container\\BoundMethod::Illuminate\\Container\\{closure}()
#12 C:\\xampp\\htdocs\\DuAnThucTap_TP-CDS\\OrderEats\\vendor\\illuminate\\container\\BoundMethod.php(93): Illuminate\\Container\\Util::unwrapIfClosure(Object(Closure))
#13 C:\\xampp\\htdocs\\DuAnThucTap_TP-CDS\\OrderEats\\vendor\\illuminate\\container\\BoundMethod.php(37): Illuminate\\Container\\BoundMethod::callBoundMethod(Object(Laravel\\Lumen\\Application), Array, Object(Closure))
#14 C:\\xampp\\htdocs\\DuAnThucTap_TP-CDS\\OrderEats\\vendor\\illuminate\\container\\Container.php(653): Illuminate\\Container\\BoundMethod::call(Object(Laravel\\Lumen\\Application), Array, Array, NULL)
#15 C:\\xampp\\htdocs\\DuAnThucTap_TP-CDS\\OrderEats\\vendor\\laravel\\lumen-framework\\src\\Concerns\\RoutesRequests.php(389): Illuminate\\Container\\Container->call(Array, Array)
#16 C:\\xampp\\htdocs\\DuAnThucTap_TP-CDS\\OrderEats\\vendor\\laravel\\lumen-framework\\src\\Concerns\\RoutesRequests.php(355): Laravel\\Lumen\\Application->callControllerCallable(Array, Array)
#17 C:\\xampp\\htdocs\\DuAnThucTap_TP-CDS\\OrderEats\\vendor\\laravel\\lumen-framework\\src\\Concerns\\RoutesRequests.php(329): Laravel\\Lumen\\Application->callLumenController(Object(App\\Http\\Controllers\\ShipperCheckOrderController), 'update', Array)
#18 C:\\xampp\\htdocs\\DuAnThucTap_TP-CDS\\OrderEats\\vendor\\laravel\\lumen-framework\\src\\Concerns\\RoutesRequests.php(282): Laravel\\Lumen\\Application->callControllerAction(Array)
#19 C:\\xampp\\htdocs\\DuAnThucTap_TP-CDS\\OrderEats\\vendor\\laravel\\lumen-framework\\src\\Concerns\\RoutesRequests.php(267): Laravel\\Lumen\\Application->callActionOnArrayBasedRoute(Array)
#20 C:\\xampp\\htdocs\\DuAnThucTap_TP-CDS\\OrderEats\\vendor\\laravel\\lumen-framework\\src\\Concerns\\RoutesRequests.php(237): Laravel\\Lumen\\Application->handleFoundRoute(Array)
#21 C:\\xampp\\htdocs\\DuAnThucTap_TP-CDS\\OrderEats\\vendor\\laravel\\lumen-framework\\src\\Concerns\\RoutesRequests.php(173): Laravel\\Lumen\\Application->handleDispatcherResponse(Array)
#22 C:\\xampp\\htdocs\\DuAnThucTap_TP-CDS\\OrderEats\\vendor\\laravel\\lumen-framework\\src\\Routing\\Pipeline.php(48): Laravel\\Lumen\\Application->Laravel\\Lumen\\Concerns\\{closure}(Object(Laravel\\Lumen\\Http\\Request))
#23 C:\\xampp\\htdocs\\DuAnThucTap_TP-CDS\\OrderEats\\app\\Http\\Middleware\\ExampleMiddleware.php(18): Laravel\\Lumen\\Routing\\Pipeline->Laravel\\Lumen\\Routing\\{closure}(Object(Laravel\\Lumen\\Http\\Request))
#24 C:\\xampp\\htdocs\\DuAnThucTap_TP-CDS\\OrderEats\\vendor\\illuminate\\pipeline\\Pipeline.php(167): App\\Http\\Middleware\\ExampleMiddleware->handle(Object(Laravel\\Lumen\\Http\\Request), Object(Closure))
#25 C:\\xampp\\htdocs\\DuAnThucTap_TP-CDS\\OrderEats\\vendor\\laravel\\lumen-framework\\src\\Routing\\Pipeline.php(30): Illuminate\\Pipeline\\Pipeline->Illuminate\\Pipeline\\{closure}(Object(Laravel\\Lumen\\Http\\Request))
#26 C:\\xampp\\htdocs\\DuAnThucTap_TP-CDS\\OrderEats\\vendor\\illuminate\\pipeline\\Pipeline.php(103): Laravel\\Lumen\\Routing\\Pipeline->Laravel\\Lumen\\Routing\\{closure}(Object(Laravel\\Lumen\\Http\\Request))
#27 C:\\xampp\\htdocs\\DuAnThucTap_TP-CDS\\OrderEats\\vendor\\laravel\\lumen-framework\\src\\Concerns\\RoutesRequests.php(426): Illuminate\\Pipeline\\Pipeline->then(Object(Closure))
#28 C:\\xampp\\htdocs\\DuAnThucTap_TP-CDS\\OrderEats\\vendor\\laravel\\lumen-framework\\src\\Concerns\\RoutesRequests.php(175): Laravel\\Lumen\\Application->sendThroughPipeline(Array, Object(Closure))
#29 C:\\xampp\\htdocs\\DuAnThucTap_TP-CDS\\OrderEats\\vendor\\laravel\\lumen-framework\\src\\Concerns\\RoutesRequests.php(112): Laravel\\Lumen\\Application->dispatch(NULL)
#30 C:\\xampp\\htdocs\\DuAnThucTap_TP-CDS\\OrderEats\\public\\index.php(28): Laravel\\Lumen\\Application->run()
#31 {main}
"} 
[2023-10-18 09:38:16] local.ERROR: Unsupported operand types: bool & string {"exception":"[object] (TypeError(code: 0): Unsupported operand types: bool & string at C:\\xampp\\htdocs\\DuAnThucTap_TP-CDS\\OrderEats\\app\\Http\\Controllers\\ShipperCheckOrderController.php:17)
[stacktrace]
#0 [internal function]: App\\Http\\Controllers\\ShipperCheckOrderController->App\\Http\\Controllers\\{closure}(Object(App\\Models\\Orders), 0)
#1 C:\\xampp\\htdocs\\DuAnThucTap_TP-CDS\\OrderEats\\vendor\\illuminate\\collections\\Arr.php(717): array_filter(Array, Object(Closure), 1)
#2 C:\\xampp\\htdocs\\DuAnThucTap_TP-CDS\\OrderEats\\vendor\\illuminate\\collections\\Collection.php(358): Illuminate\\Support\\Arr::where(Array, Object(Closure))
#3 C:\\xampp\\htdocs\\DuAnThucTap_TP-CDS\\OrderEats\\app\\Http\\Controllers\\ShipperCheckOrderController.php(18): Illuminate\\Support\\Collection->filter(Object(Closure))
#4 C:\\xampp\\htdocs\\DuAnThucTap_TP-CDS\\OrderEats\\vendor\\illuminate\\container\\BoundMethod.php(36): App\\Http\\Controllers\\ShipperCheckOrderController->index()
#5 C:\\xampp\\htdocs\\DuAnThucTap_TP-CDS\\OrderEats\\vendor\\illuminate\\container\\Util.php(40): Illuminate\\Container\\BoundMethod::Illuminate\\Container\\{closure}()
#6 C:\\xampp\\htdocs\\DuAnThucTap_TP-CDS\\OrderEats\\vendor\\illuminate\\container\\BoundMethod.php(93): Illuminate\\Container\\Util::unwrapIfClosure(Object(Closure))
#7 C:\\xampp\\htdocs\\DuAnThucTap_TP-CDS\\OrderEats\\vendor\\illuminate\\container\\BoundMethod.php(37): Illuminate\\Container\\BoundMethod::callBoundMethod(Object(Laravel\\Lumen\\Application), Array, Object(Closure))
#8 C:\\xampp\\htdocs\\DuAnThucTap_TP-CDS\\OrderEats\\vendor\\illuminate\\container\\Container.php(653): Illuminate\\Container\\BoundMethod::call(Object(Laravel\\Lumen\\Application), Array, Array, NULL)
#9 C:\\xampp\\htdocs\\DuAnThucTap_TP-CDS\\OrderEats\\vendor\\laravel\\lumen-framework\\src\\Concerns\\RoutesRequests.php(389): Illuminate\\Container\\Container->call(Array, Array)
#10 C:\\xampp\\htdocs\\DuAnThucTap_TP-CDS\\OrderEats\\vendor\\laravel\\lumen-framework\\src\\Concerns\\RoutesRequests.php(355): Laravel\\Lumen\\Application->callControllerCallable(Array, Array)
#11 C:\\xampp\\htdocs\\DuAnThucTap_TP-CDS\\OrderEats\\vendor\\laravel\\lumen-framework\\src\\Concerns\\RoutesRequests.php(329): Laravel\\Lumen\\Application->callLumenController(Object(App\\Http\\Controllers\\ShipperCheckOrderController), 'index', Array)
#12 C:\\xampp\\htdocs\\DuAnThucTap_TP-CDS\\OrderEats\\vendor\\laravel\\lumen-framework\\src\\Concerns\\RoutesRequests.php(282): Laravel\\Lumen\\Application->callControllerAction(Array)
#13 C:\\xampp\\htdocs\\DuAnThucTap_TP-CDS\\OrderEats\\vendor\\laravel\\lumen-framework\\src\\Concerns\\RoutesRequests.php(267): Laravel\\Lumen\\Application->callActionOnArrayBasedRoute(Array)
#14 C:\\xampp\\htdocs\\DuAnThucTap_TP-CDS\\OrderEats\\vendor\\laravel\\lumen-framework\\src\\Concerns\\RoutesRequests.php(169): Laravel\\Lumen\\Application->handleFoundRoute(Array)
#15 C:\\xampp\\htdocs\\DuAnThucTap_TP-CDS\\OrderEats\\vendor\\laravel\\lumen-framework\\src\\Routing\\Pipeline.php(48): Laravel\\Lumen\\Application->Laravel\\Lumen\\Concerns\\{closure}(Object(Laravel\\Lumen\\Http\\Request))
#16 C:\\xampp\\htdocs\\DuAnThucTap_TP-CDS\\OrderEats\\app\\Http\\Middleware\\ExampleMiddleware.php(18): Laravel\\Lumen\\Routing\\Pipeline->Laravel\\Lumen\\Routing\\{closure}(Object(Laravel\\Lumen\\Http\\Request))
#17 C:\\xampp\\htdocs\\DuAnThucTap_TP-CDS\\OrderEats\\vendor\\illuminate\\pipeline\\Pipeline.php(167): App\\Http\\Middleware\\ExampleMiddleware->handle(Object(Laravel\\Lumen\\Http\\Request), Object(Closure))
#18 C:\\xampp\\htdocs\\DuAnThucTap_TP-CDS\\OrderEats\\vendor\\laravel\\lumen-framework\\src\\Routing\\Pipeline.php(30): Illuminate\\Pipeline\\Pipeline->Illuminate\\Pipeline\\{closure}(Object(Laravel\\Lumen\\Http\\Request))
#19 C:\\xampp\\htdocs\\DuAnThucTap_TP-CDS\\OrderEats\\vendor\\illuminate\\pipeline\\Pipeline.php(103): Laravel\\Lumen\\Routing\\Pipeline->Laravel\\Lumen\\Routing\\{closure}(Object(Laravel\\Lumen\\Http\\Request))
#20 C:\\xampp\\htdocs\\DuAnThucTap_TP-CDS\\OrderEats\\vendor\\laravel\\lumen-framework\\src\\Concerns\\RoutesRequests.php(426): Illuminate\\Pipeline\\Pipeline->then(Object(Closure))
#21 C:\\xampp\\htdocs\\DuAnThucTap_TP-CDS\\OrderEats\\vendor\\laravel\\lumen-framework\\src\\Concerns\\RoutesRequests.php(175): Laravel\\Lumen\\Application->sendThroughPipeline(Array, Object(Closure))
#22 C:\\xampp\\htdocs\\DuAnThucTap_TP-CDS\\OrderEats\\vendor\\laravel\\lumen-framework\\src\\Concerns\\RoutesRequests.php(112): Laravel\\Lumen\\Application->dispatch(NULL)
#23 C:\\xampp\\htdocs\\DuAnThucTap_TP-CDS\\OrderEats\\public\\index.php(28): Laravel\\Lumen\\Application->run()
#24 {main}
"} 
