[2023-10-30 17:25:40] local.ERROR: Call to a member function isEmpty() on null {"exception":"[object] (Error(code: 0): Call to a member function isEmpty() on null at C:\\xampp\\htdocs\\DuAnThucTap_TP-CDS\\OrderEats\\app\\Http\\Controllers\\OrdersController.php:69)
[stacktrace]
#0 C:\\xampp\\htdocs\\DuAnThucTap_TP-CDS\\OrderEats\\vendor\\illuminate\\container\\BoundMethod.php(36): App\\Http\\Controllers\\OrdersController->show(Object(Laravel\\Lumen\\Http\\Request), '2')
#1 C:\\xampp\\htdocs\\DuAnThucTap_TP-CDS\\OrderEats\\vendor\\illuminate\\container\\Util.php(40): Illuminate\\Container\\BoundMethod::Illuminate\\Container\\{closure}()
#2 C:\\xampp\\htdocs\\DuAnThucTap_TP-CDS\\OrderEats\\vendor\\illuminate\\container\\BoundMethod.php(93): Illuminate\\Container\\Util::unwrapIfClosure(Object(Closure))
#3 C:\\xampp\\htdocs\\DuAnThucTap_TP-CDS\\OrderEats\\vendor\\illuminate\\container\\BoundMethod.php(37): Illuminate\\Container\\BoundMethod::callBoundMethod(Object(Laravel\\Lumen\\Application), Array, Object(Closure))
#4 C:\\xampp\\htdocs\\DuAnThucTap_TP-CDS\\OrderEats\\vendor\\illuminate\\container\\Container.php(653): Illuminate\\Container\\BoundMethod::call(Object(Laravel\\Lumen\\Application), Array, Array, NULL)
#5 C:\\xampp\\htdocs\\DuAnThucTap_TP-CDS\\OrderEats\\vendor\\laravel\\lumen-framework\\src\\Concerns\\RoutesRequests.php(389): Illuminate\\Container\\Container->call(Array, Array)
#6 C:\\xampp\\htdocs\\DuAnThucTap_TP-CDS\\OrderEats\\vendor\\laravel\\lumen-framework\\src\\Concerns\\RoutesRequests.php(355): Laravel\\Lumen\\Application->callControllerCallable(Array, Array)
#7 C:\\xampp\\htdocs\\DuAnThucTap_TP-CDS\\OrderEats\\vendor\\laravel\\lumen-framework\\src\\Concerns\\RoutesRequests.php(329): Laravel\\Lumen\\Application->callLumenController(Object(App\\Http\\Controllers\\OrdersController), 'show', Array)
#8 C:\\xampp\\htdocs\\DuAnThucTap_TP-CDS\\OrderEats\\vendor\\laravel\\lumen-framework\\src\\Concerns\\RoutesRequests.php(282): Laravel\\Lumen\\Application->callControllerAction(Array)
#9 C:\\xampp\\htdocs\\DuAnThucTap_TP-CDS\\OrderEats\\vendor\\laravel\\lumen-framework\\src\\Concerns\\RoutesRequests.php(267): Laravel\\Lumen\\Application->callActionOnArrayBasedRoute(Array)
#10 C:\\xampp\\htdocs\\DuAnThucTap_TP-CDS\\OrderEats\\vendor\\laravel\\lumen-framework\\src\\Concerns\\RoutesRequests.php(237): Laravel\\Lumen\\Application->handleFoundRoute(Array)
#11 C:\\xampp\\htdocs\\DuAnThucTap_TP-CDS\\OrderEats\\vendor\\laravel\\lumen-framework\\src\\Concerns\\RoutesRequests.php(173): Laravel\\Lumen\\Application->handleDispatcherResponse(Array)
#12 C:\\xampp\\htdocs\\DuAnThucTap_TP-CDS\\OrderEats\\vendor\\laravel\\lumen-framework\\src\\Routing\\Pipeline.php(48): Laravel\\Lumen\\Application->Laravel\\Lumen\\Concerns\\{closure}(Object(Laravel\\Lumen\\Http\\Request))
#13 C:\\xampp\\htdocs\\DuAnThucTap_TP-CDS\\OrderEats\\app\\Http\\Middleware\\ExampleMiddleware.php(18): Laravel\\Lumen\\Routing\\Pipeline->Laravel\\Lumen\\Routing\\{closure}(Object(Laravel\\Lumen\\Http\\Request))
#14 C:\\xampp\\htdocs\\DuAnThucTap_TP-CDS\\OrderEats\\vendor\\illuminate\\pipeline\\Pipeline.php(167): App\\Http\\Middleware\\ExampleMiddleware->handle(Object(Laravel\\Lumen\\Http\\Request), Object(Closure))
#15 C:\\xampp\\htdocs\\DuAnThucTap_TP-CDS\\OrderEats\\vendor\\laravel\\lumen-framework\\src\\Routing\\Pipeline.php(30): Illuminate\\Pipeline\\Pipeline->Illuminate\\Pipeline\\{closure}(Object(Laravel\\Lumen\\Http\\Request))
#16 C:\\xampp\\htdocs\\DuAnThucTap_TP-CDS\\OrderEats\\vendor\\illuminate\\pipeline\\Pipeline.php(103): Laravel\\Lumen\\Routing\\Pipeline->Laravel\\Lumen\\Routing\\{closure}(Object(Laravel\\Lumen\\Http\\Request))
#17 C:\\xampp\\htdocs\\DuAnThucTap_TP-CDS\\OrderEats\\vendor\\laravel\\lumen-framework\\src\\Concerns\\RoutesRequests.php(426): Illuminate\\Pipeline\\Pipeline->then(Object(Closure))
#18 C:\\xampp\\htdocs\\DuAnThucTap_TP-CDS\\OrderEats\\vendor\\laravel\\lumen-framework\\src\\Concerns\\RoutesRequests.php(175): Laravel\\Lumen\\Application->sendThroughPipeline(Array, Object(Closure))
#19 C:\\xampp\\htdocs\\DuAnThucTap_TP-CDS\\OrderEats\\vendor\\laravel\\lumen-framework\\src\\Concerns\\RoutesRequests.php(112): Laravel\\Lumen\\Application->dispatch(NULL)
#20 C:\\xampp\\htdocs\\DuAnThucTap_TP-CDS\\OrderEats\\public\\index.php(28): Laravel\\Lumen\\Application->run()
#21 {main}
"} 
[2023-10-30 17:26:12] local.ERROR: syntax error, unexpected token "return" {"exception":"[object] (ParseError(code: 0): syntax error, unexpected token \"return\" at C:\\xampp\\htdocs\\DuAnThucTap_TP-CDS\\OrderEats\\app\\Http\\Controllers\\OrdersController.php:74)
[stacktrace]
#0 C:\\xampp\\htdocs\\DuAnThucTap_TP-CDS\\OrderEats\\vendor\\composer\\ClassLoader.php(427): Composer\\Autoload\\{closure}('C:\\\\xampp\\\\htdocs...')
#1 [internal function]: Composer\\Autoload\\ClassLoader->loadClass('App\\\\Http\\\\Contro...')
#2 C:\\xampp\\htdocs\\DuAnThucTap_TP-CDS\\OrderEats\\vendor\\illuminate\\container\\Container.php(877): ReflectionClass->__construct('App\\\\Http\\\\Contro...')
#3 C:\\xampp\\htdocs\\DuAnThucTap_TP-CDS\\OrderEats\\vendor\\illuminate\\container\\Container.php(758): Illuminate\\Container\\Container->build('App\\\\Http\\\\Contro...')
#4 C:\\xampp\\htdocs\\DuAnThucTap_TP-CDS\\OrderEats\\vendor\\illuminate\\container\\Container.php(694): Illuminate\\Container\\Container->resolve('App\\\\Http\\\\Contro...', Array)
#5 C:\\xampp\\htdocs\\DuAnThucTap_TP-CDS\\OrderEats\\vendor\\laravel\\lumen-framework\\src\\Application.php(300): Illuminate\\Container\\Container->make('App\\\\Http\\\\Contro...', Array)
#6 C:\\xampp\\htdocs\\DuAnThucTap_TP-CDS\\OrderEats\\vendor\\laravel\\lumen-framework\\src\\Concerns\\RoutesRequests.php(324): Laravel\\Lumen\\Application->make('App\\\\Http\\\\Contro...')
#7 C:\\xampp\\htdocs\\DuAnThucTap_TP-CDS\\OrderEats\\vendor\\laravel\\lumen-framework\\src\\Concerns\\RoutesRequests.php(282): Laravel\\Lumen\\Application->callControllerAction(Array)
#8 C:\\xampp\\htdocs\\DuAnThucTap_TP-CDS\\OrderEats\\vendor\\laravel\\lumen-framework\\src\\Concerns\\RoutesRequests.php(267): Laravel\\Lumen\\Application->callActionOnArrayBasedRoute(Array)
#9 C:\\xampp\\htdocs\\DuAnThucTap_TP-CDS\\OrderEats\\vendor\\laravel\\lumen-framework\\src\\Concerns\\RoutesRequests.php(237): Laravel\\Lumen\\Application->handleFoundRoute(Array)
#10 C:\\xampp\\htdocs\\DuAnThucTap_TP-CDS\\OrderEats\\vendor\\laravel\\lumen-framework\\src\\Concerns\\RoutesRequests.php(173): Laravel\\Lumen\\Application->handleDispatcherResponse(Array)
#11 C:\\xampp\\htdocs\\DuAnThucTap_TP-CDS\\OrderEats\\vendor\\laravel\\lumen-framework\\src\\Routing\\Pipeline.php(48): Laravel\\Lumen\\Application->Laravel\\Lumen\\Concerns\\{closure}(Object(Laravel\\Lumen\\Http\\Request))
#12 C:\\xampp\\htdocs\\DuAnThucTap_TP-CDS\\OrderEats\\app\\Http\\Middleware\\ExampleMiddleware.php(18): Laravel\\Lumen\\Routing\\Pipeline->Laravel\\Lumen\\Routing\\{closure}(Object(Laravel\\Lumen\\Http\\Request))
#13 C:\\xampp\\htdocs\\DuAnThucTap_TP-CDS\\OrderEats\\vendor\\illuminate\\pipeline\\Pipeline.php(167): App\\Http\\Middleware\\ExampleMiddleware->handle(Object(Laravel\\Lumen\\Http\\Request), Object(Closure))
#14 C:\\xampp\\htdocs\\DuAnThucTap_TP-CDS\\OrderEats\\vendor\\laravel\\lumen-framework\\src\\Routing\\Pipeline.php(30): Illuminate\\Pipeline\\Pipeline->Illuminate\\Pipeline\\{closure}(Object(Laravel\\Lumen\\Http\\Request))
#15 C:\\xampp\\htdocs\\DuAnThucTap_TP-CDS\\OrderEats\\vendor\\illuminate\\pipeline\\Pipeline.php(103): Laravel\\Lumen\\Routing\\Pipeline->Laravel\\Lumen\\Routing\\{closure}(Object(Laravel\\Lumen\\Http\\Request))
#16 C:\\xampp\\htdocs\\DuAnThucTap_TP-CDS\\OrderEats\\vendor\\laravel\\lumen-framework\\src\\Concerns\\RoutesRequests.php(426): Illuminate\\Pipeline\\Pipeline->then(Object(Closure))
#17 C:\\xampp\\htdocs\\DuAnThucTap_TP-CDS\\OrderEats\\vendor\\laravel\\lumen-framework\\src\\Concerns\\RoutesRequests.php(175): Laravel\\Lumen\\Application->sendThroughPipeline(Array, Object(Closure))
#18 C:\\xampp\\htdocs\\DuAnThucTap_TP-CDS\\OrderEats\\vendor\\laravel\\lumen-framework\\src\\Concerns\\RoutesRequests.php(112): Laravel\\Lumen\\Application->dispatch(NULL)
#19 C:\\xampp\\htdocs\\DuAnThucTap_TP-CDS\\OrderEats\\public\\index.php(28): Laravel\\Lumen\\Application->run()
#20 {main}
"} 
[2023-10-30 17:26:34] local.ERROR: Undefined variable $order {"exception":"[object] (ErrorException(code: 0): Undefined variable $order at C:\\xampp\\htdocs\\DuAnThucTap_TP-CDS\\OrderEats\\app\\Http\\Controllers\\OrdersController.php:68)
[stacktrace]
#0 C:\\xampp\\htdocs\\DuAnThucTap_TP-CDS\\OrderEats\\vendor\\laravel\\lumen-framework\\src\\Concerns\\RegistersExceptionHandlers.php(47): Laravel\\Lumen\\Application->handleError(2, 'Undefined varia...', 'C:\\\\xampp\\\\htdocs...', 68)
#1 C:\\xampp\\htdocs\\DuAnThucTap_TP-CDS\\OrderEats\\app\\Http\\Controllers\\OrdersController.php(68): Laravel\\Lumen\\Application->Laravel\\Lumen\\Concerns\\{closure}(2, 'Undefined varia...', 'C:\\\\xampp\\\\htdocs...', 68)
#2 C:\\xampp\\htdocs\\DuAnThucTap_TP-CDS\\OrderEats\\vendor\\illuminate\\container\\BoundMethod.php(36): App\\Http\\Controllers\\OrdersController->show(Object(Laravel\\Lumen\\Http\\Request), '2')
#3 C:\\xampp\\htdocs\\DuAnThucTap_TP-CDS\\OrderEats\\vendor\\illuminate\\container\\Util.php(40): Illuminate\\Container\\BoundMethod::Illuminate\\Container\\{closure}()
#4 C:\\xampp\\htdocs\\DuAnThucTap_TP-CDS\\OrderEats\\vendor\\illuminate\\container\\BoundMethod.php(93): Illuminate\\Container\\Util::unwrapIfClosure(Object(Closure))
#5 C:\\xampp\\htdocs\\DuAnThucTap_TP-CDS\\OrderEats\\vendor\\illuminate\\container\\BoundMethod.php(37): Illuminate\\Container\\BoundMethod::callBoundMethod(Object(Laravel\\Lumen\\Application), Array, Object(Closure))
#6 C:\\xampp\\htdocs\\DuAnThucTap_TP-CDS\\OrderEats\\vendor\\illuminate\\container\\Container.php(653): Illuminate\\Container\\BoundMethod::call(Object(Laravel\\Lumen\\Application), Array, Array, NULL)
#7 C:\\xampp\\htdocs\\DuAnThucTap_TP-CDS\\OrderEats\\vendor\\laravel\\lumen-framework\\src\\Concerns\\RoutesRequests.php(389): Illuminate\\Container\\Container->call(Array, Array)
#8 C:\\xampp\\htdocs\\DuAnThucTap_TP-CDS\\OrderEats\\vendor\\laravel\\lumen-framework\\src\\Concerns\\RoutesRequests.php(355): Laravel\\Lumen\\Application->callControllerCallable(Array, Array)
#9 C:\\xampp\\htdocs\\DuAnThucTap_TP-CDS\\OrderEats\\vendor\\laravel\\lumen-framework\\src\\Concerns\\RoutesRequests.php(329): Laravel\\Lumen\\Application->callLumenController(Object(App\\Http\\Controllers\\OrdersController), 'show', Array)
#10 C:\\xampp\\htdocs\\DuAnThucTap_TP-CDS\\OrderEats\\vendor\\laravel\\lumen-framework\\src\\Concerns\\RoutesRequests.php(282): Laravel\\Lumen\\Application->callControllerAction(Array)
#11 C:\\xampp\\htdocs\\DuAnThucTap_TP-CDS\\OrderEats\\vendor\\laravel\\lumen-framework\\src\\Concerns\\RoutesRequests.php(267): Laravel\\Lumen\\Application->callActionOnArrayBasedRoute(Array)
#12 C:\\xampp\\htdocs\\DuAnThucTap_TP-CDS\\OrderEats\\vendor\\laravel\\lumen-framework\\src\\Concerns\\RoutesRequests.php(237): Laravel\\Lumen\\Application->handleFoundRoute(Array)
#13 C:\\xampp\\htdocs\\DuAnThucTap_TP-CDS\\OrderEats\\vendor\\laravel\\lumen-framework\\src\\Concerns\\RoutesRequests.php(173): Laravel\\Lumen\\Application->handleDispatcherResponse(Array)
#14 C:\\xampp\\htdocs\\DuAnThucTap_TP-CDS\\OrderEats\\vendor\\laravel\\lumen-framework\\src\\Routing\\Pipeline.php(48): Laravel\\Lumen\\Application->Laravel\\Lumen\\Concerns\\{closure}(Object(Laravel\\Lumen\\Http\\Request))
#15 C:\\xampp\\htdocs\\DuAnThucTap_TP-CDS\\OrderEats\\app\\Http\\Middleware\\ExampleMiddleware.php(18): Laravel\\Lumen\\Routing\\Pipeline->Laravel\\Lumen\\Routing\\{closure}(Object(Laravel\\Lumen\\Http\\Request))
#16 C:\\xampp\\htdocs\\DuAnThucTap_TP-CDS\\OrderEats\\vendor\\illuminate\\pipeline\\Pipeline.php(167): App\\Http\\Middleware\\ExampleMiddleware->handle(Object(Laravel\\Lumen\\Http\\Request), Object(Closure))
#17 C:\\xampp\\htdocs\\DuAnThucTap_TP-CDS\\OrderEats\\vendor\\laravel\\lumen-framework\\src\\Routing\\Pipeline.php(30): Illuminate\\Pipeline\\Pipeline->Illuminate\\Pipeline\\{closure}(Object(Laravel\\Lumen\\Http\\Request))
#18 C:\\xampp\\htdocs\\DuAnThucTap_TP-CDS\\OrderEats\\vendor\\illuminate\\pipeline\\Pipeline.php(103): Laravel\\Lumen\\Routing\\Pipeline->Laravel\\Lumen\\Routing\\{closure}(Object(Laravel\\Lumen\\Http\\Request))
#19 C:\\xampp\\htdocs\\DuAnThucTap_TP-CDS\\OrderEats\\vendor\\laravel\\lumen-framework\\src\\Concerns\\RoutesRequests.php(426): Illuminate\\Pipeline\\Pipeline->then(Object(Closure))
#20 C:\\xampp\\htdocs\\DuAnThucTap_TP-CDS\\OrderEats\\vendor\\laravel\\lumen-framework\\src\\Concerns\\RoutesRequests.php(175): Laravel\\Lumen\\Application->sendThroughPipeline(Array, Object(Closure))
#21 C:\\xampp\\htdocs\\DuAnThucTap_TP-CDS\\OrderEats\\vendor\\laravel\\lumen-framework\\src\\Concerns\\RoutesRequests.php(112): Laravel\\Lumen\\Application->dispatch(NULL)
#22 C:\\xampp\\htdocs\\DuAnThucTap_TP-CDS\\OrderEats\\public\\index.php(28): Laravel\\Lumen\\Application->run()
#23 {main}
"} 
[2023-10-30 17:26:49] local.ERROR: Call to a member function isEmpty() on null {"exception":"[object] (Error(code: 0): Call to a member function isEmpty() on null at C:\\xampp\\htdocs\\DuAnThucTap_TP-CDS\\OrderEats\\app\\Http\\Controllers\\OrdersController.php:69)
[stacktrace]
#0 C:\\xampp\\htdocs\\DuAnThucTap_TP-CDS\\OrderEats\\vendor\\illuminate\\container\\BoundMethod.php(36): App\\Http\\Controllers\\OrdersController->show(Object(Laravel\\Lumen\\Http\\Request), '2')
#1 C:\\xampp\\htdocs\\DuAnThucTap_TP-CDS\\OrderEats\\vendor\\illuminate\\container\\Util.php(40): Illuminate\\Container\\BoundMethod::Illuminate\\Container\\{closure}()
#2 C:\\xampp\\htdocs\\DuAnThucTap_TP-CDS\\OrderEats\\vendor\\illuminate\\container\\BoundMethod.php(93): Illuminate\\Container\\Util::unwrapIfClosure(Object(Closure))
#3 C:\\xampp\\htdocs\\DuAnThucTap_TP-CDS\\OrderEats\\vendor\\illuminate\\container\\BoundMethod.php(37): Illuminate\\Container\\BoundMethod::callBoundMethod(Object(Laravel\\Lumen\\Application), Array, Object(Closure))
#4 C:\\xampp\\htdocs\\DuAnThucTap_TP-CDS\\OrderEats\\vendor\\illuminate\\container\\Container.php(653): Illuminate\\Container\\BoundMethod::call(Object(Laravel\\Lumen\\Application), Array, Array, NULL)
#5 C:\\xampp\\htdocs\\DuAnThucTap_TP-CDS\\OrderEats\\vendor\\laravel\\lumen-framework\\src\\Concerns\\RoutesRequests.php(389): Illuminate\\Container\\Container->call(Array, Array)
#6 C:\\xampp\\htdocs\\DuAnThucTap_TP-CDS\\OrderEats\\vendor\\laravel\\lumen-framework\\src\\Concerns\\RoutesRequests.php(355): Laravel\\Lumen\\Application->callControllerCallable(Array, Array)
#7 C:\\xampp\\htdocs\\DuAnThucTap_TP-CDS\\OrderEats\\vendor\\laravel\\lumen-framework\\src\\Concerns\\RoutesRequests.php(329): Laravel\\Lumen\\Application->callLumenController(Object(App\\Http\\Controllers\\OrdersController), 'show', Array)
#8 C:\\xampp\\htdocs\\DuAnThucTap_TP-CDS\\OrderEats\\vendor\\laravel\\lumen-framework\\src\\Concerns\\RoutesRequests.php(282): Laravel\\Lumen\\Application->callControllerAction(Array)
#9 C:\\xampp\\htdocs\\DuAnThucTap_TP-CDS\\OrderEats\\vendor\\laravel\\lumen-framework\\src\\Concerns\\RoutesRequests.php(267): Laravel\\Lumen\\Application->callActionOnArrayBasedRoute(Array)
#10 C:\\xampp\\htdocs\\DuAnThucTap_TP-CDS\\OrderEats\\vendor\\laravel\\lumen-framework\\src\\Concerns\\RoutesRequests.php(237): Laravel\\Lumen\\Application->handleFoundRoute(Array)
#11 C:\\xampp\\htdocs\\DuAnThucTap_TP-CDS\\OrderEats\\vendor\\laravel\\lumen-framework\\src\\Concerns\\RoutesRequests.php(173): Laravel\\Lumen\\Application->handleDispatcherResponse(Array)
#12 C:\\xampp\\htdocs\\DuAnThucTap_TP-CDS\\OrderEats\\vendor\\laravel\\lumen-framework\\src\\Routing\\Pipeline.php(48): Laravel\\Lumen\\Application->Laravel\\Lumen\\Concerns\\{closure}(Object(Laravel\\Lumen\\Http\\Request))
#13 C:\\xampp\\htdocs\\DuAnThucTap_TP-CDS\\OrderEats\\app\\Http\\Middleware\\ExampleMiddleware.php(18): Laravel\\Lumen\\Routing\\Pipeline->Laravel\\Lumen\\Routing\\{closure}(Object(Laravel\\Lumen\\Http\\Request))
#14 C:\\xampp\\htdocs\\DuAnThucTap_TP-CDS\\OrderEats\\vendor\\illuminate\\pipeline\\Pipeline.php(167): App\\Http\\Middleware\\ExampleMiddleware->handle(Object(Laravel\\Lumen\\Http\\Request), Object(Closure))
#15 C:\\xampp\\htdocs\\DuAnThucTap_TP-CDS\\OrderEats\\vendor\\laravel\\lumen-framework\\src\\Routing\\Pipeline.php(30): Illuminate\\Pipeline\\Pipeline->Illuminate\\Pipeline\\{closure}(Object(Laravel\\Lumen\\Http\\Request))
#16 C:\\xampp\\htdocs\\DuAnThucTap_TP-CDS\\OrderEats\\vendor\\illuminate\\pipeline\\Pipeline.php(103): Laravel\\Lumen\\Routing\\Pipeline->Laravel\\Lumen\\Routing\\{closure}(Object(Laravel\\Lumen\\Http\\Request))
#17 C:\\xampp\\htdocs\\DuAnThucTap_TP-CDS\\OrderEats\\vendor\\laravel\\lumen-framework\\src\\Concerns\\RoutesRequests.php(426): Illuminate\\Pipeline\\Pipeline->then(Object(Closure))
#18 C:\\xampp\\htdocs\\DuAnThucTap_TP-CDS\\OrderEats\\vendor\\laravel\\lumen-framework\\src\\Concerns\\RoutesRequests.php(175): Laravel\\Lumen\\Application->sendThroughPipeline(Array, Object(Closure))
#19 C:\\xampp\\htdocs\\DuAnThucTap_TP-CDS\\OrderEats\\vendor\\laravel\\lumen-framework\\src\\Concerns\\RoutesRequests.php(112): Laravel\\Lumen\\Application->dispatch(NULL)
#20 C:\\xampp\\htdocs\\DuAnThucTap_TP-CDS\\OrderEats\\public\\index.php(28): Laravel\\Lumen\\Application->run()
#21 {main}
"} 
[2023-10-30 17:27:31] local.ERROR: Call to undefined method App\Models\Orders::map() {"exception":"[object] (BadMethodCallException(code: 0): Call to undefined method App\\Models\\Orders::map() at C:\\xampp\\htdocs\\DuAnThucTap_TP-CDS\\OrderEats\\vendor\\illuminate\\support\\Traits\\ForwardsCalls.php:71)
[stacktrace]
#0 C:\\xampp\\htdocs\\DuAnThucTap_TP-CDS\\OrderEats\\vendor\\illuminate\\support\\Traits\\ForwardsCalls.php(36): Illuminate\\Database\\Eloquent\\Model::throwBadMethodCallException('map')
#1 C:\\xampp\\htdocs\\DuAnThucTap_TP-CDS\\OrderEats\\vendor\\illuminate\\database\\Eloquent\\Model.php(2132): Illuminate\\Database\\Eloquent\\Model->forwardCallTo(Object(Illuminate\\Database\\Eloquent\\Builder), 'map', Array)
#2 C:\\xampp\\htdocs\\DuAnThucTap_TP-CDS\\OrderEats\\app\\Http\\Controllers\\OrdersController.php(92): Illuminate\\Database\\Eloquent\\Model->__call('map', Array)
#3 C:\\xampp\\htdocs\\DuAnThucTap_TP-CDS\\OrderEats\\vendor\\illuminate\\container\\BoundMethod.php(36): App\\Http\\Controllers\\OrdersController->show(Object(Laravel\\Lumen\\Http\\Request), '12')
#4 C:\\xampp\\htdocs\\DuAnThucTap_TP-CDS\\OrderEats\\vendor\\illuminate\\container\\Util.php(40): Illuminate\\Container\\BoundMethod::Illuminate\\Container\\{closure}()
#5 C:\\xampp\\htdocs\\DuAnThucTap_TP-CDS\\OrderEats\\vendor\\illuminate\\container\\BoundMethod.php(93): Illuminate\\Container\\Util::unwrapIfClosure(Object(Closure))
#6 C:\\xampp\\htdocs\\DuAnThucTap_TP-CDS\\OrderEats\\vendor\\illuminate\\container\\BoundMethod.php(37): Illuminate\\Container\\BoundMethod::callBoundMethod(Object(Laravel\\Lumen\\Application), Array, Object(Closure))
#7 C:\\xampp\\htdocs\\DuAnThucTap_TP-CDS\\OrderEats\\vendor\\illuminate\\container\\Container.php(653): Illuminate\\Container\\BoundMethod::call(Object(Laravel\\Lumen\\Application), Array, Array, NULL)
#8 C:\\xampp\\htdocs\\DuAnThucTap_TP-CDS\\OrderEats\\vendor\\laravel\\lumen-framework\\src\\Concerns\\RoutesRequests.php(389): Illuminate\\Container\\Container->call(Array, Array)
#9 C:\\xampp\\htdocs\\DuAnThucTap_TP-CDS\\OrderEats\\vendor\\laravel\\lumen-framework\\src\\Concerns\\RoutesRequests.php(355): Laravel\\Lumen\\Application->callControllerCallable(Array, Array)
#10 C:\\xampp\\htdocs\\DuAnThucTap_TP-CDS\\OrderEats\\vendor\\laravel\\lumen-framework\\src\\Concerns\\RoutesRequests.php(329): Laravel\\Lumen\\Application->callLumenController(Object(App\\Http\\Controllers\\OrdersController), 'show', Array)
#11 C:\\xampp\\htdocs\\DuAnThucTap_TP-CDS\\OrderEats\\vendor\\laravel\\lumen-framework\\src\\Concerns\\RoutesRequests.php(282): Laravel\\Lumen\\Application->callControllerAction(Array)
#12 C:\\xampp\\htdocs\\DuAnThucTap_TP-CDS\\OrderEats\\vendor\\laravel\\lumen-framework\\src\\Concerns\\RoutesRequests.php(267): Laravel\\Lumen\\Application->callActionOnArrayBasedRoute(Array)
#13 C:\\xampp\\htdocs\\DuAnThucTap_TP-CDS\\OrderEats\\vendor\\laravel\\lumen-framework\\src\\Concerns\\RoutesRequests.php(237): Laravel\\Lumen\\Application->handleFoundRoute(Array)
#14 C:\\xampp\\htdocs\\DuAnThucTap_TP-CDS\\OrderEats\\vendor\\laravel\\lumen-framework\\src\\Concerns\\RoutesRequests.php(173): Laravel\\Lumen\\Application->handleDispatcherResponse(Array)
#15 C:\\xampp\\htdocs\\DuAnThucTap_TP-CDS\\OrderEats\\vendor\\laravel\\lumen-framework\\src\\Routing\\Pipeline.php(48): Laravel\\Lumen\\Application->Laravel\\Lumen\\Concerns\\{closure}(Object(Laravel\\Lumen\\Http\\Request))
#16 C:\\xampp\\htdocs\\DuAnThucTap_TP-CDS\\OrderEats\\app\\Http\\Middleware\\ExampleMiddleware.php(18): Laravel\\Lumen\\Routing\\Pipeline->Laravel\\Lumen\\Routing\\{closure}(Object(Laravel\\Lumen\\Http\\Request))
#17 C:\\xampp\\htdocs\\DuAnThucTap_TP-CDS\\OrderEats\\vendor\\illuminate\\pipeline\\Pipeline.php(167): App\\Http\\Middleware\\ExampleMiddleware->handle(Object(Laravel\\Lumen\\Http\\Request), Object(Closure))
#18 C:\\xampp\\htdocs\\DuAnThucTap_TP-CDS\\OrderEats\\vendor\\laravel\\lumen-framework\\src\\Routing\\Pipeline.php(30): Illuminate\\Pipeline\\Pipeline->Illuminate\\Pipeline\\{closure}(Object(Laravel\\Lumen\\Http\\Request))
#19 C:\\xampp\\htdocs\\DuAnThucTap_TP-CDS\\OrderEats\\vendor\\illuminate\\pipeline\\Pipeline.php(103): Laravel\\Lumen\\Routing\\Pipeline->Laravel\\Lumen\\Routing\\{closure}(Object(Laravel\\Lumen\\Http\\Request))
#20 C:\\xampp\\htdocs\\DuAnThucTap_TP-CDS\\OrderEats\\vendor\\laravel\\lumen-framework\\src\\Concerns\\RoutesRequests.php(426): Illuminate\\Pipeline\\Pipeline->then(Object(Closure))
#21 C:\\xampp\\htdocs\\DuAnThucTap_TP-CDS\\OrderEats\\vendor\\laravel\\lumen-framework\\src\\Concerns\\RoutesRequests.php(175): Laravel\\Lumen\\Application->sendThroughPipeline(Array, Object(Closure))
#22 C:\\xampp\\htdocs\\DuAnThucTap_TP-CDS\\OrderEats\\vendor\\laravel\\lumen-framework\\src\\Concerns\\RoutesRequests.php(112): Laravel\\Lumen\\Application->dispatch(NULL)
#23 C:\\xampp\\htdocs\\DuAnThucTap_TP-CDS\\OrderEats\\public\\index.php(28): Laravel\\Lumen\\Application->run()
#24 {main}
"} 
[2023-10-30 17:29:17] local.ERROR: Undefined variable $order {"exception":"[object] (ErrorException(code: 0): Undefined variable $order at C:\\xampp\\htdocs\\DuAnThucTap_TP-CDS\\OrderEats\\app\\Http\\Controllers\\OrdersController.php:71)
[stacktrace]
#0 C:\\xampp\\htdocs\\DuAnThucTap_TP-CDS\\OrderEats\\vendor\\laravel\\lumen-framework\\src\\Concerns\\RegistersExceptionHandlers.php(47): Laravel\\Lumen\\Application->handleError(2, 'Undefined varia...', 'C:\\\\xampp\\\\htdocs...', 71)
#1 C:\\xampp\\htdocs\\DuAnThucTap_TP-CDS\\OrderEats\\app\\Http\\Controllers\\OrdersController.php(71): Laravel\\Lumen\\Application->Laravel\\Lumen\\Concerns\\{closure}(2, 'Undefined varia...', 'C:\\\\xampp\\\\htdocs...', 71)
#2 C:\\xampp\\htdocs\\DuAnThucTap_TP-CDS\\OrderEats\\vendor\\illuminate\\container\\BoundMethod.php(36): App\\Http\\Controllers\\OrdersController->show(Object(Laravel\\Lumen\\Http\\Request), '12')
#3 C:\\xampp\\htdocs\\DuAnThucTap_TP-CDS\\OrderEats\\vendor\\illuminate\\container\\Util.php(40): Illuminate\\Container\\BoundMethod::Illuminate\\Container\\{closure}()
#4 C:\\xampp\\htdocs\\DuAnThucTap_TP-CDS\\OrderEats\\vendor\\illuminate\\container\\BoundMethod.php(93): Illuminate\\Container\\Util::unwrapIfClosure(Object(Closure))
#5 C:\\xampp\\htdocs\\DuAnThucTap_TP-CDS\\OrderEats\\vendor\\illuminate\\container\\BoundMethod.php(37): Illuminate\\Container\\BoundMethod::callBoundMethod(Object(Laravel\\Lumen\\Application), Array, Object(Closure))
#6 C:\\xampp\\htdocs\\DuAnThucTap_TP-CDS\\OrderEats\\vendor\\illuminate\\container\\Container.php(653): Illuminate\\Container\\BoundMethod::call(Object(Laravel\\Lumen\\Application), Array, Array, NULL)
#7 C:\\xampp\\htdocs\\DuAnThucTap_TP-CDS\\OrderEats\\vendor\\laravel\\lumen-framework\\src\\Concerns\\RoutesRequests.php(389): Illuminate\\Container\\Container->call(Array, Array)
#8 C:\\xampp\\htdocs\\DuAnThucTap_TP-CDS\\OrderEats\\vendor\\laravel\\lumen-framework\\src\\Concerns\\RoutesRequests.php(355): Laravel\\Lumen\\Application->callControllerCallable(Array, Array)
#9 C:\\xampp\\htdocs\\DuAnThucTap_TP-CDS\\OrderEats\\vendor\\laravel\\lumen-framework\\src\\Concerns\\RoutesRequests.php(329): Laravel\\Lumen\\Application->callLumenController(Object(App\\Http\\Controllers\\OrdersController), 'show', Array)
#10 C:\\xampp\\htdocs\\DuAnThucTap_TP-CDS\\OrderEats\\vendor\\laravel\\lumen-framework\\src\\Concerns\\RoutesRequests.php(282): Laravel\\Lumen\\Application->callControllerAction(Array)
#11 C:\\xampp\\htdocs\\DuAnThucTap_TP-CDS\\OrderEats\\vendor\\laravel\\lumen-framework\\src\\Concerns\\RoutesRequests.php(267): Laravel\\Lumen\\Application->callActionOnArrayBasedRoute(Array)
#12 C:\\xampp\\htdocs\\DuAnThucTap_TP-CDS\\OrderEats\\vendor\\laravel\\lumen-framework\\src\\Concerns\\RoutesRequests.php(237): Laravel\\Lumen\\Application->handleFoundRoute(Array)
#13 C:\\xampp\\htdocs\\DuAnThucTap_TP-CDS\\OrderEats\\vendor\\laravel\\lumen-framework\\src\\Concerns\\RoutesRequests.php(173): Laravel\\Lumen\\Application->handleDispatcherResponse(Array)
#14 C:\\xampp\\htdocs\\DuAnThucTap_TP-CDS\\OrderEats\\vendor\\laravel\\lumen-framework\\src\\Routing\\Pipeline.php(48): Laravel\\Lumen\\Application->Laravel\\Lumen\\Concerns\\{closure}(Object(Laravel\\Lumen\\Http\\Request))
#15 C:\\xampp\\htdocs\\DuAnThucTap_TP-CDS\\OrderEats\\app\\Http\\Middleware\\ExampleMiddleware.php(18): Laravel\\Lumen\\Routing\\Pipeline->Laravel\\Lumen\\Routing\\{closure}(Object(Laravel\\Lumen\\Http\\Request))
#16 C:\\xampp\\htdocs\\DuAnThucTap_TP-CDS\\OrderEats\\vendor\\illuminate\\pipeline\\Pipeline.php(167): App\\Http\\Middleware\\ExampleMiddleware->handle(Object(Laravel\\Lumen\\Http\\Request), Object(Closure))
#17 C:\\xampp\\htdocs\\DuAnThucTap_TP-CDS\\OrderEats\\vendor\\laravel\\lumen-framework\\src\\Routing\\Pipeline.php(30): Illuminate\\Pipeline\\Pipeline->Illuminate\\Pipeline\\{closure}(Object(Laravel\\Lumen\\Http\\Request))
#18 C:\\xampp\\htdocs\\DuAnThucTap_TP-CDS\\OrderEats\\vendor\\illuminate\\pipeline\\Pipeline.php(103): Laravel\\Lumen\\Routing\\Pipeline->Laravel\\Lumen\\Routing\\{closure}(Object(Laravel\\Lumen\\Http\\Request))
#19 C:\\xampp\\htdocs\\DuAnThucTap_TP-CDS\\OrderEats\\vendor\\laravel\\lumen-framework\\src\\Concerns\\RoutesRequests.php(426): Illuminate\\Pipeline\\Pipeline->then(Object(Closure))
#20 C:\\xampp\\htdocs\\DuAnThucTap_TP-CDS\\OrderEats\\vendor\\laravel\\lumen-framework\\src\\Concerns\\RoutesRequests.php(175): Laravel\\Lumen\\Application->sendThroughPipeline(Array, Object(Closure))
#21 C:\\xampp\\htdocs\\DuAnThucTap_TP-CDS\\OrderEats\\vendor\\laravel\\lumen-framework\\src\\Concerns\\RoutesRequests.php(112): Laravel\\Lumen\\Application->dispatch(NULL)
#22 C:\\xampp\\htdocs\\DuAnThucTap_TP-CDS\\OrderEats\\public\\index.php(28): Laravel\\Lumen\\Application->run()
#23 {main}
"} 
[2023-10-30 17:31:34] local.ERROR: Call to undefined method App\Models\Orders::map() {"exception":"[object] (BadMethodCallException(code: 0): Call to undefined method App\\Models\\Orders::map() at C:\\xampp\\htdocs\\DuAnThucTap_TP-CDS\\OrderEats\\vendor\\illuminate\\support\\Traits\\ForwardsCalls.php:71)
[stacktrace]
#0 C:\\xampp\\htdocs\\DuAnThucTap_TP-CDS\\OrderEats\\vendor\\illuminate\\support\\Traits\\ForwardsCalls.php(36): Illuminate\\Database\\Eloquent\\Model::throwBadMethodCallException('map')
#1 C:\\xampp\\htdocs\\DuAnThucTap_TP-CDS\\OrderEats\\vendor\\illuminate\\database\\Eloquent\\Model.php(2132): Illuminate\\Database\\Eloquent\\Model->forwardCallTo(Object(Illuminate\\Database\\Eloquent\\Builder), 'map', Array)
#2 C:\\xampp\\htdocs\\DuAnThucTap_TP-CDS\\OrderEats\\app\\Http\\Controllers\\OrdersController.php(92): Illuminate\\Database\\Eloquent\\Model->__call('map', Array)
#3 C:\\xampp\\htdocs\\DuAnThucTap_TP-CDS\\OrderEats\\vendor\\illuminate\\container\\BoundMethod.php(36): App\\Http\\Controllers\\OrdersController->show(Object(Laravel\\Lumen\\Http\\Request), '12')
#4 C:\\xampp\\htdocs\\DuAnThucTap_TP-CDS\\OrderEats\\vendor\\illuminate\\container\\Util.php(40): Illuminate\\Container\\BoundMethod::Illuminate\\Container\\{closure}()
#5 C:\\xampp\\htdocs\\DuAnThucTap_TP-CDS\\OrderEats\\vendor\\illuminate\\container\\BoundMethod.php(93): Illuminate\\Container\\Util::unwrapIfClosure(Object(Closure))
#6 C:\\xampp\\htdocs\\DuAnThucTap_TP-CDS\\OrderEats\\vendor\\illuminate\\container\\BoundMethod.php(37): Illuminate\\Container\\BoundMethod::callBoundMethod(Object(Laravel\\Lumen\\Application), Array, Object(Closure))
#7 C:\\xampp\\htdocs\\DuAnThucTap_TP-CDS\\OrderEats\\vendor\\illuminate\\container\\Container.php(653): Illuminate\\Container\\BoundMethod::call(Object(Laravel\\Lumen\\Application), Array, Array, NULL)
#8 C:\\xampp\\htdocs\\DuAnThucTap_TP-CDS\\OrderEats\\vendor\\laravel\\lumen-framework\\src\\Concerns\\RoutesRequests.php(389): Illuminate\\Container\\Container->call(Array, Array)
#9 C:\\xampp\\htdocs\\DuAnThucTap_TP-CDS\\OrderEats\\vendor\\laravel\\lumen-framework\\src\\Concerns\\RoutesRequests.php(355): Laravel\\Lumen\\Application->callControllerCallable(Array, Array)
#10 C:\\xampp\\htdocs\\DuAnThucTap_TP-CDS\\OrderEats\\vendor\\laravel\\lumen-framework\\src\\Concerns\\RoutesRequests.php(329): Laravel\\Lumen\\Application->callLumenController(Object(App\\Http\\Controllers\\OrdersController), 'show', Array)
#11 C:\\xampp\\htdocs\\DuAnThucTap_TP-CDS\\OrderEats\\vendor\\laravel\\lumen-framework\\src\\Concerns\\RoutesRequests.php(282): Laravel\\Lumen\\Application->callControllerAction(Array)
#12 C:\\xampp\\htdocs\\DuAnThucTap_TP-CDS\\OrderEats\\vendor\\laravel\\lumen-framework\\src\\Concerns\\RoutesRequests.php(267): Laravel\\Lumen\\Application->callActionOnArrayBasedRoute(Array)
#13 C:\\xampp\\htdocs\\DuAnThucTap_TP-CDS\\OrderEats\\vendor\\laravel\\lumen-framework\\src\\Concerns\\RoutesRequests.php(237): Laravel\\Lumen\\Application->handleFoundRoute(Array)
#14 C:\\xampp\\htdocs\\DuAnThucTap_TP-CDS\\OrderEats\\vendor\\laravel\\lumen-framework\\src\\Concerns\\RoutesRequests.php(173): Laravel\\Lumen\\Application->handleDispatcherResponse(Array)
#15 C:\\xampp\\htdocs\\DuAnThucTap_TP-CDS\\OrderEats\\vendor\\laravel\\lumen-framework\\src\\Routing\\Pipeline.php(48): Laravel\\Lumen\\Application->Laravel\\Lumen\\Concerns\\{closure}(Object(Laravel\\Lumen\\Http\\Request))
#16 C:\\xampp\\htdocs\\DuAnThucTap_TP-CDS\\OrderEats\\app\\Http\\Middleware\\ExampleMiddleware.php(18): Laravel\\Lumen\\Routing\\Pipeline->Laravel\\Lumen\\Routing\\{closure}(Object(Laravel\\Lumen\\Http\\Request))
#17 C:\\xampp\\htdocs\\DuAnThucTap_TP-CDS\\OrderEats\\vendor\\illuminate\\pipeline\\Pipeline.php(167): App\\Http\\Middleware\\ExampleMiddleware->handle(Object(Laravel\\Lumen\\Http\\Request), Object(Closure))
#18 C:\\xampp\\htdocs\\DuAnThucTap_TP-CDS\\OrderEats\\vendor\\laravel\\lumen-framework\\src\\Routing\\Pipeline.php(30): Illuminate\\Pipeline\\Pipeline->Illuminate\\Pipeline\\{closure}(Object(Laravel\\Lumen\\Http\\Request))
#19 C:\\xampp\\htdocs\\DuAnThucTap_TP-CDS\\OrderEats\\vendor\\illuminate\\pipeline\\Pipeline.php(103): Laravel\\Lumen\\Routing\\Pipeline->Laravel\\Lumen\\Routing\\{closure}(Object(Laravel\\Lumen\\Http\\Request))
#20 C:\\xampp\\htdocs\\DuAnThucTap_TP-CDS\\OrderEats\\vendor\\laravel\\lumen-framework\\src\\Concerns\\RoutesRequests.php(426): Illuminate\\Pipeline\\Pipeline->then(Object(Closure))
#21 C:\\xampp\\htdocs\\DuAnThucTap_TP-CDS\\OrderEats\\vendor\\laravel\\lumen-framework\\src\\Concerns\\RoutesRequests.php(175): Laravel\\Lumen\\Application->sendThroughPipeline(Array, Object(Closure))
#22 C:\\xampp\\htdocs\\DuAnThucTap_TP-CDS\\OrderEats\\vendor\\laravel\\lumen-framework\\src\\Concerns\\RoutesRequests.php(112): Laravel\\Lumen\\Application->dispatch(NULL)
#23 C:\\xampp\\htdocs\\DuAnThucTap_TP-CDS\\OrderEats\\public\\index.php(28): Laravel\\Lumen\\Application->run()
#24 {main}
"} 
[2023-10-30 17:33:28] local.ERROR: Undefined variable $order {"exception":"[object] (ErrorException(code: 0): Undefined variable $order at C:\\xampp\\htdocs\\DuAnThucTap_TP-CDS\\OrderEats\\app\\Http\\Controllers\\OrdersController.php:73)
[stacktrace]
#0 C:\\xampp\\htdocs\\DuAnThucTap_TP-CDS\\OrderEats\\vendor\\laravel\\lumen-framework\\src\\Concerns\\RegistersExceptionHandlers.php(47): Laravel\\Lumen\\Application->handleError(2, 'Undefined varia...', 'C:\\\\xampp\\\\htdocs...', 73)
#1 C:\\xampp\\htdocs\\DuAnThucTap_TP-CDS\\OrderEats\\app\\Http\\Controllers\\OrdersController.php(73): Laravel\\Lumen\\Application->Laravel\\Lumen\\Concerns\\{closure}(2, 'Undefined varia...', 'C:\\\\xampp\\\\htdocs...', 73)
#2 C:\\xampp\\htdocs\\DuAnThucTap_TP-CDS\\OrderEats\\vendor\\illuminate\\container\\BoundMethod.php(36): App\\Http\\Controllers\\OrdersController->show(Object(Laravel\\Lumen\\Http\\Request), '12')
#3 C:\\xampp\\htdocs\\DuAnThucTap_TP-CDS\\OrderEats\\vendor\\illuminate\\container\\Util.php(40): Illuminate\\Container\\BoundMethod::Illuminate\\Container\\{closure}()
#4 C:\\xampp\\htdocs\\DuAnThucTap_TP-CDS\\OrderEats\\vendor\\illuminate\\container\\BoundMethod.php(93): Illuminate\\Container\\Util::unwrapIfClosure(Object(Closure))
#5 C:\\xampp\\htdocs\\DuAnThucTap_TP-CDS\\OrderEats\\vendor\\illuminate\\container\\BoundMethod.php(37): Illuminate\\Container\\BoundMethod::callBoundMethod(Object(Laravel\\Lumen\\Application), Array, Object(Closure))
#6 C:\\xampp\\htdocs\\DuAnThucTap_TP-CDS\\OrderEats\\vendor\\illuminate\\container\\Container.php(653): Illuminate\\Container\\BoundMethod::call(Object(Laravel\\Lumen\\Application), Array, Array, NULL)
#7 C:\\xampp\\htdocs\\DuAnThucTap_TP-CDS\\OrderEats\\vendor\\laravel\\lumen-framework\\src\\Concerns\\RoutesRequests.php(389): Illuminate\\Container\\Container->call(Array, Array)
#8 C:\\xampp\\htdocs\\DuAnThucTap_TP-CDS\\OrderEats\\vendor\\laravel\\lumen-framework\\src\\Concerns\\RoutesRequests.php(355): Laravel\\Lumen\\Application->callControllerCallable(Array, Array)
#9 C:\\xampp\\htdocs\\DuAnThucTap_TP-CDS\\OrderEats\\vendor\\laravel\\lumen-framework\\src\\Concerns\\RoutesRequests.php(329): Laravel\\Lumen\\Application->callLumenController(Object(App\\Http\\Controllers\\OrdersController), 'show', Array)
#10 C:\\xampp\\htdocs\\DuAnThucTap_TP-CDS\\OrderEats\\vendor\\laravel\\lumen-framework\\src\\Concerns\\RoutesRequests.php(282): Laravel\\Lumen\\Application->callControllerAction(Array)
#11 C:\\xampp\\htdocs\\DuAnThucTap_TP-CDS\\OrderEats\\vendor\\laravel\\lumen-framework\\src\\Concerns\\RoutesRequests.php(267): Laravel\\Lumen\\Application->callActionOnArrayBasedRoute(Array)
#12 C:\\xampp\\htdocs\\DuAnThucTap_TP-CDS\\OrderEats\\vendor\\laravel\\lumen-framework\\src\\Concerns\\RoutesRequests.php(237): Laravel\\Lumen\\Application->handleFoundRoute(Array)
#13 C:\\xampp\\htdocs\\DuAnThucTap_TP-CDS\\OrderEats\\vendor\\laravel\\lumen-framework\\src\\Concerns\\RoutesRequests.php(173): Laravel\\Lumen\\Application->handleDispatcherResponse(Array)
#14 C:\\xampp\\htdocs\\DuAnThucTap_TP-CDS\\OrderEats\\vendor\\laravel\\lumen-framework\\src\\Routing\\Pipeline.php(48): Laravel\\Lumen\\Application->Laravel\\Lumen\\Concerns\\{closure}(Object(Laravel\\Lumen\\Http\\Request))
#15 C:\\xampp\\htdocs\\DuAnThucTap_TP-CDS\\OrderEats\\app\\Http\\Middleware\\ExampleMiddleware.php(18): Laravel\\Lumen\\Routing\\Pipeline->Laravel\\Lumen\\Routing\\{closure}(Object(Laravel\\Lumen\\Http\\Request))
#16 C:\\xampp\\htdocs\\DuAnThucTap_TP-CDS\\OrderEats\\vendor\\illuminate\\pipeline\\Pipeline.php(167): App\\Http\\Middleware\\ExampleMiddleware->handle(Object(Laravel\\Lumen\\Http\\Request), Object(Closure))
#17 C:\\xampp\\htdocs\\DuAnThucTap_TP-CDS\\OrderEats\\vendor\\laravel\\lumen-framework\\src\\Routing\\Pipeline.php(30): Illuminate\\Pipeline\\Pipeline->Illuminate\\Pipeline\\{closure}(Object(Laravel\\Lumen\\Http\\Request))
#18 C:\\xampp\\htdocs\\DuAnThucTap_TP-CDS\\OrderEats\\vendor\\illuminate\\pipeline\\Pipeline.php(103): Laravel\\Lumen\\Routing\\Pipeline->Laravel\\Lumen\\Routing\\{closure}(Object(Laravel\\Lumen\\Http\\Request))
#19 C:\\xampp\\htdocs\\DuAnThucTap_TP-CDS\\OrderEats\\vendor\\laravel\\lumen-framework\\src\\Concerns\\RoutesRequests.php(426): Illuminate\\Pipeline\\Pipeline->then(Object(Closure))
#20 C:\\xampp\\htdocs\\DuAnThucTap_TP-CDS\\OrderEats\\vendor\\laravel\\lumen-framework\\src\\Concerns\\RoutesRequests.php(175): Laravel\\Lumen\\Application->sendThroughPipeline(Array, Object(Closure))
#21 C:\\xampp\\htdocs\\DuAnThucTap_TP-CDS\\OrderEats\\vendor\\laravel\\lumen-framework\\src\\Concerns\\RoutesRequests.php(112): Laravel\\Lumen\\Application->dispatch(NULL)
#22 C:\\xampp\\htdocs\\DuAnThucTap_TP-CDS\\OrderEats\\public\\index.php(28): Laravel\\Lumen\\Application->run()
#23 {main}
"} 
[2023-10-30 17:50:41] local.ERROR: Attempt to read property "id" on null {"exception":"[object] (ErrorException(code: 0): Attempt to read property \"id\" on null at C:\\xampp\\htdocs\\DuAnThucTap_TP-CDS\\OrderEats\\app\\Http\\Controllers\\Auth\\LoginController.php:74)
[stacktrace]
#0 C:\\xampp\\htdocs\\DuAnThucTap_TP-CDS\\OrderEats\\vendor\\laravel\\lumen-framework\\src\\Concerns\\RegistersExceptionHandlers.php(47): Laravel\\Lumen\\Application->handleError(2, 'Attempt to read...', 'C:\\\\xampp\\\\htdocs...', 74)
#1 C:\\xampp\\htdocs\\DuAnThucTap_TP-CDS\\OrderEats\\app\\Http\\Controllers\\Auth\\LoginController.php(74): Laravel\\Lumen\\Application->Laravel\\Lumen\\Concerns\\{closure}(2, 'Attempt to read...', 'C:\\\\xampp\\\\htdocs...', 74)
#2 C:\\xampp\\htdocs\\DuAnThucTap_TP-CDS\\OrderEats\\vendor\\illuminate\\container\\BoundMethod.php(36): App\\Http\\Controllers\\Auth\\LoginController->logout()
#3 C:\\xampp\\htdocs\\DuAnThucTap_TP-CDS\\OrderEats\\vendor\\illuminate\\container\\Util.php(40): Illuminate\\Container\\BoundMethod::Illuminate\\Container\\{closure}()
#4 C:\\xampp\\htdocs\\DuAnThucTap_TP-CDS\\OrderEats\\vendor\\illuminate\\container\\BoundMethod.php(93): Illuminate\\Container\\Util::unwrapIfClosure(Object(Closure))
#5 C:\\xampp\\htdocs\\DuAnThucTap_TP-CDS\\OrderEats\\vendor\\illuminate\\container\\BoundMethod.php(37): Illuminate\\Container\\BoundMethod::callBoundMethod(Object(Laravel\\Lumen\\Application), Array, Object(Closure))
#6 C:\\xampp\\htdocs\\DuAnThucTap_TP-CDS\\OrderEats\\vendor\\illuminate\\container\\Container.php(653): Illuminate\\Container\\BoundMethod::call(Object(Laravel\\Lumen\\Application), Array, Array, NULL)
#7 C:\\xampp\\htdocs\\DuAnThucTap_TP-CDS\\OrderEats\\vendor\\laravel\\lumen-framework\\src\\Concerns\\RoutesRequests.php(389): Illuminate\\Container\\Container->call(Array, Array)
#8 C:\\xampp\\htdocs\\DuAnThucTap_TP-CDS\\OrderEats\\vendor\\laravel\\lumen-framework\\src\\Concerns\\RoutesRequests.php(355): Laravel\\Lumen\\Application->callControllerCallable(Array, Array)
#9 C:\\xampp\\htdocs\\DuAnThucTap_TP-CDS\\OrderEats\\vendor\\laravel\\lumen-framework\\src\\Concerns\\RoutesRequests.php(329): Laravel\\Lumen\\Application->callLumenController(Object(App\\Http\\Controllers\\Auth\\LoginController), 'logout', Array)
#10 C:\\xampp\\htdocs\\DuAnThucTap_TP-CDS\\OrderEats\\vendor\\laravel\\lumen-framework\\src\\Concerns\\RoutesRequests.php(282): Laravel\\Lumen\\Application->callControllerAction(Array)
#11 C:\\xampp\\htdocs\\DuAnThucTap_TP-CDS\\OrderEats\\vendor\\laravel\\lumen-framework\\src\\Concerns\\RoutesRequests.php(267): Laravel\\Lumen\\Application->callActionOnArrayBasedRoute(Array)
#12 C:\\xampp\\htdocs\\DuAnThucTap_TP-CDS\\OrderEats\\vendor\\laravel\\lumen-framework\\src\\Concerns\\RoutesRequests.php(169): Laravel\\Lumen\\Application->handleFoundRoute(Array)
#13 C:\\xampp\\htdocs\\DuAnThucTap_TP-CDS\\OrderEats\\vendor\\laravel\\lumen-framework\\src\\Routing\\Pipeline.php(48): Laravel\\Lumen\\Application->Laravel\\Lumen\\Concerns\\{closure}(Object(Laravel\\Lumen\\Http\\Request))
#14 C:\\xampp\\htdocs\\DuAnThucTap_TP-CDS\\OrderEats\\app\\Http\\Middleware\\ExampleMiddleware.php(18): Laravel\\Lumen\\Routing\\Pipeline->Laravel\\Lumen\\Routing\\{closure}(Object(Laravel\\Lumen\\Http\\Request))
#15 C:\\xampp\\htdocs\\DuAnThucTap_TP-CDS\\OrderEats\\vendor\\illuminate\\pipeline\\Pipeline.php(167): App\\Http\\Middleware\\ExampleMiddleware->handle(Object(Laravel\\Lumen\\Http\\Request), Object(Closure))
#16 C:\\xampp\\htdocs\\DuAnThucTap_TP-CDS\\OrderEats\\vendor\\laravel\\lumen-framework\\src\\Routing\\Pipeline.php(30): Illuminate\\Pipeline\\Pipeline->Illuminate\\Pipeline\\{closure}(Object(Laravel\\Lumen\\Http\\Request))
#17 C:\\xampp\\htdocs\\DuAnThucTap_TP-CDS\\OrderEats\\vendor\\illuminate\\pipeline\\Pipeline.php(103): Laravel\\Lumen\\Routing\\Pipeline->Laravel\\Lumen\\Routing\\{closure}(Object(Laravel\\Lumen\\Http\\Request))
#18 C:\\xampp\\htdocs\\DuAnThucTap_TP-CDS\\OrderEats\\vendor\\laravel\\lumen-framework\\src\\Concerns\\RoutesRequests.php(426): Illuminate\\Pipeline\\Pipeline->then(Object(Closure))
#19 C:\\xampp\\htdocs\\DuAnThucTap_TP-CDS\\OrderEats\\vendor\\laravel\\lumen-framework\\src\\Concerns\\RoutesRequests.php(175): Laravel\\Lumen\\Application->sendThroughPipeline(Array, Object(Closure))
#20 C:\\xampp\\htdocs\\DuAnThucTap_TP-CDS\\OrderEats\\vendor\\laravel\\lumen-framework\\src\\Concerns\\RoutesRequests.php(112): Laravel\\Lumen\\Application->dispatch(NULL)
#21 C:\\xampp\\htdocs\\DuAnThucTap_TP-CDS\\OrderEats\\public\\index.php(28): Laravel\\Lumen\\Application->run()
#22 {main}
"} 
