[2023-10-23 08:41:00] local.ERROR: SQLSTATE[HY000] [2002] No connection could be made because the target machine actively refused it (SQL: select * from `orders`) {"exception":"[object] (Illuminate\\Database\\QueryException(code: 2002): SQLSTATE[HY000] [2002] No connection could be made because the target machine actively refused it (SQL: select * from `orders`) at C:\\xampp\\htdocs\\DuAnThucTap_TP-CDS\\OrderEats\\vendor\\illuminate\\database\\Connection.php:712)
[stacktrace]
#0 C:\\xampp\\htdocs\\DuAnThucTap_TP-CDS\\OrderEats\\vendor\\illuminate\\database\\Connection.php(672): Illuminate\\Database\\Connection->runQueryCallback('select * from `...', Array, Object(Closure))
#1 C:\\xampp\\htdocs\\DuAnThucTap_TP-CDS\\OrderEats\\vendor\\illuminate\\database\\Connection.php(376): Illuminate\\Database\\Connection->run('select * from `...', Array, Object(Closure))
#2 C:\\xampp\\htdocs\\DuAnThucTap_TP-CDS\\OrderEats\\vendor\\illuminate\\database\\Query\\Builder.php(2414): Illuminate\\Database\\Connection->select('select * from `...', Array, true)
#3 C:\\xampp\\htdocs\\DuAnThucTap_TP-CDS\\OrderEats\\vendor\\illuminate\\database\\Query\\Builder.php(2402): Illuminate\\Database\\Query\\Builder->runSelect()
#4 C:\\xampp\\htdocs\\DuAnThucTap_TP-CDS\\OrderEats\\vendor\\illuminate\\database\\Query\\Builder.php(2936): Illuminate\\Database\\Query\\Builder->Illuminate\\Database\\Query\\{closure}()
#5 C:\\xampp\\htdocs\\DuAnThucTap_TP-CDS\\OrderEats\\vendor\\illuminate\\database\\Query\\Builder.php(2403): Illuminate\\Database\\Query\\Builder->onceWithColumns(Array, Object(Closure))
#6 C:\\xampp\\htdocs\\DuAnThucTap_TP-CDS\\OrderEats\\vendor\\illuminate\\database\\Eloquent\\Builder.php(625): Illuminate\\Database\\Query\\Builder->get(Array)
#7 C:\\xampp\\htdocs\\DuAnThucTap_TP-CDS\\OrderEats\\vendor\\illuminate\\database\\Eloquent\\Builder.php(609): Illuminate\\Database\\Eloquent\\Builder->getModels(Array)
#8 C:\\xampp\\htdocs\\DuAnThucTap_TP-CDS\\OrderEats\\app\\Http\\Controllers\\OrdersController.php(14): Illuminate\\Database\\Eloquent\\Builder->get()
#9 C:\\xampp\\htdocs\\DuAnThucTap_TP-CDS\\OrderEats\\vendor\\illuminate\\container\\BoundMethod.php(36): App\\Http\\Controllers\\OrdersController->index()
#10 C:\\xampp\\htdocs\\DuAnThucTap_TP-CDS\\OrderEats\\vendor\\illuminate\\container\\Util.php(40): Illuminate\\Container\\BoundMethod::Illuminate\\Container\\{closure}()
#11 C:\\xampp\\htdocs\\DuAnThucTap_TP-CDS\\OrderEats\\vendor\\illuminate\\container\\BoundMethod.php(93): Illuminate\\Container\\Util::unwrapIfClosure(Object(Closure))
#12 C:\\xampp\\htdocs\\DuAnThucTap_TP-CDS\\OrderEats\\vendor\\illuminate\\container\\BoundMethod.php(37): Illuminate\\Container\\BoundMethod::callBoundMethod(Object(Laravel\\Lumen\\Application), Array, Object(Closure))
#13 C:\\xampp\\htdocs\\DuAnThucTap_TP-CDS\\OrderEats\\vendor\\illuminate\\container\\Container.php(653): Illuminate\\Container\\BoundMethod::call(Object(Laravel\\Lumen\\Application), Array, Array, NULL)
#14 C:\\xampp\\htdocs\\DuAnThucTap_TP-CDS\\OrderEats\\vendor\\laravel\\lumen-framework\\src\\Concerns\\RoutesRequests.php(389): Illuminate\\Container\\Container->call(Array, Array)
#15 C:\\xampp\\htdocs\\DuAnThucTap_TP-CDS\\OrderEats\\vendor\\laravel\\lumen-framework\\src\\Concerns\\RoutesRequests.php(355): Laravel\\Lumen\\Application->callControllerCallable(Array, Array)
#16 C:\\xampp\\htdocs\\DuAnThucTap_TP-CDS\\OrderEats\\vendor\\laravel\\lumen-framework\\src\\Concerns\\RoutesRequests.php(329): Laravel\\Lumen\\Application->callLumenController(Object(App\\Http\\Controllers\\OrdersController), 'index', Array)
#17 C:\\xampp\\htdocs\\DuAnThucTap_TP-CDS\\OrderEats\\vendor\\laravel\\lumen-framework\\src\\Concerns\\RoutesRequests.php(282): Laravel\\Lumen\\Application->callControllerAction(Array)
#18 C:\\xampp\\htdocs\\DuAnThucTap_TP-CDS\\OrderEats\\vendor\\laravel\\lumen-framework\\src\\Concerns\\RoutesRequests.php(267): Laravel\\Lumen\\Application->callActionOnArrayBasedRoute(Array)
#19 C:\\xampp\\htdocs\\DuAnThucTap_TP-CDS\\OrderEats\\vendor\\laravel\\lumen-framework\\src\\Concerns\\RoutesRequests.php(169): Laravel\\Lumen\\Application->handleFoundRoute(Array)
#20 C:\\xampp\\htdocs\\DuAnThucTap_TP-CDS\\OrderEats\\vendor\\laravel\\lumen-framework\\src\\Routing\\Pipeline.php(48): Laravel\\Lumen\\Application->Laravel\\Lumen\\Concerns\\{closure}(Object(Laravel\\Lumen\\Http\\Request))
#21 C:\\xampp\\htdocs\\DuAnThucTap_TP-CDS\\OrderEats\\app\\Http\\Middleware\\ExampleMiddleware.php(18): Laravel\\Lumen\\Routing\\Pipeline->Laravel\\Lumen\\Routing\\{closure}(Object(Laravel\\Lumen\\Http\\Request))
#22 C:\\xampp\\htdocs\\DuAnThucTap_TP-CDS\\OrderEats\\vendor\\illuminate\\pipeline\\Pipeline.php(167): App\\Http\\Middleware\\ExampleMiddleware->handle(Object(Laravel\\Lumen\\Http\\Request), Object(Closure))
#23 C:\\xampp\\htdocs\\DuAnThucTap_TP-CDS\\OrderEats\\vendor\\laravel\\lumen-framework\\src\\Routing\\Pipeline.php(30): Illuminate\\Pipeline\\Pipeline->Illuminate\\Pipeline\\{closure}(Object(Laravel\\Lumen\\Http\\Request))
#24 C:\\xampp\\htdocs\\DuAnThucTap_TP-CDS\\OrderEats\\vendor\\illuminate\\pipeline\\Pipeline.php(103): Laravel\\Lumen\\Routing\\Pipeline->Laravel\\Lumen\\Routing\\{closure}(Object(Laravel\\Lumen\\Http\\Request))
#25 C:\\xampp\\htdocs\\DuAnThucTap_TP-CDS\\OrderEats\\vendor\\laravel\\lumen-framework\\src\\Concerns\\RoutesRequests.php(426): Illuminate\\Pipeline\\Pipeline->then(Object(Closure))
#26 C:\\xampp\\htdocs\\DuAnThucTap_TP-CDS\\OrderEats\\vendor\\laravel\\lumen-framework\\src\\Concerns\\RoutesRequests.php(175): Laravel\\Lumen\\Application->sendThroughPipeline(Array, Object(Closure))
#27 C:\\xampp\\htdocs\\DuAnThucTap_TP-CDS\\OrderEats\\vendor\\laravel\\lumen-framework\\src\\Concerns\\RoutesRequests.php(112): Laravel\\Lumen\\Application->dispatch(NULL)
#28 C:\\xampp\\htdocs\\DuAnThucTap_TP-CDS\\OrderEats\\public\\index.php(28): Laravel\\Lumen\\Application->run()
#29 {main}

[previous exception] [object] (PDOException(code: 2002): SQLSTATE[HY000] [2002] No connection could be made because the target machine actively refused it at C:\\xampp\\htdocs\\DuAnThucTap_TP-CDS\\OrderEats\\vendor\\illuminate\\database\\Connectors\\Connector.php:70)
[stacktrace]
#0 C:\\xampp\\htdocs\\DuAnThucTap_TP-CDS\\OrderEats\\vendor\\illuminate\\database\\Connectors\\Connector.php(70): PDO->__construct('mysql:host=127....', 'root', '', Array)
#1 C:\\xampp\\htdocs\\DuAnThucTap_TP-CDS\\OrderEats\\vendor\\illuminate\\database\\Connectors\\Connector.php(46): Illuminate\\Database\\Connectors\\Connector->createPdoConnection('mysql:host=127....', 'root', '', Array)
#2 C:\\xampp\\htdocs\\DuAnThucTap_TP-CDS\\OrderEats\\vendor\\illuminate\\database\\Connectors\\MySqlConnector.php(24): Illuminate\\Database\\Connectors\\Connector->createConnection('mysql:host=127....', Array, Array)
#3 C:\\xampp\\htdocs\\DuAnThucTap_TP-CDS\\OrderEats\\vendor\\illuminate\\database\\Connectors\\ConnectionFactory.php(184): Illuminate\\Database\\Connectors\\MySqlConnector->connect(Array)
#4 [internal function]: Illuminate\\Database\\Connectors\\ConnectionFactory->Illuminate\\Database\\Connectors\\{closure}()
#5 C:\\xampp\\htdocs\\DuAnThucTap_TP-CDS\\OrderEats\\vendor\\illuminate\\database\\Connection.php(1064): call_user_func(Object(Closure))
#6 C:\\xampp\\htdocs\\DuAnThucTap_TP-CDS\\OrderEats\\vendor\\illuminate\\database\\Connection.php(1100): Illuminate\\Database\\Connection->getPdo()
#7 C:\\xampp\\htdocs\\DuAnThucTap_TP-CDS\\OrderEats\\vendor\\illuminate\\database\\Connection.php(442): Illuminate\\Database\\Connection->getReadPdo()
#8 C:\\xampp\\htdocs\\DuAnThucTap_TP-CDS\\OrderEats\\vendor\\illuminate\\database\\Connection.php(368): Illuminate\\Database\\Connection->getPdoForSelect(true)
#9 C:\\xampp\\htdocs\\DuAnThucTap_TP-CDS\\OrderEats\\vendor\\illuminate\\database\\Connection.php(705): Illuminate\\Database\\Connection->Illuminate\\Database\\{closure}('select * from `...', Array)
#10 C:\\xampp\\htdocs\\DuAnThucTap_TP-CDS\\OrderEats\\vendor\\illuminate\\database\\Connection.php(672): Illuminate\\Database\\Connection->runQueryCallback('select * from `...', Array, Object(Closure))
#11 C:\\xampp\\htdocs\\DuAnThucTap_TP-CDS\\OrderEats\\vendor\\illuminate\\database\\Connection.php(376): Illuminate\\Database\\Connection->run('select * from `...', Array, Object(Closure))
#12 C:\\xampp\\htdocs\\DuAnThucTap_TP-CDS\\OrderEats\\vendor\\illuminate\\database\\Query\\Builder.php(2414): Illuminate\\Database\\Connection->select('select * from `...', Array, true)
#13 C:\\xampp\\htdocs\\DuAnThucTap_TP-CDS\\OrderEats\\vendor\\illuminate\\database\\Query\\Builder.php(2402): Illuminate\\Database\\Query\\Builder->runSelect()
#14 C:\\xampp\\htdocs\\DuAnThucTap_TP-CDS\\OrderEats\\vendor\\illuminate\\database\\Query\\Builder.php(2936): Illuminate\\Database\\Query\\Builder->Illuminate\\Database\\Query\\{closure}()
#15 C:\\xampp\\htdocs\\DuAnThucTap_TP-CDS\\OrderEats\\vendor\\illuminate\\database\\Query\\Builder.php(2403): Illuminate\\Database\\Query\\Builder->onceWithColumns(Array, Object(Closure))
#16 C:\\xampp\\htdocs\\DuAnThucTap_TP-CDS\\OrderEats\\vendor\\illuminate\\database\\Eloquent\\Builder.php(625): Illuminate\\Database\\Query\\Builder->get(Array)
#17 C:\\xampp\\htdocs\\DuAnThucTap_TP-CDS\\OrderEats\\vendor\\illuminate\\database\\Eloquent\\Builder.php(609): Illuminate\\Database\\Eloquent\\Builder->getModels(Array)
#18 C:\\xampp\\htdocs\\DuAnThucTap_TP-CDS\\OrderEats\\app\\Http\\Controllers\\OrdersController.php(14): Illuminate\\Database\\Eloquent\\Builder->get()
#19 C:\\xampp\\htdocs\\DuAnThucTap_TP-CDS\\OrderEats\\vendor\\illuminate\\container\\BoundMethod.php(36): App\\Http\\Controllers\\OrdersController->index()
#20 C:\\xampp\\htdocs\\DuAnThucTap_TP-CDS\\OrderEats\\vendor\\illuminate\\container\\Util.php(40): Illuminate\\Container\\BoundMethod::Illuminate\\Container\\{closure}()
#21 C:\\xampp\\htdocs\\DuAnThucTap_TP-CDS\\OrderEats\\vendor\\illuminate\\container\\BoundMethod.php(93): Illuminate\\Container\\Util::unwrapIfClosure(Object(Closure))
#22 C:\\xampp\\htdocs\\DuAnThucTap_TP-CDS\\OrderEats\\vendor\\illuminate\\container\\BoundMethod.php(37): Illuminate\\Container\\BoundMethod::callBoundMethod(Object(Laravel\\Lumen\\Application), Array, Object(Closure))
#23 C:\\xampp\\htdocs\\DuAnThucTap_TP-CDS\\OrderEats\\vendor\\illuminate\\container\\Container.php(653): Illuminate\\Container\\BoundMethod::call(Object(Laravel\\Lumen\\Application), Array, Array, NULL)
#24 C:\\xampp\\htdocs\\DuAnThucTap_TP-CDS\\OrderEats\\vendor\\laravel\\lumen-framework\\src\\Concerns\\RoutesRequests.php(389): Illuminate\\Container\\Container->call(Array, Array)
#25 C:\\xampp\\htdocs\\DuAnThucTap_TP-CDS\\OrderEats\\vendor\\laravel\\lumen-framework\\src\\Concerns\\RoutesRequests.php(355): Laravel\\Lumen\\Application->callControllerCallable(Array, Array)
#26 C:\\xampp\\htdocs\\DuAnThucTap_TP-CDS\\OrderEats\\vendor\\laravel\\lumen-framework\\src\\Concerns\\RoutesRequests.php(329): Laravel\\Lumen\\Application->callLumenController(Object(App\\Http\\Controllers\\OrdersController), 'index', Array)
#27 C:\\xampp\\htdocs\\DuAnThucTap_TP-CDS\\OrderEats\\vendor\\laravel\\lumen-framework\\src\\Concerns\\RoutesRequests.php(282): Laravel\\Lumen\\Application->callControllerAction(Array)
#28 C:\\xampp\\htdocs\\DuAnThucTap_TP-CDS\\OrderEats\\vendor\\laravel\\lumen-framework\\src\\Concerns\\RoutesRequests.php(267): Laravel\\Lumen\\Application->callActionOnArrayBasedRoute(Array)
#29 C:\\xampp\\htdocs\\DuAnThucTap_TP-CDS\\OrderEats\\vendor\\laravel\\lumen-framework\\src\\Concerns\\RoutesRequests.php(169): Laravel\\Lumen\\Application->handleFoundRoute(Array)
#30 C:\\xampp\\htdocs\\DuAnThucTap_TP-CDS\\OrderEats\\vendor\\laravel\\lumen-framework\\src\\Routing\\Pipeline.php(48): Laravel\\Lumen\\Application->Laravel\\Lumen\\Concerns\\{closure}(Object(Laravel\\Lumen\\Http\\Request))
#31 C:\\xampp\\htdocs\\DuAnThucTap_TP-CDS\\OrderEats\\app\\Http\\Middleware\\ExampleMiddleware.php(18): Laravel\\Lumen\\Routing\\Pipeline->Laravel\\Lumen\\Routing\\{closure}(Object(Laravel\\Lumen\\Http\\Request))
#32 C:\\xampp\\htdocs\\DuAnThucTap_TP-CDS\\OrderEats\\vendor\\illuminate\\pipeline\\Pipeline.php(167): App\\Http\\Middleware\\ExampleMiddleware->handle(Object(Laravel\\Lumen\\Http\\Request), Object(Closure))
#33 C:\\xampp\\htdocs\\DuAnThucTap_TP-CDS\\OrderEats\\vendor\\laravel\\lumen-framework\\src\\Routing\\Pipeline.php(30): Illuminate\\Pipeline\\Pipeline->Illuminate\\Pipeline\\{closure}(Object(Laravel\\Lumen\\Http\\Request))
#34 C:\\xampp\\htdocs\\DuAnThucTap_TP-CDS\\OrderEats\\vendor\\illuminate\\pipeline\\Pipeline.php(103): Laravel\\Lumen\\Routing\\Pipeline->Laravel\\Lumen\\Routing\\{closure}(Object(Laravel\\Lumen\\Http\\Request))
#35 C:\\xampp\\htdocs\\DuAnThucTap_TP-CDS\\OrderEats\\vendor\\laravel\\lumen-framework\\src\\Concerns\\RoutesRequests.php(426): Illuminate\\Pipeline\\Pipeline->then(Object(Closure))
#36 C:\\xampp\\htdocs\\DuAnThucTap_TP-CDS\\OrderEats\\vendor\\laravel\\lumen-framework\\src\\Concerns\\RoutesRequests.php(175): Laravel\\Lumen\\Application->sendThroughPipeline(Array, Object(Closure))
#37 C:\\xampp\\htdocs\\DuAnThucTap_TP-CDS\\OrderEats\\vendor\\laravel\\lumen-framework\\src\\Concerns\\RoutesRequests.php(112): Laravel\\Lumen\\Application->dispatch(NULL)
#38 C:\\xampp\\htdocs\\DuAnThucTap_TP-CDS\\OrderEats\\public\\index.php(28): Laravel\\Lumen\\Application->run()
#39 {main}
"} 
[2023-10-23 09:05:12] local.ERROR: Undefined variable $user {"exception":"[object] (ErrorException(code: 0): Undefined variable $user at D:\\ThucTap\\Lumen\\DuAnThucTap_TP-CDS\\OrderEats\\app\\Http\\Controllers\\OrdersController.php:41)
[stacktrace]
#0 D:\\ThucTap\\Lumen\\DuAnThucTap_TP-CDS\\OrderEats\\vendor\\laravel\\lumen-framework\\src\\Concerns\\RegistersExceptionHandlers.php(47): Laravel\\Lumen\\Application->handleError(2, 'Undefined varia...', 'D:\\\\ThucTap\\\\Lume...', 41)
#1 D:\\ThucTap\\Lumen\\DuAnThucTap_TP-CDS\\OrderEats\\app\\Http\\Controllers\\OrdersController.php(41): Laravel\\Lumen\\Application->Laravel\\Lumen\\Concerns\\{closure}(2, 'Undefined varia...', 'D:\\\\ThucTap\\\\Lume...', 41)
#2 D:\\ThucTap\\Lumen\\DuAnThucTap_TP-CDS\\OrderEats\\vendor\\illuminate\\container\\BoundMethod.php(36): App\\Http\\Controllers\\OrdersController->tesst1()
#3 D:\\ThucTap\\Lumen\\DuAnThucTap_TP-CDS\\OrderEats\\vendor\\illuminate\\container\\Util.php(40): Illuminate\\Container\\BoundMethod::Illuminate\\Container\\{closure}()
#4 D:\\ThucTap\\Lumen\\DuAnThucTap_TP-CDS\\OrderEats\\vendor\\illuminate\\container\\BoundMethod.php(93): Illuminate\\Container\\Util::unwrapIfClosure(Object(Closure))
#5 D:\\ThucTap\\Lumen\\DuAnThucTap_TP-CDS\\OrderEats\\vendor\\illuminate\\container\\BoundMethod.php(37): Illuminate\\Container\\BoundMethod::callBoundMethod(Object(Laravel\\Lumen\\Application), Array, Object(Closure))
#6 D:\\ThucTap\\Lumen\\DuAnThucTap_TP-CDS\\OrderEats\\vendor\\illuminate\\container\\Container.php(653): Illuminate\\Container\\BoundMethod::call(Object(Laravel\\Lumen\\Application), Array, Array, NULL)
#7 D:\\ThucTap\\Lumen\\DuAnThucTap_TP-CDS\\OrderEats\\vendor\\laravel\\lumen-framework\\src\\Concerns\\RoutesRequests.php(389): Illuminate\\Container\\Container->call(Array, Array)
#8 D:\\ThucTap\\Lumen\\DuAnThucTap_TP-CDS\\OrderEats\\vendor\\laravel\\lumen-framework\\src\\Concerns\\RoutesRequests.php(355): Laravel\\Lumen\\Application->callControllerCallable(Array, Array)
#9 D:\\ThucTap\\Lumen\\DuAnThucTap_TP-CDS\\OrderEats\\vendor\\laravel\\lumen-framework\\src\\Concerns\\RoutesRequests.php(329): Laravel\\Lumen\\Application->callLumenController(Object(App\\Http\\Controllers\\OrdersController), 'tesst1', Array)
#10 D:\\ThucTap\\Lumen\\DuAnThucTap_TP-CDS\\OrderEats\\vendor\\laravel\\lumen-framework\\src\\Concerns\\RoutesRequests.php(282): Laravel\\Lumen\\Application->callControllerAction(Array)
#11 D:\\ThucTap\\Lumen\\DuAnThucTap_TP-CDS\\OrderEats\\vendor\\laravel\\lumen-framework\\src\\Concerns\\RoutesRequests.php(267): Laravel\\Lumen\\Application->callActionOnArrayBasedRoute(Array)
#12 D:\\ThucTap\\Lumen\\DuAnThucTap_TP-CDS\\OrderEats\\vendor\\laravel\\lumen-framework\\src\\Concerns\\RoutesRequests.php(169): Laravel\\Lumen\\Application->handleFoundRoute(Array)
#13 D:\\ThucTap\\Lumen\\DuAnThucTap_TP-CDS\\OrderEats\\vendor\\laravel\\lumen-framework\\src\\Routing\\Pipeline.php(48): Laravel\\Lumen\\Application->Laravel\\Lumen\\Concerns\\{closure}(Object(Laravel\\Lumen\\Http\\Request))
#14 D:\\ThucTap\\Lumen\\DuAnThucTap_TP-CDS\\OrderEats\\app\\Http\\Middleware\\ExampleMiddleware.php(18): Laravel\\Lumen\\Routing\\Pipeline->Laravel\\Lumen\\Routing\\{closure}(Object(Laravel\\Lumen\\Http\\Request))
#15 D:\\ThucTap\\Lumen\\DuAnThucTap_TP-CDS\\OrderEats\\vendor\\illuminate\\pipeline\\Pipeline.php(167): App\\Http\\Middleware\\ExampleMiddleware->handle(Object(Laravel\\Lumen\\Http\\Request), Object(Closure))
#16 D:\\ThucTap\\Lumen\\DuAnThucTap_TP-CDS\\OrderEats\\vendor\\laravel\\lumen-framework\\src\\Routing\\Pipeline.php(30): Illuminate\\Pipeline\\Pipeline->Illuminate\\Pipeline\\{closure}(Object(Laravel\\Lumen\\Http\\Request))
#17 D:\\ThucTap\\Lumen\\DuAnThucTap_TP-CDS\\OrderEats\\vendor\\illuminate\\pipeline\\Pipeline.php(103): Laravel\\Lumen\\Routing\\Pipeline->Laravel\\Lumen\\Routing\\{closure}(Object(Laravel\\Lumen\\Http\\Request))
#18 D:\\ThucTap\\Lumen\\DuAnThucTap_TP-CDS\\OrderEats\\vendor\\laravel\\lumen-framework\\src\\Concerns\\RoutesRequests.php(426): Illuminate\\Pipeline\\Pipeline->then(Object(Closure))
#19 D:\\ThucTap\\Lumen\\DuAnThucTap_TP-CDS\\OrderEats\\vendor\\laravel\\lumen-framework\\src\\Concerns\\RoutesRequests.php(175): Laravel\\Lumen\\Application->sendThroughPipeline(Array, Object(Closure))
#20 D:\\ThucTap\\Lumen\\DuAnThucTap_TP-CDS\\OrderEats\\vendor\\laravel\\lumen-framework\\src\\Concerns\\RoutesRequests.php(112): Laravel\\Lumen\\Application->dispatch(NULL)
#21 D:\\ThucTap\\Lumen\\DuAnThucTap_TP-CDS\\OrderEats\\public\\index.php(28): Laravel\\Lumen\\Application->run()
#22 {main}
"} 
[2023-10-23 09:06:25] local.ERROR: Class "App\Http\Controllers\Auth" not found {"exception":"[object] (Error(code: 0): Class \"App\\Http\\Controllers\\Auth\" not found at D:\\ThucTap\\Lumen\\DuAnThucTap_TP-CDS\\OrderEats\\app\\Http\\Controllers\\OrdersController.php:42)
[stacktrace]
#0 D:\\ThucTap\\Lumen\\DuAnThucTap_TP-CDS\\OrderEats\\vendor\\illuminate\\container\\BoundMethod.php(36): App\\Http\\Controllers\\OrdersController->tesst1()
#1 D:\\ThucTap\\Lumen\\DuAnThucTap_TP-CDS\\OrderEats\\vendor\\illuminate\\container\\Util.php(40): Illuminate\\Container\\BoundMethod::Illuminate\\Container\\{closure}()
#2 D:\\ThucTap\\Lumen\\DuAnThucTap_TP-CDS\\OrderEats\\vendor\\illuminate\\container\\BoundMethod.php(93): Illuminate\\Container\\Util::unwrapIfClosure(Object(Closure))
#3 D:\\ThucTap\\Lumen\\DuAnThucTap_TP-CDS\\OrderEats\\vendor\\illuminate\\container\\BoundMethod.php(37): Illuminate\\Container\\BoundMethod::callBoundMethod(Object(Laravel\\Lumen\\Application), Array, Object(Closure))
#4 D:\\ThucTap\\Lumen\\DuAnThucTap_TP-CDS\\OrderEats\\vendor\\illuminate\\container\\Container.php(653): Illuminate\\Container\\BoundMethod::call(Object(Laravel\\Lumen\\Application), Array, Array, NULL)
#5 D:\\ThucTap\\Lumen\\DuAnThucTap_TP-CDS\\OrderEats\\vendor\\laravel\\lumen-framework\\src\\Concerns\\RoutesRequests.php(389): Illuminate\\Container\\Container->call(Array, Array)
#6 D:\\ThucTap\\Lumen\\DuAnThucTap_TP-CDS\\OrderEats\\vendor\\laravel\\lumen-framework\\src\\Concerns\\RoutesRequests.php(355): Laravel\\Lumen\\Application->callControllerCallable(Array, Array)
#7 D:\\ThucTap\\Lumen\\DuAnThucTap_TP-CDS\\OrderEats\\vendor\\laravel\\lumen-framework\\src\\Concerns\\RoutesRequests.php(329): Laravel\\Lumen\\Application->callLumenController(Object(App\\Http\\Controllers\\OrdersController), 'tesst1', Array)
#8 D:\\ThucTap\\Lumen\\DuAnThucTap_TP-CDS\\OrderEats\\vendor\\laravel\\lumen-framework\\src\\Concerns\\RoutesRequests.php(282): Laravel\\Lumen\\Application->callControllerAction(Array)
#9 D:\\ThucTap\\Lumen\\DuAnThucTap_TP-CDS\\OrderEats\\vendor\\laravel\\lumen-framework\\src\\Concerns\\RoutesRequests.php(267): Laravel\\Lumen\\Application->callActionOnArrayBasedRoute(Array)
#10 D:\\ThucTap\\Lumen\\DuAnThucTap_TP-CDS\\OrderEats\\vendor\\laravel\\lumen-framework\\src\\Concerns\\RoutesRequests.php(169): Laravel\\Lumen\\Application->handleFoundRoute(Array)
#11 D:\\ThucTap\\Lumen\\DuAnThucTap_TP-CDS\\OrderEats\\vendor\\laravel\\lumen-framework\\src\\Routing\\Pipeline.php(48): Laravel\\Lumen\\Application->Laravel\\Lumen\\Concerns\\{closure}(Object(Laravel\\Lumen\\Http\\Request))
#12 D:\\ThucTap\\Lumen\\DuAnThucTap_TP-CDS\\OrderEats\\app\\Http\\Middleware\\ExampleMiddleware.php(18): Laravel\\Lumen\\Routing\\Pipeline->Laravel\\Lumen\\Routing\\{closure}(Object(Laravel\\Lumen\\Http\\Request))
#13 D:\\ThucTap\\Lumen\\DuAnThucTap_TP-CDS\\OrderEats\\vendor\\illuminate\\pipeline\\Pipeline.php(167): App\\Http\\Middleware\\ExampleMiddleware->handle(Object(Laravel\\Lumen\\Http\\Request), Object(Closure))
#14 D:\\ThucTap\\Lumen\\DuAnThucTap_TP-CDS\\OrderEats\\vendor\\laravel\\lumen-framework\\src\\Routing\\Pipeline.php(30): Illuminate\\Pipeline\\Pipeline->Illuminate\\Pipeline\\{closure}(Object(Laravel\\Lumen\\Http\\Request))
#15 D:\\ThucTap\\Lumen\\DuAnThucTap_TP-CDS\\OrderEats\\vendor\\illuminate\\pipeline\\Pipeline.php(103): Laravel\\Lumen\\Routing\\Pipeline->Laravel\\Lumen\\Routing\\{closure}(Object(Laravel\\Lumen\\Http\\Request))
#16 D:\\ThucTap\\Lumen\\DuAnThucTap_TP-CDS\\OrderEats\\vendor\\laravel\\lumen-framework\\src\\Concerns\\RoutesRequests.php(426): Illuminate\\Pipeline\\Pipeline->then(Object(Closure))
#17 D:\\ThucTap\\Lumen\\DuAnThucTap_TP-CDS\\OrderEats\\vendor\\laravel\\lumen-framework\\src\\Concerns\\RoutesRequests.php(175): Laravel\\Lumen\\Application->sendThroughPipeline(Array, Object(Closure))
#18 D:\\ThucTap\\Lumen\\DuAnThucTap_TP-CDS\\OrderEats\\vendor\\laravel\\lumen-framework\\src\\Concerns\\RoutesRequests.php(112): Laravel\\Lumen\\Application->dispatch(NULL)
#19 D:\\ThucTap\\Lumen\\DuAnThucTap_TP-CDS\\OrderEats\\public\\index.php(28): Laravel\\Lumen\\Application->run()
#20 {main}
"} 
[2023-10-23 09:06:39] local.ERROR: Undefined property: Illuminate\Auth\AuthManager::$ {"exception":"[object] (ErrorException(code: 0): Undefined property: Illuminate\\Auth\\AuthManager::$ at D:\\ThucTap\\Lumen\\DuAnThucTap_TP-CDS\\OrderEats\\app\\Http\\Controllers\\OrdersController.php:44)
[stacktrace]
#0 D:\\ThucTap\\Lumen\\DuAnThucTap_TP-CDS\\OrderEats\\vendor\\laravel\\lumen-framework\\src\\Concerns\\RegistersExceptionHandlers.php(47): Laravel\\Lumen\\Application->handleError(2, 'Undefined prope...', 'D:\\\\ThucTap\\\\Lume...', 44)
#1 D:\\ThucTap\\Lumen\\DuAnThucTap_TP-CDS\\OrderEats\\app\\Http\\Controllers\\OrdersController.php(44): Laravel\\Lumen\\Application->Laravel\\Lumen\\Concerns\\{closure}(2, 'Undefined prope...', 'D:\\\\ThucTap\\\\Lume...', 44)
#2 D:\\ThucTap\\Lumen\\DuAnThucTap_TP-CDS\\OrderEats\\vendor\\illuminate\\container\\BoundMethod.php(36): App\\Http\\Controllers\\OrdersController->tesst1()
#3 D:\\ThucTap\\Lumen\\DuAnThucTap_TP-CDS\\OrderEats\\vendor\\illuminate\\container\\Util.php(40): Illuminate\\Container\\BoundMethod::Illuminate\\Container\\{closure}()
#4 D:\\ThucTap\\Lumen\\DuAnThucTap_TP-CDS\\OrderEats\\vendor\\illuminate\\container\\BoundMethod.php(93): Illuminate\\Container\\Util::unwrapIfClosure(Object(Closure))
#5 D:\\ThucTap\\Lumen\\DuAnThucTap_TP-CDS\\OrderEats\\vendor\\illuminate\\container\\BoundMethod.php(37): Illuminate\\Container\\BoundMethod::callBoundMethod(Object(Laravel\\Lumen\\Application), Array, Object(Closure))
#6 D:\\ThucTap\\Lumen\\DuAnThucTap_TP-CDS\\OrderEats\\vendor\\illuminate\\container\\Container.php(653): Illuminate\\Container\\BoundMethod::call(Object(Laravel\\Lumen\\Application), Array, Array, NULL)
#7 D:\\ThucTap\\Lumen\\DuAnThucTap_TP-CDS\\OrderEats\\vendor\\laravel\\lumen-framework\\src\\Concerns\\RoutesRequests.php(389): Illuminate\\Container\\Container->call(Array, Array)
#8 D:\\ThucTap\\Lumen\\DuAnThucTap_TP-CDS\\OrderEats\\vendor\\laravel\\lumen-framework\\src\\Concerns\\RoutesRequests.php(355): Laravel\\Lumen\\Application->callControllerCallable(Array, Array)
#9 D:\\ThucTap\\Lumen\\DuAnThucTap_TP-CDS\\OrderEats\\vendor\\laravel\\lumen-framework\\src\\Concerns\\RoutesRequests.php(329): Laravel\\Lumen\\Application->callLumenController(Object(App\\Http\\Controllers\\OrdersController), 'tesst1', Array)
#10 D:\\ThucTap\\Lumen\\DuAnThucTap_TP-CDS\\OrderEats\\vendor\\laravel\\lumen-framework\\src\\Concerns\\RoutesRequests.php(282): Laravel\\Lumen\\Application->callControllerAction(Array)
#11 D:\\ThucTap\\Lumen\\DuAnThucTap_TP-CDS\\OrderEats\\vendor\\laravel\\lumen-framework\\src\\Concerns\\RoutesRequests.php(267): Laravel\\Lumen\\Application->callActionOnArrayBasedRoute(Array)
#12 D:\\ThucTap\\Lumen\\DuAnThucTap_TP-CDS\\OrderEats\\vendor\\laravel\\lumen-framework\\src\\Concerns\\RoutesRequests.php(169): Laravel\\Lumen\\Application->handleFoundRoute(Array)
#13 D:\\ThucTap\\Lumen\\DuAnThucTap_TP-CDS\\OrderEats\\vendor\\laravel\\lumen-framework\\src\\Routing\\Pipeline.php(48): Laravel\\Lumen\\Application->Laravel\\Lumen\\Concerns\\{closure}(Object(Laravel\\Lumen\\Http\\Request))
#14 D:\\ThucTap\\Lumen\\DuAnThucTap_TP-CDS\\OrderEats\\app\\Http\\Middleware\\ExampleMiddleware.php(18): Laravel\\Lumen\\Routing\\Pipeline->Laravel\\Lumen\\Routing\\{closure}(Object(Laravel\\Lumen\\Http\\Request))
#15 D:\\ThucTap\\Lumen\\DuAnThucTap_TP-CDS\\OrderEats\\vendor\\illuminate\\pipeline\\Pipeline.php(167): App\\Http\\Middleware\\ExampleMiddleware->handle(Object(Laravel\\Lumen\\Http\\Request), Object(Closure))
#16 D:\\ThucTap\\Lumen\\DuAnThucTap_TP-CDS\\OrderEats\\vendor\\laravel\\lumen-framework\\src\\Routing\\Pipeline.php(30): Illuminate\\Pipeline\\Pipeline->Illuminate\\Pipeline\\{closure}(Object(Laravel\\Lumen\\Http\\Request))
#17 D:\\ThucTap\\Lumen\\DuAnThucTap_TP-CDS\\OrderEats\\vendor\\illuminate\\pipeline\\Pipeline.php(103): Laravel\\Lumen\\Routing\\Pipeline->Laravel\\Lumen\\Routing\\{closure}(Object(Laravel\\Lumen\\Http\\Request))
#18 D:\\ThucTap\\Lumen\\DuAnThucTap_TP-CDS\\OrderEats\\vendor\\laravel\\lumen-framework\\src\\Concerns\\RoutesRequests.php(426): Illuminate\\Pipeline\\Pipeline->then(Object(Closure))
#19 D:\\ThucTap\\Lumen\\DuAnThucTap_TP-CDS\\OrderEats\\vendor\\laravel\\lumen-framework\\src\\Concerns\\RoutesRequests.php(175): Laravel\\Lumen\\Application->sendThroughPipeline(Array, Object(Closure))
#20 D:\\ThucTap\\Lumen\\DuAnThucTap_TP-CDS\\OrderEats\\vendor\\laravel\\lumen-framework\\src\\Concerns\\RoutesRequests.php(112): Laravel\\Lumen\\Application->dispatch(NULL)
#21 D:\\ThucTap\\Lumen\\DuAnThucTap_TP-CDS\\OrderEats\\public\\index.php(28): Laravel\\Lumen\\Application->run()
#22 {main}
"} 
[2023-10-23 09:10:20] local.ERROR: Undefined property: Illuminate\Auth\AuthManager::${"id":1,"username":"LinhTD2805","fullname":"","email":"linhtd280515@gmail.com","phone":"","role_id":3,"latitude":0,"longitude":0,"created_at":"2023-10-23T07:55:18.000000Z","updated_at":"2023-10-23T07:55:18.000000Z","device_token":null} {"exception":"[object] (ErrorException(code: 0): Undefined property: Illuminate\\Auth\\AuthManager::${\"id\":1,\"username\":\"LinhTD2805\",\"fullname\":\"\",\"email\":\"linhtd280515@gmail.com\",\"phone\":\"\",\"role_id\":3,\"latitude\":0,\"longitude\":0,\"created_at\":\"2023-10-23T07:55:18.000000Z\",\"updated_at\":\"2023-10-23T07:55:18.000000Z\",\"device_token\":null} at D:\\ThucTap\\Lumen\\DuAnThucTap_TP-CDS\\OrderEats\\app\\Http\\Controllers\\OrdersController.php:45)
[stacktrace]
#0 D:\\ThucTap\\Lumen\\DuAnThucTap_TP-CDS\\OrderEats\\vendor\\laravel\\lumen-framework\\src\\Concerns\\RegistersExceptionHandlers.php(47): Laravel\\Lumen\\Application->handleError(2, 'Undefined prope...', 'D:\\\\ThucTap\\\\Lume...', 45)
#1 D:\\ThucTap\\Lumen\\DuAnThucTap_TP-CDS\\OrderEats\\app\\Http\\Controllers\\OrdersController.php(45): Laravel\\Lumen\\Application->Laravel\\Lumen\\Concerns\\{closure}(2, 'Undefined prope...', 'D:\\\\ThucTap\\\\Lume...', 45)
#2 D:\\ThucTap\\Lumen\\DuAnThucTap_TP-CDS\\OrderEats\\vendor\\illuminate\\container\\BoundMethod.php(36): App\\Http\\Controllers\\OrdersController->tesst1()
#3 D:\\ThucTap\\Lumen\\DuAnThucTap_TP-CDS\\OrderEats\\vendor\\illuminate\\container\\Util.php(40): Illuminate\\Container\\BoundMethod::Illuminate\\Container\\{closure}()
#4 D:\\ThucTap\\Lumen\\DuAnThucTap_TP-CDS\\OrderEats\\vendor\\illuminate\\container\\BoundMethod.php(93): Illuminate\\Container\\Util::unwrapIfClosure(Object(Closure))
#5 D:\\ThucTap\\Lumen\\DuAnThucTap_TP-CDS\\OrderEats\\vendor\\illuminate\\container\\BoundMethod.php(37): Illuminate\\Container\\BoundMethod::callBoundMethod(Object(Laravel\\Lumen\\Application), Array, Object(Closure))
#6 D:\\ThucTap\\Lumen\\DuAnThucTap_TP-CDS\\OrderEats\\vendor\\illuminate\\container\\Container.php(653): Illuminate\\Container\\BoundMethod::call(Object(Laravel\\Lumen\\Application), Array, Array, NULL)
#7 D:\\ThucTap\\Lumen\\DuAnThucTap_TP-CDS\\OrderEats\\vendor\\laravel\\lumen-framework\\src\\Concerns\\RoutesRequests.php(389): Illuminate\\Container\\Container->call(Array, Array)
#8 D:\\ThucTap\\Lumen\\DuAnThucTap_TP-CDS\\OrderEats\\vendor\\laravel\\lumen-framework\\src\\Concerns\\RoutesRequests.php(355): Laravel\\Lumen\\Application->callControllerCallable(Array, Array)
#9 D:\\ThucTap\\Lumen\\DuAnThucTap_TP-CDS\\OrderEats\\vendor\\laravel\\lumen-framework\\src\\Concerns\\RoutesRequests.php(329): Laravel\\Lumen\\Application->callLumenController(Object(App\\Http\\Controllers\\OrdersController), 'tesst1', Array)
#10 D:\\ThucTap\\Lumen\\DuAnThucTap_TP-CDS\\OrderEats\\vendor\\laravel\\lumen-framework\\src\\Concerns\\RoutesRequests.php(282): Laravel\\Lumen\\Application->callControllerAction(Array)
#11 D:\\ThucTap\\Lumen\\DuAnThucTap_TP-CDS\\OrderEats\\vendor\\laravel\\lumen-framework\\src\\Concerns\\RoutesRequests.php(267): Laravel\\Lumen\\Application->callActionOnArrayBasedRoute(Array)
#12 D:\\ThucTap\\Lumen\\DuAnThucTap_TP-CDS\\OrderEats\\vendor\\laravel\\lumen-framework\\src\\Concerns\\RoutesRequests.php(169): Laravel\\Lumen\\Application->handleFoundRoute(Array)
#13 D:\\ThucTap\\Lumen\\DuAnThucTap_TP-CDS\\OrderEats\\vendor\\laravel\\lumen-framework\\src\\Routing\\Pipeline.php(48): Laravel\\Lumen\\Application->Laravel\\Lumen\\Concerns\\{closure}(Object(Laravel\\Lumen\\Http\\Request))
#14 D:\\ThucTap\\Lumen\\DuAnThucTap_TP-CDS\\OrderEats\\app\\Http\\Middleware\\ExampleMiddleware.php(18): Laravel\\Lumen\\Routing\\Pipeline->Laravel\\Lumen\\Routing\\{closure}(Object(Laravel\\Lumen\\Http\\Request))
#15 D:\\ThucTap\\Lumen\\DuAnThucTap_TP-CDS\\OrderEats\\vendor\\illuminate\\pipeline\\Pipeline.php(167): App\\Http\\Middleware\\ExampleMiddleware->handle(Object(Laravel\\Lumen\\Http\\Request), Object(Closure))
#16 D:\\ThucTap\\Lumen\\DuAnThucTap_TP-CDS\\OrderEats\\vendor\\laravel\\lumen-framework\\src\\Routing\\Pipeline.php(30): Illuminate\\Pipeline\\Pipeline->Illuminate\\Pipeline\\{closure}(Object(Laravel\\Lumen\\Http\\Request))
#17 D:\\ThucTap\\Lumen\\DuAnThucTap_TP-CDS\\OrderEats\\vendor\\illuminate\\pipeline\\Pipeline.php(103): Laravel\\Lumen\\Routing\\Pipeline->Laravel\\Lumen\\Routing\\{closure}(Object(Laravel\\Lumen\\Http\\Request))
#18 D:\\ThucTap\\Lumen\\DuAnThucTap_TP-CDS\\OrderEats\\vendor\\laravel\\lumen-framework\\src\\Concerns\\RoutesRequests.php(426): Illuminate\\Pipeline\\Pipeline->then(Object(Closure))
#19 D:\\ThucTap\\Lumen\\DuAnThucTap_TP-CDS\\OrderEats\\vendor\\laravel\\lumen-framework\\src\\Concerns\\RoutesRequests.php(175): Laravel\\Lumen\\Application->sendThroughPipeline(Array, Object(Closure))
#20 D:\\ThucTap\\Lumen\\DuAnThucTap_TP-CDS\\OrderEats\\vendor\\laravel\\lumen-framework\\src\\Concerns\\RoutesRequests.php(112): Laravel\\Lumen\\Application->dispatch(NULL)
#21 D:\\ThucTap\\Lumen\\DuAnThucTap_TP-CDS\\OrderEats\\public\\index.php(28): Laravel\\Lumen\\Application->run()
#22 {main}
"} 
[2023-10-23 09:12:42] local.ERROR: Undefined variable $order {"exception":"[object] (ErrorException(code: 0): Undefined variable $order at D:\\ThucTap\\Lumen\\DuAnThucTap_TP-CDS\\OrderEats\\app\\Http\\Controllers\\OrdersController.php:49)
[stacktrace]
#0 D:\\ThucTap\\Lumen\\DuAnThucTap_TP-CDS\\OrderEats\\vendor\\laravel\\lumen-framework\\src\\Concerns\\RegistersExceptionHandlers.php(47): Laravel\\Lumen\\Application->handleError(2, 'Undefined varia...', 'D:\\\\ThucTap\\\\Lume...', 49)
#1 D:\\ThucTap\\Lumen\\DuAnThucTap_TP-CDS\\OrderEats\\app\\Http\\Controllers\\OrdersController.php(49): Laravel\\Lumen\\Application->Laravel\\Lumen\\Concerns\\{closure}(2, 'Undefined varia...', 'D:\\\\ThucTap\\\\Lume...', 49)
#2 D:\\ThucTap\\Lumen\\DuAnThucTap_TP-CDS\\OrderEats\\vendor\\illuminate\\container\\BoundMethod.php(36): App\\Http\\Controllers\\OrdersController->tesst1()
#3 D:\\ThucTap\\Lumen\\DuAnThucTap_TP-CDS\\OrderEats\\vendor\\illuminate\\container\\Util.php(40): Illuminate\\Container\\BoundMethod::Illuminate\\Container\\{closure}()
#4 D:\\ThucTap\\Lumen\\DuAnThucTap_TP-CDS\\OrderEats\\vendor\\illuminate\\container\\BoundMethod.php(93): Illuminate\\Container\\Util::unwrapIfClosure(Object(Closure))
#5 D:\\ThucTap\\Lumen\\DuAnThucTap_TP-CDS\\OrderEats\\vendor\\illuminate\\container\\BoundMethod.php(37): Illuminate\\Container\\BoundMethod::callBoundMethod(Object(Laravel\\Lumen\\Application), Array, Object(Closure))
#6 D:\\ThucTap\\Lumen\\DuAnThucTap_TP-CDS\\OrderEats\\vendor\\illuminate\\container\\Container.php(653): Illuminate\\Container\\BoundMethod::call(Object(Laravel\\Lumen\\Application), Array, Array, NULL)
#7 D:\\ThucTap\\Lumen\\DuAnThucTap_TP-CDS\\OrderEats\\vendor\\laravel\\lumen-framework\\src\\Concerns\\RoutesRequests.php(389): Illuminate\\Container\\Container->call(Array, Array)
#8 D:\\ThucTap\\Lumen\\DuAnThucTap_TP-CDS\\OrderEats\\vendor\\laravel\\lumen-framework\\src\\Concerns\\RoutesRequests.php(355): Laravel\\Lumen\\Application->callControllerCallable(Array, Array)
#9 D:\\ThucTap\\Lumen\\DuAnThucTap_TP-CDS\\OrderEats\\vendor\\laravel\\lumen-framework\\src\\Concerns\\RoutesRequests.php(329): Laravel\\Lumen\\Application->callLumenController(Object(App\\Http\\Controllers\\OrdersController), 'tesst1', Array)
#10 D:\\ThucTap\\Lumen\\DuAnThucTap_TP-CDS\\OrderEats\\vendor\\laravel\\lumen-framework\\src\\Concerns\\RoutesRequests.php(282): Laravel\\Lumen\\Application->callControllerAction(Array)
#11 D:\\ThucTap\\Lumen\\DuAnThucTap_TP-CDS\\OrderEats\\vendor\\laravel\\lumen-framework\\src\\Concerns\\RoutesRequests.php(267): Laravel\\Lumen\\Application->callActionOnArrayBasedRoute(Array)
#12 D:\\ThucTap\\Lumen\\DuAnThucTap_TP-CDS\\OrderEats\\vendor\\laravel\\lumen-framework\\src\\Concerns\\RoutesRequests.php(169): Laravel\\Lumen\\Application->handleFoundRoute(Array)
#13 D:\\ThucTap\\Lumen\\DuAnThucTap_TP-CDS\\OrderEats\\vendor\\laravel\\lumen-framework\\src\\Routing\\Pipeline.php(48): Laravel\\Lumen\\Application->Laravel\\Lumen\\Concerns\\{closure}(Object(Laravel\\Lumen\\Http\\Request))
#14 D:\\ThucTap\\Lumen\\DuAnThucTap_TP-CDS\\OrderEats\\app\\Http\\Middleware\\ExampleMiddleware.php(18): Laravel\\Lumen\\Routing\\Pipeline->Laravel\\Lumen\\Routing\\{closure}(Object(Laravel\\Lumen\\Http\\Request))
#15 D:\\ThucTap\\Lumen\\DuAnThucTap_TP-CDS\\OrderEats\\vendor\\illuminate\\pipeline\\Pipeline.php(167): App\\Http\\Middleware\\ExampleMiddleware->handle(Object(Laravel\\Lumen\\Http\\Request), Object(Closure))
#16 D:\\ThucTap\\Lumen\\DuAnThucTap_TP-CDS\\OrderEats\\vendor\\laravel\\lumen-framework\\src\\Routing\\Pipeline.php(30): Illuminate\\Pipeline\\Pipeline->Illuminate\\Pipeline\\{closure}(Object(Laravel\\Lumen\\Http\\Request))
#17 D:\\ThucTap\\Lumen\\DuAnThucTap_TP-CDS\\OrderEats\\vendor\\illuminate\\pipeline\\Pipeline.php(103): Laravel\\Lumen\\Routing\\Pipeline->Laravel\\Lumen\\Routing\\{closure}(Object(Laravel\\Lumen\\Http\\Request))
#18 D:\\ThucTap\\Lumen\\DuAnThucTap_TP-CDS\\OrderEats\\vendor\\laravel\\lumen-framework\\src\\Concerns\\RoutesRequests.php(426): Illuminate\\Pipeline\\Pipeline->then(Object(Closure))
#19 D:\\ThucTap\\Lumen\\DuAnThucTap_TP-CDS\\OrderEats\\vendor\\laravel\\lumen-framework\\src\\Concerns\\RoutesRequests.php(175): Laravel\\Lumen\\Application->sendThroughPipeline(Array, Object(Closure))
#20 D:\\ThucTap\\Lumen\\DuAnThucTap_TP-CDS\\OrderEats\\vendor\\laravel\\lumen-framework\\src\\Concerns\\RoutesRequests.php(112): Laravel\\Lumen\\Application->dispatch(NULL)
#21 D:\\ThucTap\\Lumen\\DuAnThucTap_TP-CDS\\OrderEats\\public\\index.php(28): Laravel\\Lumen\\Application->run()
#22 {main}
"} 
[2023-10-23 09:13:38] local.ERROR: Class "App\Http\Controllers\Order" not found {"exception":"[object] (Error(code: 0): Class \"App\\Http\\Controllers\\Order\" not found at D:\\ThucTap\\Lumen\\DuAnThucTap_TP-CDS\\OrderEats\\app\\Http\\Controllers\\OrdersController.php:49)
[stacktrace]
#0 D:\\ThucTap\\Lumen\\DuAnThucTap_TP-CDS\\OrderEats\\vendor\\illuminate\\container\\BoundMethod.php(36): App\\Http\\Controllers\\OrdersController->tesst1()
#1 D:\\ThucTap\\Lumen\\DuAnThucTap_TP-CDS\\OrderEats\\vendor\\illuminate\\container\\Util.php(40): Illuminate\\Container\\BoundMethod::Illuminate\\Container\\{closure}()
#2 D:\\ThucTap\\Lumen\\DuAnThucTap_TP-CDS\\OrderEats\\vendor\\illuminate\\container\\BoundMethod.php(93): Illuminate\\Container\\Util::unwrapIfClosure(Object(Closure))
#3 D:\\ThucTap\\Lumen\\DuAnThucTap_TP-CDS\\OrderEats\\vendor\\illuminate\\container\\BoundMethod.php(37): Illuminate\\Container\\BoundMethod::callBoundMethod(Object(Laravel\\Lumen\\Application), Array, Object(Closure))
#4 D:\\ThucTap\\Lumen\\DuAnThucTap_TP-CDS\\OrderEats\\vendor\\illuminate\\container\\Container.php(653): Illuminate\\Container\\BoundMethod::call(Object(Laravel\\Lumen\\Application), Array, Array, NULL)
#5 D:\\ThucTap\\Lumen\\DuAnThucTap_TP-CDS\\OrderEats\\vendor\\laravel\\lumen-framework\\src\\Concerns\\RoutesRequests.php(389): Illuminate\\Container\\Container->call(Array, Array)
#6 D:\\ThucTap\\Lumen\\DuAnThucTap_TP-CDS\\OrderEats\\vendor\\laravel\\lumen-framework\\src\\Concerns\\RoutesRequests.php(355): Laravel\\Lumen\\Application->callControllerCallable(Array, Array)
#7 D:\\ThucTap\\Lumen\\DuAnThucTap_TP-CDS\\OrderEats\\vendor\\laravel\\lumen-framework\\src\\Concerns\\RoutesRequests.php(329): Laravel\\Lumen\\Application->callLumenController(Object(App\\Http\\Controllers\\OrdersController), 'tesst1', Array)
#8 D:\\ThucTap\\Lumen\\DuAnThucTap_TP-CDS\\OrderEats\\vendor\\laravel\\lumen-framework\\src\\Concerns\\RoutesRequests.php(282): Laravel\\Lumen\\Application->callControllerAction(Array)
#9 D:\\ThucTap\\Lumen\\DuAnThucTap_TP-CDS\\OrderEats\\vendor\\laravel\\lumen-framework\\src\\Concerns\\RoutesRequests.php(267): Laravel\\Lumen\\Application->callActionOnArrayBasedRoute(Array)
#10 D:\\ThucTap\\Lumen\\DuAnThucTap_TP-CDS\\OrderEats\\vendor\\laravel\\lumen-framework\\src\\Concerns\\RoutesRequests.php(169): Laravel\\Lumen\\Application->handleFoundRoute(Array)
#11 D:\\ThucTap\\Lumen\\DuAnThucTap_TP-CDS\\OrderEats\\vendor\\laravel\\lumen-framework\\src\\Routing\\Pipeline.php(48): Laravel\\Lumen\\Application->Laravel\\Lumen\\Concerns\\{closure}(Object(Laravel\\Lumen\\Http\\Request))
#12 D:\\ThucTap\\Lumen\\DuAnThucTap_TP-CDS\\OrderEats\\app\\Http\\Middleware\\ExampleMiddleware.php(18): Laravel\\Lumen\\Routing\\Pipeline->Laravel\\Lumen\\Routing\\{closure}(Object(Laravel\\Lumen\\Http\\Request))
#13 D:\\ThucTap\\Lumen\\DuAnThucTap_TP-CDS\\OrderEats\\vendor\\illuminate\\pipeline\\Pipeline.php(167): App\\Http\\Middleware\\ExampleMiddleware->handle(Object(Laravel\\Lumen\\Http\\Request), Object(Closure))
#14 D:\\ThucTap\\Lumen\\DuAnThucTap_TP-CDS\\OrderEats\\vendor\\laravel\\lumen-framework\\src\\Routing\\Pipeline.php(30): Illuminate\\Pipeline\\Pipeline->Illuminate\\Pipeline\\{closure}(Object(Laravel\\Lumen\\Http\\Request))
#15 D:\\ThucTap\\Lumen\\DuAnThucTap_TP-CDS\\OrderEats\\vendor\\illuminate\\pipeline\\Pipeline.php(103): Laravel\\Lumen\\Routing\\Pipeline->Laravel\\Lumen\\Routing\\{closure}(Object(Laravel\\Lumen\\Http\\Request))
#16 D:\\ThucTap\\Lumen\\DuAnThucTap_TP-CDS\\OrderEats\\vendor\\laravel\\lumen-framework\\src\\Concerns\\RoutesRequests.php(426): Illuminate\\Pipeline\\Pipeline->then(Object(Closure))
#17 D:\\ThucTap\\Lumen\\DuAnThucTap_TP-CDS\\OrderEats\\vendor\\laravel\\lumen-framework\\src\\Concerns\\RoutesRequests.php(175): Laravel\\Lumen\\Application->sendThroughPipeline(Array, Object(Closure))
#18 D:\\ThucTap\\Lumen\\DuAnThucTap_TP-CDS\\OrderEats\\vendor\\laravel\\lumen-framework\\src\\Concerns\\RoutesRequests.php(112): Laravel\\Lumen\\Application->dispatch(NULL)
#19 D:\\ThucTap\\Lumen\\DuAnThucTap_TP-CDS\\OrderEats\\public\\index.php(28): Laravel\\Lumen\\Application->run()
#20 {main}
"} 
[2023-10-23 09:17:21] local.ERROR: SQLSTATE[22003]: Numeric value out of range: 1264 Out of range value for column 'total_price' at row 1 (SQL: insert into `orders` (`user_id`, `shipper_id`, `menu_id`, `quantity`, `total_price`, `order_status`, `updated_at`, `created_at`) values (1, 2, 1, 123, 14760000, đang xử lý, 2023-10-23 09:17:21, 2023-10-23 09:17:21)) {"exception":"[object] (Illuminate\\Database\\QueryException(code: 22003): SQLSTATE[22003]: Numeric value out of range: 1264 Out of range value for column 'total_price' at row 1 (SQL: insert into `orders` (`user_id`, `shipper_id`, `menu_id`, `quantity`, `total_price`, `order_status`, `updated_at`, `created_at`) values (1, 2, 1, 123, 14760000, đang xử lý, 2023-10-23 09:17:21, 2023-10-23 09:17:21)) at D:\\ThucTap\\Lumen\\DuAnThucTap_TP-CDS\\OrderEats\\vendor\\illuminate\\database\\Connection.php:712)
[stacktrace]
#0 D:\\ThucTap\\Lumen\\DuAnThucTap_TP-CDS\\OrderEats\\vendor\\illuminate\\database\\Connection.php(672): Illuminate\\Database\\Connection->runQueryCallback('insert into `or...', Array, Object(Closure))
#1 D:\\ThucTap\\Lumen\\DuAnThucTap_TP-CDS\\OrderEats\\vendor\\illuminate\\database\\Connection.php(502): Illuminate\\Database\\Connection->run('insert into `or...', Array, Object(Closure))
#2 D:\\ThucTap\\Lumen\\DuAnThucTap_TP-CDS\\OrderEats\\vendor\\illuminate\\database\\Connection.php(454): Illuminate\\Database\\Connection->statement('insert into `or...', Array)
#3 D:\\ThucTap\\Lumen\\DuAnThucTap_TP-CDS\\OrderEats\\vendor\\illuminate\\database\\Query\\Processors\\Processor.php(32): Illuminate\\Database\\Connection->insert('insert into `or...', Array)
#4 D:\\ThucTap\\Lumen\\DuAnThucTap_TP-CDS\\OrderEats\\vendor\\illuminate\\database\\Query\\Builder.php(3028): Illuminate\\Database\\Query\\Processors\\Processor->processInsertGetId(Object(Illuminate\\Database\\Query\\Builder), 'insert into `or...', Array, 'id')
#5 D:\\ThucTap\\Lumen\\DuAnThucTap_TP-CDS\\OrderEats\\vendor\\illuminate\\database\\Eloquent\\Builder.php(1657): Illuminate\\Database\\Query\\Builder->insertGetId(Array, 'id')
#6 D:\\ThucTap\\Lumen\\DuAnThucTap_TP-CDS\\OrderEats\\vendor\\illuminate\\database\\Eloquent\\Model.php(1188): Illuminate\\Database\\Eloquent\\Builder->__call('insertGetId', Array)
#7 D:\\ThucTap\\Lumen\\DuAnThucTap_TP-CDS\\OrderEats\\vendor\\illuminate\\database\\Eloquent\\Model.php(1153): Illuminate\\Database\\Eloquent\\Model->insertAndSetId(Object(Illuminate\\Database\\Eloquent\\Builder), Array)
#8 D:\\ThucTap\\Lumen\\DuAnThucTap_TP-CDS\\OrderEats\\vendor\\illuminate\\database\\Eloquent\\Model.php(994): Illuminate\\Database\\Eloquent\\Model->performInsert(Object(Illuminate\\Database\\Eloquent\\Builder))
#9 D:\\ThucTap\\Lumen\\DuAnThucTap_TP-CDS\\OrderEats\\app\\Http\\Controllers\\OrdersController.php(131): Illuminate\\Database\\Eloquent\\Model->save()
#10 D:\\ThucTap\\Lumen\\DuAnThucTap_TP-CDS\\OrderEats\\vendor\\illuminate\\container\\BoundMethod.php(36): App\\Http\\Controllers\\OrdersController->create(Object(Laravel\\Lumen\\Http\\Request))
#11 D:\\ThucTap\\Lumen\\DuAnThucTap_TP-CDS\\OrderEats\\vendor\\illuminate\\container\\Util.php(40): Illuminate\\Container\\BoundMethod::Illuminate\\Container\\{closure}()
#12 D:\\ThucTap\\Lumen\\DuAnThucTap_TP-CDS\\OrderEats\\vendor\\illuminate\\container\\BoundMethod.php(93): Illuminate\\Container\\Util::unwrapIfClosure(Object(Closure))
#13 D:\\ThucTap\\Lumen\\DuAnThucTap_TP-CDS\\OrderEats\\vendor\\illuminate\\container\\BoundMethod.php(37): Illuminate\\Container\\BoundMethod::callBoundMethod(Object(Laravel\\Lumen\\Application), Array, Object(Closure))
#14 D:\\ThucTap\\Lumen\\DuAnThucTap_TP-CDS\\OrderEats\\vendor\\illuminate\\container\\Container.php(653): Illuminate\\Container\\BoundMethod::call(Object(Laravel\\Lumen\\Application), Array, Array, NULL)
#15 D:\\ThucTap\\Lumen\\DuAnThucTap_TP-CDS\\OrderEats\\vendor\\laravel\\lumen-framework\\src\\Concerns\\RoutesRequests.php(389): Illuminate\\Container\\Container->call(Array, Array)
#16 D:\\ThucTap\\Lumen\\DuAnThucTap_TP-CDS\\OrderEats\\vendor\\laravel\\lumen-framework\\src\\Concerns\\RoutesRequests.php(355): Laravel\\Lumen\\Application->callControllerCallable(Array, Array)
#17 D:\\ThucTap\\Lumen\\DuAnThucTap_TP-CDS\\OrderEats\\vendor\\laravel\\lumen-framework\\src\\Concerns\\RoutesRequests.php(329): Laravel\\Lumen\\Application->callLumenController(Object(App\\Http\\Controllers\\OrdersController), 'create', Array)
#18 D:\\ThucTap\\Lumen\\DuAnThucTap_TP-CDS\\OrderEats\\vendor\\laravel\\lumen-framework\\src\\Concerns\\RoutesRequests.php(282): Laravel\\Lumen\\Application->callControllerAction(Array)
#19 D:\\ThucTap\\Lumen\\DuAnThucTap_TP-CDS\\OrderEats\\vendor\\laravel\\lumen-framework\\src\\Concerns\\RoutesRequests.php(267): Laravel\\Lumen\\Application->callActionOnArrayBasedRoute(Array)
#20 D:\\ThucTap\\Lumen\\DuAnThucTap_TP-CDS\\OrderEats\\vendor\\laravel\\lumen-framework\\src\\Concerns\\RoutesRequests.php(169): Laravel\\Lumen\\Application->handleFoundRoute(Array)
#21 D:\\ThucTap\\Lumen\\DuAnThucTap_TP-CDS\\OrderEats\\vendor\\laravel\\lumen-framework\\src\\Routing\\Pipeline.php(48): Laravel\\Lumen\\Application->Laravel\\Lumen\\Concerns\\{closure}(Object(Laravel\\Lumen\\Http\\Request))
#22 D:\\ThucTap\\Lumen\\DuAnThucTap_TP-CDS\\OrderEats\\app\\Http\\Middleware\\ExampleMiddleware.php(18): Laravel\\Lumen\\Routing\\Pipeline->Laravel\\Lumen\\Routing\\{closure}(Object(Laravel\\Lumen\\Http\\Request))
#23 D:\\ThucTap\\Lumen\\DuAnThucTap_TP-CDS\\OrderEats\\vendor\\illuminate\\pipeline\\Pipeline.php(167): App\\Http\\Middleware\\ExampleMiddleware->handle(Object(Laravel\\Lumen\\Http\\Request), Object(Closure))
#24 D:\\ThucTap\\Lumen\\DuAnThucTap_TP-CDS\\OrderEats\\vendor\\laravel\\lumen-framework\\src\\Routing\\Pipeline.php(30): Illuminate\\Pipeline\\Pipeline->Illuminate\\Pipeline\\{closure}(Object(Laravel\\Lumen\\Http\\Request))
#25 D:\\ThucTap\\Lumen\\DuAnThucTap_TP-CDS\\OrderEats\\vendor\\illuminate\\pipeline\\Pipeline.php(103): Laravel\\Lumen\\Routing\\Pipeline->Laravel\\Lumen\\Routing\\{closure}(Object(Laravel\\Lumen\\Http\\Request))
#26 D:\\ThucTap\\Lumen\\DuAnThucTap_TP-CDS\\OrderEats\\vendor\\laravel\\lumen-framework\\src\\Concerns\\RoutesRequests.php(426): Illuminate\\Pipeline\\Pipeline->then(Object(Closure))
#27 D:\\ThucTap\\Lumen\\DuAnThucTap_TP-CDS\\OrderEats\\vendor\\laravel\\lumen-framework\\src\\Concerns\\RoutesRequests.php(175): Laravel\\Lumen\\Application->sendThroughPipeline(Array, Object(Closure))
#28 D:\\ThucTap\\Lumen\\DuAnThucTap_TP-CDS\\OrderEats\\vendor\\laravel\\lumen-framework\\src\\Concerns\\RoutesRequests.php(112): Laravel\\Lumen\\Application->dispatch(NULL)
#29 D:\\ThucTap\\Lumen\\DuAnThucTap_TP-CDS\\OrderEats\\public\\index.php(28): Laravel\\Lumen\\Application->run()
#30 {main}

[previous exception] [object] (PDOException(code: 22003): SQLSTATE[22003]: Numeric value out of range: 1264 Out of range value for column 'total_price' at row 1 at D:\\ThucTap\\Lumen\\DuAnThucTap_TP-CDS\\OrderEats\\vendor\\illuminate\\database\\Connection.php:501)
[stacktrace]
#0 D:\\ThucTap\\Lumen\\DuAnThucTap_TP-CDS\\OrderEats\\vendor\\illuminate\\database\\Connection.php(501): PDOStatement->execute()
#1 D:\\ThucTap\\Lumen\\DuAnThucTap_TP-CDS\\OrderEats\\vendor\\illuminate\\database\\Connection.php(705): Illuminate\\Database\\Connection->Illuminate\\Database\\{closure}('insert into `or...', Array)
#2 D:\\ThucTap\\Lumen\\DuAnThucTap_TP-CDS\\OrderEats\\vendor\\illuminate\\database\\Connection.php(672): Illuminate\\Database\\Connection->runQueryCallback('insert into `or...', Array, Object(Closure))
#3 D:\\ThucTap\\Lumen\\DuAnThucTap_TP-CDS\\OrderEats\\vendor\\illuminate\\database\\Connection.php(502): Illuminate\\Database\\Connection->run('insert into `or...', Array, Object(Closure))
#4 D:\\ThucTap\\Lumen\\DuAnThucTap_TP-CDS\\OrderEats\\vendor\\illuminate\\database\\Connection.php(454): Illuminate\\Database\\Connection->statement('insert into `or...', Array)
#5 D:\\ThucTap\\Lumen\\DuAnThucTap_TP-CDS\\OrderEats\\vendor\\illuminate\\database\\Query\\Processors\\Processor.php(32): Illuminate\\Database\\Connection->insert('insert into `or...', Array)
#6 D:\\ThucTap\\Lumen\\DuAnThucTap_TP-CDS\\OrderEats\\vendor\\illuminate\\database\\Query\\Builder.php(3028): Illuminate\\Database\\Query\\Processors\\Processor->processInsertGetId(Object(Illuminate\\Database\\Query\\Builder), 'insert into `or...', Array, 'id')
#7 D:\\ThucTap\\Lumen\\DuAnThucTap_TP-CDS\\OrderEats\\vendor\\illuminate\\database\\Eloquent\\Builder.php(1657): Illuminate\\Database\\Query\\Builder->insertGetId(Array, 'id')
#8 D:\\ThucTap\\Lumen\\DuAnThucTap_TP-CDS\\OrderEats\\vendor\\illuminate\\database\\Eloquent\\Model.php(1188): Illuminate\\Database\\Eloquent\\Builder->__call('insertGetId', Array)
#9 D:\\ThucTap\\Lumen\\DuAnThucTap_TP-CDS\\OrderEats\\vendor\\illuminate\\database\\Eloquent\\Model.php(1153): Illuminate\\Database\\Eloquent\\Model->insertAndSetId(Object(Illuminate\\Database\\Eloquent\\Builder), Array)
#10 D:\\ThucTap\\Lumen\\DuAnThucTap_TP-CDS\\OrderEats\\vendor\\illuminate\\database\\Eloquent\\Model.php(994): Illuminate\\Database\\Eloquent\\Model->performInsert(Object(Illuminate\\Database\\Eloquent\\Builder))
#11 D:\\ThucTap\\Lumen\\DuAnThucTap_TP-CDS\\OrderEats\\app\\Http\\Controllers\\OrdersController.php(131): Illuminate\\Database\\Eloquent\\Model->save()
#12 D:\\ThucTap\\Lumen\\DuAnThucTap_TP-CDS\\OrderEats\\vendor\\illuminate\\container\\BoundMethod.php(36): App\\Http\\Controllers\\OrdersController->create(Object(Laravel\\Lumen\\Http\\Request))
#13 D:\\ThucTap\\Lumen\\DuAnThucTap_TP-CDS\\OrderEats\\vendor\\illuminate\\container\\Util.php(40): Illuminate\\Container\\BoundMethod::Illuminate\\Container\\{closure}()
#14 D:\\ThucTap\\Lumen\\DuAnThucTap_TP-CDS\\OrderEats\\vendor\\illuminate\\container\\BoundMethod.php(93): Illuminate\\Container\\Util::unwrapIfClosure(Object(Closure))
#15 D:\\ThucTap\\Lumen\\DuAnThucTap_TP-CDS\\OrderEats\\vendor\\illuminate\\container\\BoundMethod.php(37): Illuminate\\Container\\BoundMethod::callBoundMethod(Object(Laravel\\Lumen\\Application), Array, Object(Closure))
#16 D:\\ThucTap\\Lumen\\DuAnThucTap_TP-CDS\\OrderEats\\vendor\\illuminate\\container\\Container.php(653): Illuminate\\Container\\BoundMethod::call(Object(Laravel\\Lumen\\Application), Array, Array, NULL)
#17 D:\\ThucTap\\Lumen\\DuAnThucTap_TP-CDS\\OrderEats\\vendor\\laravel\\lumen-framework\\src\\Concerns\\RoutesRequests.php(389): Illuminate\\Container\\Container->call(Array, Array)
#18 D:\\ThucTap\\Lumen\\DuAnThucTap_TP-CDS\\OrderEats\\vendor\\laravel\\lumen-framework\\src\\Concerns\\RoutesRequests.php(355): Laravel\\Lumen\\Application->callControllerCallable(Array, Array)
#19 D:\\ThucTap\\Lumen\\DuAnThucTap_TP-CDS\\OrderEats\\vendor\\laravel\\lumen-framework\\src\\Concerns\\RoutesRequests.php(329): Laravel\\Lumen\\Application->callLumenController(Object(App\\Http\\Controllers\\OrdersController), 'create', Array)
#20 D:\\ThucTap\\Lumen\\DuAnThucTap_TP-CDS\\OrderEats\\vendor\\laravel\\lumen-framework\\src\\Concerns\\RoutesRequests.php(282): Laravel\\Lumen\\Application->callControllerAction(Array)
#21 D:\\ThucTap\\Lumen\\DuAnThucTap_TP-CDS\\OrderEats\\vendor\\laravel\\lumen-framework\\src\\Concerns\\RoutesRequests.php(267): Laravel\\Lumen\\Application->callActionOnArrayBasedRoute(Array)
#22 D:\\ThucTap\\Lumen\\DuAnThucTap_TP-CDS\\OrderEats\\vendor\\laravel\\lumen-framework\\src\\Concerns\\RoutesRequests.php(169): Laravel\\Lumen\\Application->handleFoundRoute(Array)
#23 D:\\ThucTap\\Lumen\\DuAnThucTap_TP-CDS\\OrderEats\\vendor\\laravel\\lumen-framework\\src\\Routing\\Pipeline.php(48): Laravel\\Lumen\\Application->Laravel\\Lumen\\Concerns\\{closure}(Object(Laravel\\Lumen\\Http\\Request))
#24 D:\\ThucTap\\Lumen\\DuAnThucTap_TP-CDS\\OrderEats\\app\\Http\\Middleware\\ExampleMiddleware.php(18): Laravel\\Lumen\\Routing\\Pipeline->Laravel\\Lumen\\Routing\\{closure}(Object(Laravel\\Lumen\\Http\\Request))
#25 D:\\ThucTap\\Lumen\\DuAnThucTap_TP-CDS\\OrderEats\\vendor\\illuminate\\pipeline\\Pipeline.php(167): App\\Http\\Middleware\\ExampleMiddleware->handle(Object(Laravel\\Lumen\\Http\\Request), Object(Closure))
#26 D:\\ThucTap\\Lumen\\DuAnThucTap_TP-CDS\\OrderEats\\vendor\\laravel\\lumen-framework\\src\\Routing\\Pipeline.php(30): Illuminate\\Pipeline\\Pipeline->Illuminate\\Pipeline\\{closure}(Object(Laravel\\Lumen\\Http\\Request))
#27 D:\\ThucTap\\Lumen\\DuAnThucTap_TP-CDS\\OrderEats\\vendor\\illuminate\\pipeline\\Pipeline.php(103): Laravel\\Lumen\\Routing\\Pipeline->Laravel\\Lumen\\Routing\\{closure}(Object(Laravel\\Lumen\\Http\\Request))
#28 D:\\ThucTap\\Lumen\\DuAnThucTap_TP-CDS\\OrderEats\\vendor\\laravel\\lumen-framework\\src\\Concerns\\RoutesRequests.php(426): Illuminate\\Pipeline\\Pipeline->then(Object(Closure))
#29 D:\\ThucTap\\Lumen\\DuAnThucTap_TP-CDS\\OrderEats\\vendor\\laravel\\lumen-framework\\src\\Concerns\\RoutesRequests.php(175): Laravel\\Lumen\\Application->sendThroughPipeline(Array, Object(Closure))
#30 D:\\ThucTap\\Lumen\\DuAnThucTap_TP-CDS\\OrderEats\\vendor\\laravel\\lumen-framework\\src\\Concerns\\RoutesRequests.php(112): Laravel\\Lumen\\Application->dispatch(NULL)
#31 D:\\ThucTap\\Lumen\\DuAnThucTap_TP-CDS\\OrderEats\\public\\index.php(28): Laravel\\Lumen\\Application->run()
#32 {main}
"} 
